2025-06-07 18:19:57,419 [WARN] IP:2250 - AutoBaudRateEnableParam not found: check if there is a RefParameter without a condition.
2025-06-07 18:19:57,499 [INFO] NvicIntPanel:101 - NVIC parent = com.st.microxplorer.plugins.ip.nvic.MultiNvicIntPanel[,0,0,0x0,invalid,layout=javax.swing.BoxLayout,alignmentX=0.0,alignmentY=0.0,border=,flags=9,maximumSize=,minimumSize=,preferredSize=]
2025-06-07 18:20:00,337 [WARN] IP:2250 - AutoBaudRateEnableParam not found: check if there is a RefParameter without a condition.
2025-06-07 18:22:16,860 [WARN] IP:2250 - AutoBaudRateEnableParam not found: check if there is a RefParameter without a condition.
2025-06-07 18:22:26,803 [WARN] IP:2250 - AutoBaudRateEnableParam not found: check if there is a RefParameter without a condition.
2025-06-07 18:22:26,805 [WARN] IP:2250 - AutoBaudRateEnableParam not found: check if there is a RefParameter without a condition.
2025-06-07 18:22:26,991 [INFO] NvicIntPanel:101 - NVIC parent = com.st.microxplorer.plugins.ip.nvic.MultiNvicIntPanel[,0,0,0x0,invalid,layout=javax.swing.BoxLayout,alignmentX=0.0,alignmentY=0.0,border=,flags=9,maximumSize=,minimumSize=,preferredSize=]
2025-06-07 18:22:27,082 [WARN] IP:2250 - AutoBaudRateEnableParam not found: check if there is a RefParameter without a condition.
2025-06-07 18:22:27,133 [WARN] IP:2250 - AutoBaudRateEnableParam not found: check if there is a RefParameter without a condition.
2025-06-07 18:22:27,165 [WARN] IP:2250 - AutoBaudRateEnableParam not found: check if there is a RefParameter without a condition.
2025-06-07 18:22:27,168 [WARN] IP:2250 - AutoBaudRateEnableParam not found: check if there is a RefParameter without a condition.
2025-06-07 18:22:32,707 [WARN] IP:2250 - AutoBaudRateEnableParam not found: check if there is a RefParameter without a condition.
2025-06-07 18:22:32,711 [WARN] IP:2250 - AutoBaudRateEnableParam not found: check if there is a RefParameter without a condition.
2025-06-07 18:22:32,748 [INFO] NvicIntPanel:101 - NVIC parent = com.st.microxplorer.plugins.ip.nvic.MultiNvicIntPanel[,0,0,0x0,invalid,layout=javax.swing.BoxLayout,alignmentX=0.0,alignmentY=0.0,border=,flags=9,maximumSize=,minimumSize=,preferredSize=]
2025-06-07 18:22:32,776 [WARN] IP:2250 - AutoBaudRateEnableParam not found: check if there is a RefParameter without a condition.
2025-06-07 18:22:32,793 [WARN] IP:2250 - AutoBaudRateEnableParam not found: check if there is a RefParameter without a condition.
2025-06-07 18:22:32,807 [WARN] IP:2250 - AutoBaudRateEnableParam not found: check if there is a RefParameter without a condition.
2025-06-07 18:22:32,808 [WARN] IP:2250 - AutoBaudRateEnableParam not found: check if there is a RefParameter without a condition.
2025-06-07 18:24:24,174 [INFO] NvicIntPanel:101 - NVIC parent = com.st.microxplorer.plugins.ip.nvic.MultiNvicIntPanel[,0,0,0x0,invalid,layout=javax.swing.BoxLayout,alignmentX=0.0,alignmentY=0.0,border=,flags=9,maximumSize=,minimumSize=,preferredSize=]
2025-06-07 18:24:24,217 [WARN] IP:2250 - AutoBaudRateEnableParam not found: check if there is a RefParameter without a condition.
2025-06-07 18:24:24,217 [WARN] IP:2250 - AutoBaudRateEnableParam not found: check if there is a RefParameter without a condition.
2025-06-07 18:24:30,641 [INFO] UtilMem:75 - End SaveConfig() Used Memory: 493287872 Bytes (919601152)
2025-06-07 18:24:33,271 [INFO] UtilMem:75 - End SaveConfig() Used Memory: 512162240 Bytes (919601152)
2025-06-07 18:25:05,002 [INFO] UtilMem:75 - End SaveConfig() Used Memory: 744423872 Bytes (919601152)
2025-06-07 18:25:06,356 [INFO] BlockDiagram:2775 - set Specific Code input for plugin: NVIC
2025-06-07 18:25:06,360 [INFO] BlockDiagram:2775 - set Specific Code input for plugin: SYS
2025-06-07 18:25:06,361 [INFO] BlockDiagram:2775 - set Specific Code input for plugin: GPIO
2025-06-07 18:25:06,361 [INFO] BlockDiagram:2775 - set Specific Code input for plugin: USART
2025-06-07 18:25:06,361 [INFO] BlockDiagram:2775 - set Specific Code input for plugin: RCC
2025-06-07 18:25:06,361 [INFO] BlockDiagram:2775 - set Specific Code input for plugin: LPUART
2025-06-07 18:25:06,363 [INFO] CodeGenerator:882 - code generatio: config db path: /Applications/STM32CubeIDE.app/Contents/Eclipse/plugins/com.st.stm32cube.common.mx_6.14.1.202504091515//db/
2025-06-07 18:25:06,428 [WARN] IP:2250 - AutoBaudRateEnableParam not found: check if there is a RefParameter without a condition.
2025-06-07 18:25:06,513 [INFO] CodeEngine:263 - oldGeneratedFile, /Users/himadri_joy/Desktop/master thesis/VLC Thesis /STM32/inverse_UART_test_01/MXTmpFiles/license.tmp_save
2025-06-07 18:25:06,849 [INFO] CodeEngine:287 - Generated code: /Users/himadri_joy/Desktop/master thesis/VLC Thesis /STM32/inverse_UART_test_01/MXTmpFiles/license.tmp
2025-06-07 18:25:06,953 [INFO] CodeEngine:263 - oldGeneratedFile, /Users/himadri_joy/Desktop/master thesis/VLC Thesis /STM32/inverse_UART_test_01/MXTmpFiles/gpio.tmp_save
2025-06-07 18:25:07,136 [INFO] CodeEngine:287 - Generated code: /Users/himadri_joy/Desktop/master thesis/VLC Thesis /STM32/inverse_UART_test_01/MXTmpFiles/gpio.tmp
2025-06-07 18:25:07,332 [INFO] CodeEngine:263 - oldGeneratedFile, /Users/himadri_joy/Desktop/master thesis/VLC Thesis /STM32/inverse_UART_test_01/Core/Src/stm32l0xx_it.c_save
2025-06-07 18:25:07,570 [INFO] CodeEngine:287 - Generated code: /Users/himadri_joy/Desktop/master thesis/VLC Thesis /STM32/inverse_UART_test_01/Core/Src/stm32l0xx_it.c
2025-06-07 18:25:07,575 [INFO] CodeEngine:263 - oldGeneratedFile, /Users/himadri_joy/Desktop/master thesis/VLC Thesis /STM32/inverse_UART_test_01/Core/Inc/stm32l0xx_it.h_save
2025-06-07 18:25:07,646 [INFO] CodeEngine:287 - Generated code: /Users/himadri_joy/Desktop/master thesis/VLC Thesis /STM32/inverse_UART_test_01/Core/Inc/stm32l0xx_it.h
2025-06-07 18:25:07,654 [INFO] CodeEngine:263 - oldGeneratedFile, /Users/himadri_joy/Desktop/master thesis/VLC Thesis /STM32/inverse_UART_test_01/Core/Src/stm32l0xx_hal_msp.c_save
2025-06-07 18:25:07,818 [INFO] CodeEngine:287 - Generated code: /Users/himadri_joy/Desktop/master thesis/VLC Thesis /STM32/inverse_UART_test_01/Core/Src/stm32l0xx_hal_msp.c
2025-06-07 18:25:07,820 [INFO] CodeEngine:263 - oldGeneratedFile, /Users/himadri_joy/Desktop/master thesis/VLC Thesis /STM32/inverse_UART_test_01/MXTmpFiles/system.tmp_save
2025-06-07 18:25:07,892 [INFO] CodeEngine:287 - Generated code: /Users/himadri_joy/Desktop/master thesis/VLC Thesis /STM32/inverse_UART_test_01/MXTmpFiles/system.tmp
2025-06-07 18:25:07,898 [INFO] CodeEngine:319 - oldGeneratedFile, /Users/himadri_joy/Desktop/master thesis/VLC Thesis /STM32/inverse_UART_test_01/Core/Inc/stm32l0xx_hal_conf.h_save
2025-06-07 18:25:07,969 [INFO] CodeEngine:343 - Generated code: /Users/himadri_joy/Desktop/master thesis/VLC Thesis /STM32/inverse_UART_test_01/Core/Inc/stm32l0xx_hal_conf.h
2025-06-07 18:25:08,039 [INFO] CodeEngine:263 - oldGeneratedFile, /Users/himadri_joy/Desktop/master thesis/VLC Thesis /STM32/inverse_UART_test_01/Core/Inc/main.h_save
2025-06-07 18:25:08,147 [INFO] CodeEngine:287 - Generated code: /Users/himadri_joy/Desktop/master thesis/VLC Thesis /STM32/inverse_UART_test_01/Core/Inc/main.h
2025-06-07 18:25:08,151 [INFO] CodeEngine:263 - oldGeneratedFile, /Users/himadri_joy/Desktop/master thesis/VLC Thesis /STM32/inverse_UART_test_01/Core/Src/main.c_save
2025-06-07 18:25:08,288 [INFO] CodeEngine:287 - Generated code: /Users/himadri_joy/Desktop/master thesis/VLC Thesis /STM32/inverse_UART_test_01/Core/Src/main.c
2025-06-07 18:25:08,486 [INFO] ProjectBuilder:3324 - Time for Copy HAL[1] : 70mS.
2025-06-07 18:25:08,492 [INFO] ProjectBuilder:4912 - Project Generator version: 4.6.0.1-B1
2025-06-07 18:25:08,575 [INFO] ConfigFileManager:1590 - The Die is : DIE457
2025-06-07 18:25:10,789 [INFO] ProjectBuilder:5191 - Time for Generating toolchain IDE Files: 2296mS.
2025-06-07 18:25:10,790 [INFO] ProjectBuilder:3181 - Time for Copy CMSIS : 0mS.
2025-06-07 18:25:10,792 [INFO] ProjectBuilder:3181 - Time for Copy CMSIS : 0mS.
2025-06-07 18:46:56,276 [INFO] WebApp:194 - Connection lost
2025-06-07 18:47:25,620 [INFO] WebApp:191 - Connection restablished
2025-06-07 18:47:26,310 [INFO] WebApp:194 - Connection lost
2025-06-07 18:47:26,597 [INFO] WebApp:191 - Connection restablished
2025-06-07 18:49:34,338 [INFO] WebApp:194 - Connection lost
2025-06-07 18:49:34,812 [INFO] WebApp:191 - Connection restablished
2025-06-07 18:58:15,581 [INFO] MainUpdater:2872 - connection check result : 10
2025-06-07 18:58:15,584 [INFO] MainUpdater:2872 - connection check result : 10
2025-06-07 18:58:15,983 [INFO] MicroXplorer:468 - Change Database Path : 
2025-06-07 18:58:15,983 [INFO] MicroXplorer:498 - Change Database Version : DB.6.0.141
2025-06-07 18:58:16,077 [ERROR] ProjectManagerView:395 - 
java.lang.NullPointerException: Cannot invoke "javax.swing.JTextField.getText()" because the return value of "java.util.List.get(int)" is null
	at com.st.microxplorer.plugins.projectmanager.gui.ProjectChoiceTab$9.caretUpdate(ProjectChoiceTab.java:2678) ~[filemanager.jar:?]
	at javax.swing.text.JTextComponent.fireCaretUpdate(JTextComponent.java:408) ~[?:?]
	at javax.swing.text.JTextComponent$MutableCaretEvent.fire(JTextComponent.java:4484) ~[?:?]
	at javax.swing.text.JTextComponent$MutableCaretEvent.stateChanged(JTextComponent.java:4506) ~[?:?]
	at javax.swing.text.DefaultCaret.fireStateChanged(DefaultCaret.java:857) ~[?:?]
	at javax.swing.text.DefaultCaret.changeCaretPosition(DefaultCaret.java:1343) ~[?:?]
	at javax.swing.text.DefaultCaret.handleSetDot(DefaultCaret.java:1242) ~[?:?]
	at javax.swing.text.DefaultCaret.setDot(DefaultCaret.java:1223) ~[?:?]
	at javax.swing.text.DefaultCaret$Handler.insertUpdate(DefaultCaret.java:1819) ~[?:?]
	at javax.swing.text.AbstractDocument.fireInsertUpdate(AbstractDocument.java:227) ~[?:?]
	at javax.swing.text.AbstractDocument.handleInsertString(AbstractDocument.java:781) ~[?:?]
	at javax.swing.text.AbstractDocument.insertString(AbstractDocument.java:740) ~[?:?]
	at javax.swing.text.PlainDocument.insertString(PlainDocument.java:131) ~[?:?]
	at javax.swing.text.AbstractDocument.replace(AbstractDocument.java:699) ~[?:?]
	at javax.swing.text.JTextComponent.setText(JTextComponent.java:1725) ~[?:?]
	at com.st.microxplorer.plugins.projectmanager.gui.ProjectChoiceTab.createHeapStackFields(ProjectChoiceTab.java:979) ~[filemanager.jar:?]
	at com.st.microxplorer.plugins.projectmanager.gui.ProjectChoiceTab.buildLinkSettingsPanel(ProjectChoiceTab.java:3766) ~[filemanager.jar:?]
	at com.st.microxplorer.plugins.projectmanager.gui.ProjectChoiceTab.defineWindowsFields(ProjectChoiceTab.java:1962) ~[filemanager.jar:?]
	at com.st.microxplorer.plugins.projectmanager.gui.ProjectChoiceTab.updateSettings(ProjectChoiceTab.java:555) ~[filemanager.jar:?]
	at com.st.microxplorer.plugins.projectmanager.gui.ProjectSettingsPanel.UpdateDialog(ProjectSettingsPanel.java:245) ~[filemanager.jar:?]
	at com.st.microxplorer.plugins.projectmanager.ProjectManagerView.propertyChange(ProjectManagerView.java:392) ~[filemanager.jar:?]
	at java.beans.PropertyChangeSupport.fire(PropertyChangeSupport.java:343) ~[?:?]
	at java.beans.PropertyChangeSupport.firePropertyChange(PropertyChangeSupport.java:335) ~[?:?]
	at java.beans.PropertyChangeSupport.firePropertyChange(PropertyChangeSupport.java:268) ~[?:?]
	at com.st.microxplorer.util.MXPropertyChangeSupport.firePropertyChange(MXPropertyChangeSupport.java:54) ~[STM32CubeMX.jar:?]
	at com.st.microxplorer.mxsystem.MxSystem.closeConfig(MxSystem.java:899) ~[STM32CubeMX.jar:?]
	at com.st.microxplorer.maingui.MainPanel.closeConfig(MainPanel.java:789) ~[STM32CubeMX.jar:?]
	at com.st.microxplorer.plugins.filemanager.engine.OpenFileManager.loadConfigurationFile(OpenFileManager.java:287) ~[filemanager.jar:?]
	at com.st.microxplorer.plugins.filemanager.engine.MainFileManager.userLoadConfig(MainFileManager.java:341) ~[filemanager.jar:?]
	at com.st.microxplorer.plugins.filemanager.engine.MainFileManager.userLoadConfig(MainFileManager.java:319) ~[filemanager.jar:?]
	at com.st.microxplorer.plugins.filemanager.FileManagerView.getSpecificTask(FileManagerView.java:246) ~[filemanager.jar:?]
	at com.st.stm32cube.common.mx.editor.CubeMxEditor.getMxTabbedPaneInstance(CubeMxEditor.java:1198) ~[com.st.stm32cube.common.mx_6.14.1.202504091515/:?]
	at com.st.stm32cube.common.mx.editor.CubeMxEditor$12$1.createSwingComponent(CubeMxEditor.java:1068) ~[com.st.stm32cube.common.mx_6.14.1.202504091515/:?]
	at com.st.stm32cube.common.mx.oss.core.awtswtbridge.EmbeddedSwingComposite.doComponentCreation(EmbeddedSwingComposite.java:492) ~[com.st.stm32cube.common.mx.oss_6.14.1.202504091515/:?]
	at com.st.stm32cube.common.mx.oss.core.awtswtbridge.EmbeddedSwingComposite$4.run(EmbeddedSwingComposite.java:291) ~[com.st.stm32cube.common.mx.oss_6.14.1.202504091515/:?]
	at com.st.stm32cube.common.mx.oss.core.awtswtbridge.AwtEnvironment$2.run(AwtEnvironment.java:166) ~[com.st.stm32cube.common.mx.oss_6.14.1.202504091515/:?]
	at java.awt.event.InvocationEvent.dispatch(InvocationEvent.java:318) ~[?:?]
	at java.awt.EventQueue.dispatchEventImpl(EventQueue.java:773) ~[?:?]
	at java.awt.EventQueue$4.run(EventQueue.java:720) ~[?:?]
	at java.awt.EventQueue$4.run(EventQueue.java:714) ~[?:?]
	at java.security.AccessController.doPrivileged(AccessController.java:400) ~[?:?]
	at java.security.ProtectionDomain$JavaSecurityAccessImpl.doIntersectionPrivilege(ProtectionDomain.java:87) ~[?:?]
	at java.awt.EventQueue.dispatchEvent(EventQueue.java:742) ~[?:?]
	at java.awt.EventDispatchThread.pumpOneEventForFilters(EventDispatchThread.java:203) ~[?:?]
	at java.awt.EventDispatchThread.pumpEventsForFilter(EventDispatchThread.java:124) ~[?:?]
	at java.awt.EventDispatchThread.pumpEventsForHierarchy(EventDispatchThread.java:113) ~[?:?]
	at java.awt.EventDispatchThread.pumpEvents(EventDispatchThread.java:109) ~[?:?]
	at java.awt.EventDispatchThread.pumpEvents(EventDispatchThread.java:101) ~[?:?]
	at java.awt.EventDispatchThread.run(EventDispatchThread.java:90) ~[?:?]
2025-06-07 18:58:16,082 [WARN] ThirdParty:871 - waiting for thirdparty lock release [close project]
2025-06-07 18:58:16,082 [INFO] ThirdParty:873 - entering critical section [close project]
2025-06-07 18:58:16,083 [INFO] ThirdParty:883 - exiting critical section [close project]
2025-06-07 18:58:16,090 [INFO] PinOutPanel:1589 - setPackage(No Configuration,No Configuration)
2025-06-07 18:58:16,107 [INFO] UtilMem:75 - Begin LoadConfig() Used Memory: 836971984 Bytes (919601152)
2025-06-07 18:58:16,109 [INFO] MicroXplorer:468 - Change Database Path : 
2025-06-07 18:58:16,109 [INFO] MicroXplorer:498 - Change Database Version : DB.6.0.141
2025-06-07 18:58:16,109 [INFO] OpenFileManager:354 - Change cursor
2025-06-07 18:58:16,182 [INFO] RulesReader:64 - Compatibility file has been processed (302 Rules)
2025-06-07 18:58:16,195 [INFO] Mcu:2011 - Initializing MCU STM32L011K(3-4)Tx STM32L011K4Tx STM32L011K4T6
2025-06-07 18:58:16,771 [INFO] Context:756 - Trying to add GPIOservice into a context  which must be forbidden
2025-06-07 18:58:16,979 [INFO] ImportTextPane:218 - (OptionalMessage_ERROR) Pin10 (VP_RIF_VS_RIF1) cannot be retrieved for this MCU
2025-06-07 18:58:17,160 [INFO] RtosManager:558 - Registered RTOS mode: class=CMSIS, group=RTOS, mode=CMSIS_V1, owner=FREERTOS
2025-06-07 18:58:17,161 [INFO] RtosManager:558 - Registered RTOS mode: class=CMSIS, group=RTOS2, mode=CMSIS_V2, owner=FREERTOS
2025-06-07 18:58:17,161 [INFO] RtosManager:558 - Registered RTOS mode: class=RTOS, group=Core, mode=CMSIS_V1, owner=FREERTOS
2025-06-07 18:58:17,161 [INFO] RtosManager:558 - Registered RTOS mode: class=RTOS, group=Core, mode=CMSIS_V2, owner=FREERTOS
2025-06-07 18:58:17,161 [WARN] ModelIntegratedComponent:184 - Missing modes for component STMicroelectronics:FreeRTOS:0.0.1:STMicroelectronics:RTOS:FreeRTOS:Core:::10.2.0:
2025-06-07 18:58:17,182 [WARN] ModelIntegratedComponent:63 - No mode defined for component null
2025-06-07 18:58:17,182 [WARN] ModelIntegratedComponent:63 - No mode defined for component null
2025-06-07 18:58:17,182 [WARN] ModelIntegratedComponent:63 - No mode defined for component null
2025-06-07 18:58:17,182 [WARN] ModelIntegratedComponent:63 - No mode defined for component null
2025-06-07 18:58:17,182 [WARN] ModelIntegratedComponent:63 - No mode defined for component null
2025-06-07 18:58:17,182 [WARN] ModelIntegratedComponent:63 - No mode defined for component null
2025-06-07 18:58:17,182 [WARN] ModelIntegratedComponent:63 - No mode defined for component null
2025-06-07 18:58:17,182 [WARN] ModelIntegratedComponent:63 - No mode defined for component null
2025-06-07 18:58:17,182 [WARN] ModelIntegratedComponent:63 - No mode defined for component null
2025-06-07 18:58:17,182 [WARN] ModelIntegratedComponent:63 - No mode defined for component null
2025-06-07 18:58:17,182 [WARN] ModelIntegratedComponent:63 - No mode defined for component null
2025-06-07 18:58:17,182 [WARN] ModelIntegratedComponent:63 - No mode defined for component null
2025-06-07 18:58:17,182 [WARN] ModelIntegratedComponent:63 - No mode defined for component null
2025-06-07 18:58:17,182 [WARN] ModelIntegratedComponent:63 - No mode defined for component null
2025-06-07 18:58:17,183 [WARN] ModelIntegratedComponent:63 - No mode defined for component null
2025-06-07 18:58:17,183 [WARN] ModelIntegratedComponent:63 - No mode defined for component null
2025-06-07 18:58:17,183 [WARN] ModelIntegratedComponent:63 - No mode defined for component null
2025-06-07 18:58:17,183 [WARN] ModelIntegratedComponent:63 - No mode defined for component null
2025-06-07 18:58:17,183 [WARN] ModelIntegratedComponent:63 - No mode defined for component null
2025-06-07 18:58:17,183 [WARN] ModelIntegratedComponent:63 - No mode defined for component null
2025-06-07 18:58:17,183 [WARN] ModelIntegratedComponent:63 - No mode defined for component null
2025-06-07 18:58:17,183 [WARN] ModelIntegratedComponent:63 - No mode defined for component null
2025-06-07 18:58:17,183 [WARN] ModelIntegratedComponent:63 - No mode defined for component null
2025-06-07 18:58:17,183 [WARN] ModelIntegratedComponent:63 - No mode defined for component null
2025-06-07 18:58:17,183 [WARN] ModelIntegratedComponent:63 - No mode defined for component null
2025-06-07 18:58:17,183 [WARN] ModelIntegratedComponent:63 - No mode defined for component null
2025-06-07 18:58:17,183 [WARN] ModelIntegratedComponent:63 - No mode defined for component null
2025-06-07 18:58:17,183 [WARN] ModelIntegratedComponent:63 - No mode defined for component null
2025-06-07 18:58:17,183 [WARN] ModelIntegratedComponent:63 - No mode defined for component null
2025-06-07 18:58:17,183 [WARN] ModelIntegratedComponent:63 - No mode defined for component null
2025-06-07 18:58:17,183 [WARN] ModelIntegratedComponent:63 - No mode defined for component null
2025-06-07 18:58:17,183 [WARN] ModelIntegratedComponent:63 - No mode defined for component null
2025-06-07 18:58:17,183 [WARN] ModelIntegratedComponent:63 - No mode defined for component null
2025-06-07 18:58:17,183 [WARN] ModelIntegratedComponent:63 - No mode defined for component null
2025-06-07 18:58:17,183 [WARN] ModelIntegratedComponent:63 - No mode defined for component null
2025-06-07 18:58:17,184 [WARN] ModelPack:524 - Component already loaded: STMicroelectronics:HAL Drivers:0.0.0:STMicroelectronics:Device:STMicro_Driver:XSPI:HAL::0.0.1:HAL_XSPI
2025-06-07 18:58:17,283 [INFO] ThirdPartyModel:298 - Start build external matchings
2025-06-07 18:58:18,070 [INFO] ThirdPartyModel:316 - End build external matchings
2025-06-07 18:58:18,195 [INFO] ImportTextPane:218 - (OptionalMessage_ERROR) IP (RCC) : Invalid parameter (FamilyName)
2025-06-07 18:58:18,205 [INFO] ImportTextPane:218 - (OptionalMessage_ERROR) IP (RCC) : Invalid parameter (PWRFreq_Value)
2025-06-07 18:58:18,206 [INFO] ImportTextPane:218 - (OptionalMessage_ERROR) IP (RCC) : Parameter (RTCHSEDivFreq_Value) has invalid value (4000000)
2025-06-07 18:58:18,210 [INFO] ImportTextPane:218 - (OptionalMessage_ERROR) IP (RCC) : Invalid parameter (TIMFreq_Value)
2025-06-07 18:58:18,216 [WARN] IP:2250 - AutoBaudRateEnableParam not found: check if there is a RefParameter without a condition.
2025-06-07 18:58:18,384 [INFO] UtilMem:75 - End LoadConfig() Used Memory: 676681632 Bytes (919601152)
2025-06-07 18:58:18,603 [WARN] ThirdParty:833 - waiting for thirdparty lock release [change project]
2025-06-07 18:58:18,609 [INFO] ThirdParty:835 - entering critical section [change project]
2025-06-07 18:58:18,609 [INFO] ThirdParty:1030 - CMSIS Pack Vendor :STMicroelectronics USBPD 4.1
2025-06-07 18:58:18,609 [INFO] ThirdParty:1030 - CMSIS Pack Vendor :STMicroelectronics X-CUBE-AZRTOS-H7 3.3.0
2025-06-07 18:58:18,609 [INFO] ThirdParty:1030 - CMSIS Pack Vendor :STMicroelectronics X-CUBE-NFC9 1.0.0
2025-06-07 18:58:18,609 [INFO] ThirdParty:1030 - CMSIS Pack Vendor :STMicroelectronics USB_HOST 2.0.0
2025-06-07 18:58:18,609 [INFO] ThirdParty:1030 - CMSIS Pack Vendor :STMicroelectronics FP-SNS-MOTENVWB1 1.4.0
2025-06-07 18:58:18,609 [INFO] ThirdParty:1030 - CMSIS Pack Vendor :STMicroelectronics X-CUBE-AZRTOS-F4 1.1.0
2025-06-07 18:58:18,609 [INFO] ThirdParty:1030 - CMSIS Pack Vendor :STMicroelectronics LIBJPEG 8.0.0
2025-06-07 18:58:18,609 [INFO] ThirdParty:1030 - CMSIS Pack Vendor :STMicroelectronics FP-ATR-ASTRA1 2.0.2
2025-06-07 18:58:18,609 [INFO] ThirdParty:1030 - CMSIS Pack Vendor :STMicroelectronics FP-ATR-ASTRA1 2.0.1
2025-06-07 18:58:18,609 [INFO] ThirdParty:1030 - CMSIS Pack Vendor :STMicroelectronics X-CUBE-BLE1 7.1.0
2025-06-07 18:58:18,609 [INFO] ThirdParty:1030 - CMSIS Pack Vendor :Avnet-IotConnect X-CUBE-IoTC-DA16k-PMOD 1.0.0
2025-06-07 18:58:18,609 [INFO] ThirdParty:1030 - CMSIS Pack Vendor :STMicroelectronics X-CUBE-SMBUS 2.1.0
2025-06-07 18:58:18,609 [INFO] ThirdParty:1030 - CMSIS Pack Vendor :STMicroelectronics X-CUBE-WB05N 1.1.0
2025-06-07 18:58:18,609 [INFO] ThirdParty:1030 - CMSIS Pack Vendor :STMicroelectronics USB_DEVICE 3.0.0
2025-06-07 18:58:18,609 [INFO] ThirdParty:1030 - CMSIS Pack Vendor :STMicroelectronics X-CUBE-ISPU 2.1.0
2025-06-07 18:58:18,609 [INFO] ThirdParty:1030 - CMSIS Pack Vendor :STMicroelectronics X-CUBE-AZRTOS-WB 2.0.0
2025-06-07 18:58:18,609 [INFO] ThirdParty:1030 - CMSIS Pack Vendor :STMicroelectronics X-CUBE-ST60 1.0.0
2025-06-07 18:58:18,609 [INFO] ThirdParty:1030 - CMSIS Pack Vendor :STMicroelectronics X-CUBE-GNSS1 7.0.1
2025-06-07 18:58:18,609 [INFO] ThirdParty:1030 - CMSIS Pack Vendor :STMicroelectronics X-CUBE-AZRTOS-F7 1.1.0
2025-06-07 18:58:18,609 [INFO] ThirdParty:1030 - CMSIS Pack Vendor :STMicroelectronics X-CUBE-AZRTOS-L5 2.0.0
2025-06-07 18:58:18,609 [INFO] ThirdParty:1030 - CMSIS Pack Vendor :STMicroelectronics X-CUBE-TOUCHGFX 4.25.0
2025-06-07 18:58:18,609 [INFO] ThirdParty:1030 - CMSIS Pack Vendor :STMicroelectronics USB_DEVICE 2.0.0
2025-06-07 18:58:18,609 [INFO] ThirdParty:1030 - CMSIS Pack Vendor :STMicroelectronics X-CUBE-NFC6 3.1.0
2025-06-07 18:58:18,609 [INFO] ThirdParty:1030 - CMSIS Pack Vendor :STMicroelectronics X-CUBE-AI 10.1.0
2025-06-07 18:58:18,609 [INFO] ThirdParty:1030 - CMSIS Pack Vendor :STMicroelectronics FP-SNS-STBOX1 2.0.0
2025-06-07 18:58:18,609 [INFO] ThirdParty:1030 - CMSIS Pack Vendor :STMicroelectronics X-CUBE-MEMS1 11.2.0
2025-06-07 18:58:18,609 [INFO] ThirdParty:1030 - CMSIS Pack Vendor :STMicroelectronics FreeRTOS 0.0.1
2025-06-07 18:58:18,609 [INFO] ThirdParty:1030 - CMSIS Pack Vendor :STMicroelectronics X-CUBE-AZRTOS-G0 1.1.0
2025-06-07 18:58:18,609 [INFO] ThirdParty:1030 - CMSIS Pack Vendor :STMicroelectronics X-CUBE-SAFEA1 1.2.2
2025-06-07 18:58:18,609 [INFO] ThirdParty:1030 - CMSIS Pack Vendor :STMicroelectronics X-CUBE-NFC4 3.0.0
2025-06-07 18:58:18,609 [INFO] ThirdParty:1030 - CMSIS Pack Vendor :STMicroelectronics X-CUBE-DPower 1.2.0
2025-06-07 18:58:18,609 [INFO] ThirdParty:1030 - CMSIS Pack Vendor :STMicroelectronics X-CUBE-SUBG2 5.0.0
2025-06-07 18:58:18,609 [INFO] ThirdParty:1030 - CMSIS Pack Vendor :STMicroelectronics X-CUBE-AZRTOS-H7RS 1.1.0
2025-06-07 18:58:18,609 [INFO] ThirdParty:1030 - CMSIS Pack Vendor :STMicroelectronics STM32_WPAN 1.0.0
2025-06-07 18:58:18,609 [INFO] ThirdParty:1030 - CMSIS Pack Vendor :EmbeddedOffice I-CUBE-FS-RTOS 1.0.1
2025-06-07 18:58:18,609 [INFO] ThirdParty:1030 - CMSIS Pack Vendor :STMicroelectronics lwIP 2.0.3
2025-06-07 18:58:18,609 [INFO] ThirdParty:1030 - CMSIS Pack Vendor :STMicroelectronics FP-SNS-FLIGHT1 5.0.2
2025-06-07 18:58:18,609 [INFO] ThirdParty:1030 - CMSIS Pack Vendor :Cesanta I-CUBE-Mongoose 7.13.0
2025-06-07 18:58:18,609 [INFO] ThirdParty:1030 - CMSIS Pack Vendor :STMicroelectronics USB_HOST 1.0.0
2025-06-07 18:58:18,609 [INFO] ThirdParty:1030 - CMSIS Pack Vendor :Infineon AIROC-Wi-Fi-Bluetooth-STM32 1.7.0
2025-06-07 18:58:18,609 [INFO] ThirdParty:1030 - CMSIS Pack Vendor :STMicroelectronics X-CUBE-AZRTOS-G4 2.0.0
2025-06-07 18:58:18,610 [INFO] ThirdParty:1030 - CMSIS Pack Vendor :STMicroelectronics X-CUBE-WB05N 2.0.0
2025-06-07 18:58:18,610 [INFO] ThirdParty:1030 - CMSIS Pack Vendor :STMicroelectronics PDM2PCM 3.1.0
2025-06-07 18:58:18,610 [INFO] ThirdParty:1030 - CMSIS Pack Vendor :STMicroelectronics PDM2PCM 3.3.0
2025-06-07 18:58:18,610 [INFO] ThirdParty:1030 - CMSIS Pack Vendor :STMicroelectronics X-CUBE-DISPLAY 3.0.0
2025-06-07 18:58:18,610 [INFO] ThirdParty:1030 - CMSIS Pack Vendor :STMicroelectronics X-CUBE-NFC7 2.0.0
2025-06-07 18:58:18,610 [INFO] ThirdParty:1030 - CMSIS Pack Vendor :STMicroelectronics X-CUBE-TCPP 4.2.0
2025-06-07 18:58:18,610 [INFO] ThirdParty:1030 - CMSIS Pack Vendor :RealThread X-CUBE-RT-Thread_Nano 4.1.1
2025-06-07 18:58:18,610 [INFO] ThirdParty:1030 - CMSIS Pack Vendor :STMicroelectronics X-CUBE-BLE1 7.0.0
2025-06-07 18:58:18,610 [INFO] ThirdParty:1030 - CMSIS Pack Vendor :STMicroelectronics FP-ATR-SIGFOX1 3.2.0
2025-06-07 18:58:18,610 [INFO] ThirdParty:1030 - CMSIS Pack Vendor :STMicroelectronics X-CUBE-NFC10 1.0.0
2025-06-07 18:58:18,610 [INFO] ThirdParty:1030 - CMSIS Pack Vendor :quantropi X-CUBE-qispace-sdk-base 1.9.3
2025-06-07 18:58:18,610 [INFO] ThirdParty:1030 - CMSIS Pack Vendor :STMicroelectronics X-CUBE-BLEMGR 4.0.0
2025-06-07 18:58:18,610 [INFO] ThirdParty:1030 - CMSIS Pack Vendor :STMicroelectronics X-CUBE-EEPRMA1 5.1.0
2025-06-07 18:58:18,611 [INFO] ThirdParty:1030 - CMSIS Pack Vendor :STMicroelectronics X-CUBE-FREERTOS 1.3.1
2025-06-07 18:58:18,611 [INFO] ThirdParty:1030 - CMSIS Pack Vendor :STMicroelectronics HAL Drivers 0.0.0
2025-06-07 18:58:18,611 [INFO] ThirdParty:1030 - CMSIS Pack Vendor :STMicroelectronics MBEDTLS 2.16.2
2025-06-07 18:58:18,611 [INFO] ThirdParty:1030 - CMSIS Pack Vendor :STMicroelectronics X-CUBE-IPS 3.1.0
2025-06-07 18:58:18,611 [INFO] ThirdParty:1030 - CMSIS Pack Vendor :STMicroelectronics X-CUBE-ALS 1.0.2
2025-06-07 18:58:18,611 [INFO] ThirdParty:1030 - CMSIS Pack Vendor :emotas I-CUBE-CANOPEN 1.3.0
2025-06-07 18:58:18,611 [INFO] ThirdParty:1030 - CMSIS Pack Vendor :STMicroelectronics X-CUBE-FREERTOS 1.3.0
2025-06-07 18:58:18,611 [INFO] ThirdParty:1030 - CMSIS Pack Vendor :STMicroelectronics X-CUBE-NFC7 1.0.1
2025-06-07 18:58:18,611 [INFO] ThirdParty:1030 - CMSIS Pack Vendor :STMicroelectronics MBEDTLS 2.14.1
2025-06-07 18:58:18,611 [INFO] ThirdParty:1030 - CMSIS Pack Vendor :wolfSSL I-CUBE-wolfSSL 5.7.6
2025-06-07 18:58:18,611 [INFO] ThirdParty:1030 - CMSIS Pack Vendor :ITTIA_DB I-CUBE-ITTIADB 8.9.0
2025-06-07 18:58:18,611 [INFO] ThirdParty:1030 - CMSIS Pack Vendor :STMicroelectronics X-CUBE-TOUCHGFX 4.24.2
2025-06-07 18:58:18,611 [INFO] ThirdParty:1030 - CMSIS Pack Vendor :wolfSSL I-CUBE-wolfTPM 3.4.0
2025-06-07 18:58:18,611 [INFO] ThirdParty:1030 - CMSIS Pack Vendor :portGmbH I-Cube-SoM-uGOAL 1.1.0
2025-06-07 18:58:18,611 [INFO] ThirdParty:1030 - CMSIS Pack Vendor :STMicroelectronics X-CUBE-AI 10.0.0
2025-06-07 18:58:18,611 [INFO] ThirdParty:1030 - CMSIS Pack Vendor :STMicroelectronics X-CUBE-ST67W61 1.0.0
2025-06-07 18:58:18,611 [INFO] ThirdParty:1030 - CMSIS Pack Vendor :STMicroelectronics ThreadX 1.0.0
2025-06-07 18:58:18,611 [INFO] ThirdParty:1030 - CMSIS Pack Vendor :STMicroelectronics FP-SNS-SMARTAG2 1.2.0
2025-06-07 18:58:18,611 [INFO] ThirdParty:1030 - CMSIS Pack Vendor :STMicroelectronics FP-SNS-FLIGHT1 5.1.0
2025-06-07 18:58:18,611 [INFO] ThirdParty:1030 - CMSIS Pack Vendor :STMicroelectronics X-CUBE-MEMS1 11.1.0
2025-06-07 18:58:18,611 [INFO] ThirdParty:1030 - CMSIS Pack Vendor :STMicroelectronics X-CUBE-AZRTOS-WL 2.0.0
2025-06-07 18:58:18,611 [INFO] ThirdParty:1030 - CMSIS Pack Vendor :SEGGER I-CUBE-embOS 1.3.1
2025-06-07 18:58:18,611 [INFO] ThirdParty:1030 - CMSIS Pack Vendor :STMicroelectronics X-CUBE-ALGOBUILD 1.4.0
2025-06-07 18:58:18,611 [INFO] ThirdParty:1030 - CMSIS Pack Vendor :STMicroelectronics X-CUBE-DPower 1.3.0
2025-06-07 18:58:18,611 [INFO] ThirdParty:1030 - CMSIS Pack Vendor :STMicroelectronics FP-SNS-MOTENV1 5.0.0
2025-06-07 18:58:18,611 [INFO] ThirdParty:1030 - CMSIS Pack Vendor :STMicroelectronics USB_DEVICE 1.0.0
2025-06-07 18:58:18,611 [INFO] ThirdParty:1030 - CMSIS Pack Vendor :STMicroelectronics X-CUBE-AZRTOS-H7RS 1.0.0
2025-06-07 18:58:18,611 [INFO] ThirdParty:1030 - CMSIS Pack Vendor :wolfSSL I-CUBE-wolfMQTT 1.19.0
2025-06-07 18:58:18,611 [INFO] ThirdParty:1030 - CMSIS Pack Vendor :STMicroelectronics X-CUBE-AZRTOS-L4 2.0.0
2025-06-07 18:58:18,612 [INFO] ThirdParty:1030 - CMSIS Pack Vendor :STMicroelectronics ThreadX 0.0.2
2025-06-07 18:58:18,612 [INFO] ThirdParty:1030 - CMSIS Pack Vendor :WES I-CUBE-Cesium 1.3.0
2025-06-07 18:58:18,612 [INFO] ThirdParty:1030 - CMSIS Pack Vendor :STMicroelectronics lwIP 2.1.2
2025-06-07 18:58:18,612 [INFO] ThirdParty:1030 - CMSIS Pack Vendor :STMicroelectronics X-CUBE-SFXS2LP1 4.0.0
2025-06-07 18:58:18,612 [INFO] ThirdParty:1030 - CMSIS Pack Vendor :STMicroelectronics X-CUBE-BLE2 3.3.0
2025-06-07 18:58:18,612 [INFO] ThirdParty:1030 - CMSIS Pack Vendor :STMicroelectronics X-CUBE-TOF1 3.4.2
2025-06-07 18:58:18,612 [INFO] ThirdParty:1030 - CMSIS Pack Vendor :STMicroelectronics X-CUBE-TOF1 3.4.3
2025-06-07 18:58:18,612 [INFO] ThirdParty:1030 - CMSIS Pack Vendor :STMicroelectronics PDM2PCM 3.2.0
2025-06-07 18:58:18,612 [INFO] ThirdParty:1030 - CMSIS Pack Vendor :wolfSSL I-CUBE-wolfSSH 1.4.17
2025-06-07 18:58:18,614 [INFO] ThirdParty:841 - exiting critical section [change project]
2025-06-07 18:58:19,053 [INFO] PinOutPanel:1589 - setPackage(No Configuration,No Configuration)
2025-06-07 18:58:19,068 [INFO] PinOutPanel:1589 - setPackage(STM32L011K4Tx,LQFP32)
2025-06-07 18:58:19,635 [INFO] UtilMem:75 - Before build in PCC Used Memory: 794117440 Bytes (919601152)
2025-06-07 18:58:20,269 [INFO] UtilMem:75 - After build in PCC Used Memory: 360632152 Bytes (919601152)
2025-06-07 18:58:20,287 [INFO] IPUIPlugin:80 - create IPUIPlugin
2025-06-07 18:58:20,289 [INFO] IPUIPlugin:80 - create IPUIPlugin
2025-06-07 18:58:20,289 [INFO] IPUIPlugin:80 - create IPUIPlugin
2025-06-07 18:58:20,289 [INFO] IPUIPlugin:80 - create IPUIPlugin
2025-06-07 18:58:20,289 [INFO] IPUIPlugin:80 - create IPUIPlugin
2025-06-07 18:58:20,289 [INFO] IPUIPlugin:80 - create IPUIPlugin
2025-06-07 18:58:20,289 [INFO] IPUIPlugin:80 - create IPUIPlugin
2025-06-07 18:58:20,290 [INFO] IPUIPlugin:80 - create IPUIPlugin
2025-06-07 18:58:20,290 [INFO] IPUIPlugin:80 - create IPUIPlugin
2025-06-07 18:58:20,290 [INFO] IPUIPlugin:80 - create IPUIPlugin
2025-06-07 18:58:20,290 [INFO] IPUIPlugin:80 - create IPUIPlugin
2025-06-07 18:58:20,291 [INFO] IPUIPlugin:80 - create IPUIPlugin
2025-06-07 18:58:20,291 [INFO] IPUIPlugin:80 - create IPUIPlugin
2025-06-07 18:58:20,291 [INFO] IPUIPlugin:80 - create IPUIPlugin
2025-06-07 18:58:20,292 [INFO] IPUIPlugin:80 - create IPUIPlugin
2025-06-07 18:58:20,292 [INFO] IPUIPlugin:80 - create IPUIPlugin
2025-06-07 18:58:20,292 [INFO] IPUIPlugin:80 - create IPUIPlugin
2025-06-07 18:58:20,292 [INFO] IPUIPlugin:80 - create IPUIPlugin
2025-06-07 18:58:20,292 [INFO] IPUIPlugin:80 - create IPUIPlugin
2025-06-07 18:58:20,292 [INFO] IPUIPlugin:80 - create IPUIPlugin
2025-06-07 18:58:20,292 [INFO] IPUIPlugin:80 - create IPUIPlugin
2025-06-07 18:58:20,308 [WARN] IP:2250 - AutoBaudRateEnableParam not found: check if there is a RefParameter without a condition.
2025-06-07 18:58:20,371 [INFO] CADModel:165 - CPN selected for project levelSTM32L011K4T6
2025-06-07 18:58:20,372 [INFO] CADModel:114 - Register for checkConnection events
2025-06-07 18:58:20,415 [INFO] OpenFileManager:385 - Restore cursor
2025-06-07 18:58:20,563 [WARN] IP:2250 - AutoBaudRateEnableParam not found: check if there is a RefParameter without a condition.
2025-06-07 18:58:20,567 [WARN] IP:2250 - AutoBaudRateEnableParam not found: check if there is a RefParameter without a condition.
2025-06-07 19:11:39,138 [INFO] MainUpdater:2872 - connection check result : 10
2025-06-07 19:11:39,146 [INFO] MainUpdater:2872 - connection check result : 10
2025-06-07 19:11:39,715 [INFO] MicroXplorer:468 - Change Database Path : 
2025-06-07 19:11:39,716 [INFO] MicroXplorer:498 - Change Database Version : DB.6.0.141
2025-06-07 19:11:39,823 [ERROR] ProjectManagerView:395 - 
java.lang.NullPointerException: Cannot invoke "javax.swing.JTextField.getText()" because the return value of "java.util.List.get(int)" is null
	at com.st.microxplorer.plugins.projectmanager.gui.ProjectChoiceTab$9.caretUpdate(ProjectChoiceTab.java:2678) ~[filemanager.jar:?]
	at javax.swing.text.JTextComponent.fireCaretUpdate(JTextComponent.java:408) ~[?:?]
	at javax.swing.text.JTextComponent$MutableCaretEvent.fire(JTextComponent.java:4484) ~[?:?]
	at javax.swing.text.JTextComponent$MutableCaretEvent.stateChanged(JTextComponent.java:4506) ~[?:?]
	at javax.swing.text.DefaultCaret.fireStateChanged(DefaultCaret.java:857) ~[?:?]
	at javax.swing.text.DefaultCaret.changeCaretPosition(DefaultCaret.java:1343) ~[?:?]
	at javax.swing.text.DefaultCaret.handleSetDot(DefaultCaret.java:1242) ~[?:?]
	at javax.swing.text.DefaultCaret.setDot(DefaultCaret.java:1223) ~[?:?]
	at javax.swing.text.DefaultCaret$Handler.insertUpdate(DefaultCaret.java:1819) ~[?:?]
	at javax.swing.text.AbstractDocument.fireInsertUpdate(AbstractDocument.java:227) ~[?:?]
	at javax.swing.text.AbstractDocument.handleInsertString(AbstractDocument.java:781) ~[?:?]
	at javax.swing.text.AbstractDocument.insertString(AbstractDocument.java:740) ~[?:?]
	at javax.swing.text.PlainDocument.insertString(PlainDocument.java:131) ~[?:?]
	at javax.swing.text.AbstractDocument.replace(AbstractDocument.java:699) ~[?:?]
	at javax.swing.text.JTextComponent.setText(JTextComponent.java:1725) ~[?:?]
	at com.st.microxplorer.plugins.projectmanager.gui.ProjectChoiceTab.createHeapStackFields(ProjectChoiceTab.java:979) ~[filemanager.jar:?]
	at com.st.microxplorer.plugins.projectmanager.gui.ProjectChoiceTab.buildLinkSettingsPanel(ProjectChoiceTab.java:3766) ~[filemanager.jar:?]
	at com.st.microxplorer.plugins.projectmanager.gui.ProjectChoiceTab.defineWindowsFields(ProjectChoiceTab.java:1962) ~[filemanager.jar:?]
	at com.st.microxplorer.plugins.projectmanager.gui.ProjectChoiceTab.updateSettings(ProjectChoiceTab.java:555) ~[filemanager.jar:?]
	at com.st.microxplorer.plugins.projectmanager.gui.ProjectSettingsPanel.UpdateDialog(ProjectSettingsPanel.java:245) ~[filemanager.jar:?]
	at com.st.microxplorer.plugins.projectmanager.ProjectManagerView.propertyChange(ProjectManagerView.java:392) ~[filemanager.jar:?]
	at java.beans.PropertyChangeSupport.fire(PropertyChangeSupport.java:343) ~[?:?]
	at java.beans.PropertyChangeSupport.firePropertyChange(PropertyChangeSupport.java:335) ~[?:?]
	at java.beans.PropertyChangeSupport.firePropertyChange(PropertyChangeSupport.java:268) ~[?:?]
	at com.st.microxplorer.util.MXPropertyChangeSupport.firePropertyChange(MXPropertyChangeSupport.java:54) ~[STM32CubeMX.jar:?]
	at com.st.microxplorer.mxsystem.MxSystem.closeConfig(MxSystem.java:899) ~[STM32CubeMX.jar:?]
	at com.st.microxplorer.maingui.MainPanel.closeConfig(MainPanel.java:789) ~[STM32CubeMX.jar:?]
	at com.st.microxplorer.plugins.filemanager.engine.OpenFileManager.loadConfigurationFile(OpenFileManager.java:287) ~[filemanager.jar:?]
	at com.st.microxplorer.plugins.filemanager.engine.MainFileManager.userLoadConfig(MainFileManager.java:341) ~[filemanager.jar:?]
	at com.st.microxplorer.plugins.filemanager.engine.MainFileManager.userLoadConfig(MainFileManager.java:319) ~[filemanager.jar:?]
	at com.st.microxplorer.plugins.filemanager.FileManagerView.getSpecificTask(FileManagerView.java:246) ~[filemanager.jar:?]
	at com.st.stm32cube.common.mx.editor.CubeMxEditor.getMxTabbedPaneInstance(CubeMxEditor.java:1198) ~[com.st.stm32cube.common.mx_6.14.1.202504091515/:?]
	at com.st.stm32cube.common.mx.editor.CubeMxEditor$12$1.createSwingComponent(CubeMxEditor.java:1068) ~[com.st.stm32cube.common.mx_6.14.1.202504091515/:?]
	at com.st.stm32cube.common.mx.oss.core.awtswtbridge.EmbeddedSwingComposite.doComponentCreation(EmbeddedSwingComposite.java:492) ~[com.st.stm32cube.common.mx.oss_6.14.1.202504091515/:?]
	at com.st.stm32cube.common.mx.oss.core.awtswtbridge.EmbeddedSwingComposite$4.run(EmbeddedSwingComposite.java:291) ~[com.st.stm32cube.common.mx.oss_6.14.1.202504091515/:?]
	at com.st.stm32cube.common.mx.oss.core.awtswtbridge.AwtEnvironment$2.run(AwtEnvironment.java:166) ~[com.st.stm32cube.common.mx.oss_6.14.1.202504091515/:?]
	at java.awt.event.InvocationEvent.dispatch(InvocationEvent.java:318) ~[?:?]
	at java.awt.EventQueue.dispatchEventImpl(EventQueue.java:773) ~[?:?]
	at java.awt.EventQueue$4.run(EventQueue.java:720) ~[?:?]
	at java.awt.EventQueue$4.run(EventQueue.java:714) ~[?:?]
	at java.security.AccessController.doPrivileged(AccessController.java:400) ~[?:?]
	at java.security.ProtectionDomain$JavaSecurityAccessImpl.doIntersectionPrivilege(ProtectionDomain.java:87) ~[?:?]
	at java.awt.EventQueue.dispatchEvent(EventQueue.java:742) ~[?:?]
	at java.awt.EventDispatchThread.pumpOneEventForFilters(EventDispatchThread.java:203) ~[?:?]
	at java.awt.EventDispatchThread.pumpEventsForFilter(EventDispatchThread.java:124) ~[?:?]
	at java.awt.EventDispatchThread.pumpEventsForHierarchy(EventDispatchThread.java:113) ~[?:?]
	at java.awt.EventDispatchThread.pumpEvents(EventDispatchThread.java:109) ~[?:?]
	at java.awt.EventDispatchThread.pumpEvents(EventDispatchThread.java:101) ~[?:?]
	at java.awt.EventDispatchThread.run(EventDispatchThread.java:90) ~[?:?]
2025-06-07 19:11:39,828 [WARN] ThirdParty:871 - waiting for thirdparty lock release [close project]
2025-06-07 19:11:39,828 [INFO] ThirdParty:873 - entering critical section [close project]
2025-06-07 19:11:39,829 [INFO] ThirdParty:883 - exiting critical section [close project]
2025-06-07 19:11:39,834 [INFO] PinOutPanel:1589 - setPackage(No Configuration,No Configuration)
2025-06-07 19:11:39,847 [INFO] UtilMem:75 - Begin LoadConfig() Used Memory: 582887840 Bytes (919601152)
2025-06-07 19:11:39,849 [INFO] MicroXplorer:468 - Change Database Path : 
2025-06-07 19:11:39,849 [INFO] MicroXplorer:498 - Change Database Version : DB.6.0.141
2025-06-07 19:11:39,850 [INFO] OpenFileManager:354 - Change cursor
2025-06-07 19:11:39,889 [INFO] Mcu:2011 - Initializing MCU STM32L011K(3-4)Tx STM32L011K4Tx STM32L011K4T6
2025-06-07 19:11:40,315 [INFO] Context:756 - Trying to add GPIOservice into a context  which must be forbidden
2025-06-07 19:11:40,491 [INFO] ImportTextPane:218 - (OptionalMessage_ERROR) Pin10 (VP_RIF_VS_RIF1) cannot be retrieved for this MCU
2025-06-07 19:11:40,889 [INFO] RtosManager:558 - Registered RTOS mode: class=CMSIS, group=RTOS, mode=CMSIS_V1, owner=FREERTOS
2025-06-07 19:11:40,901 [INFO] RtosManager:558 - Registered RTOS mode: class=CMSIS, group=RTOS2, mode=CMSIS_V2, owner=FREERTOS
2025-06-07 19:11:40,903 [INFO] RtosManager:558 - Registered RTOS mode: class=RTOS, group=Core, mode=CMSIS_V1, owner=FREERTOS
2025-06-07 19:11:40,903 [INFO] RtosManager:558 - Registered RTOS mode: class=RTOS, group=Core, mode=CMSIS_V2, owner=FREERTOS
2025-06-07 19:11:40,904 [WARN] ModelIntegratedComponent:184 - Missing modes for component STMicroelectronics:FreeRTOS:0.0.1:STMicroelectronics:RTOS:FreeRTOS:Core:::10.2.0:
2025-06-07 19:11:40,913 [WARN] ModelIntegratedComponent:63 - No mode defined for component null
2025-06-07 19:11:40,913 [WARN] ModelIntegratedComponent:63 - No mode defined for component null
2025-06-07 19:11:40,913 [WARN] ModelIntegratedComponent:63 - No mode defined for component null
2025-06-07 19:11:40,913 [WARN] ModelIntegratedComponent:63 - No mode defined for component null
2025-06-07 19:11:40,913 [WARN] ModelIntegratedComponent:63 - No mode defined for component null
2025-06-07 19:11:40,913 [WARN] ModelIntegratedComponent:63 - No mode defined for component null
2025-06-07 19:11:40,913 [WARN] ModelIntegratedComponent:63 - No mode defined for component null
2025-06-07 19:11:40,913 [WARN] ModelIntegratedComponent:63 - No mode defined for component null
2025-06-07 19:11:40,913 [WARN] ModelIntegratedComponent:63 - No mode defined for component null
2025-06-07 19:11:40,913 [WARN] ModelIntegratedComponent:63 - No mode defined for component null
2025-06-07 19:11:40,913 [WARN] ModelIntegratedComponent:63 - No mode defined for component null
2025-06-07 19:11:40,913 [WARN] ModelIntegratedComponent:63 - No mode defined for component null
2025-06-07 19:11:40,913 [WARN] ModelIntegratedComponent:63 - No mode defined for component null
2025-06-07 19:11:40,913 [WARN] ModelIntegratedComponent:63 - No mode defined for component null
2025-06-07 19:11:40,913 [WARN] ModelIntegratedComponent:63 - No mode defined for component null
2025-06-07 19:11:40,913 [WARN] ModelIntegratedComponent:63 - No mode defined for component null
2025-06-07 19:11:40,913 [WARN] ModelIntegratedComponent:63 - No mode defined for component null
2025-06-07 19:11:40,913 [WARN] ModelIntegratedComponent:63 - No mode defined for component null
2025-06-07 19:11:40,913 [WARN] ModelIntegratedComponent:63 - No mode defined for component null
2025-06-07 19:11:40,913 [WARN] ModelIntegratedComponent:63 - No mode defined for component null
2025-06-07 19:11:40,913 [WARN] ModelIntegratedComponent:63 - No mode defined for component null
2025-06-07 19:11:40,913 [WARN] ModelIntegratedComponent:63 - No mode defined for component null
2025-06-07 19:11:40,913 [WARN] ModelIntegratedComponent:63 - No mode defined for component null
2025-06-07 19:11:40,913 [WARN] ModelIntegratedComponent:63 - No mode defined for component null
2025-06-07 19:11:40,913 [WARN] ModelIntegratedComponent:63 - No mode defined for component null
2025-06-07 19:11:40,913 [WARN] ModelIntegratedComponent:63 - No mode defined for component null
2025-06-07 19:11:40,913 [WARN] ModelIntegratedComponent:63 - No mode defined for component null
2025-06-07 19:11:40,913 [WARN] ModelIntegratedComponent:63 - No mode defined for component null
2025-06-07 19:11:40,913 [WARN] ModelIntegratedComponent:63 - No mode defined for component null
2025-06-07 19:11:40,913 [WARN] ModelIntegratedComponent:63 - No mode defined for component null
2025-06-07 19:11:40,913 [WARN] ModelIntegratedComponent:63 - No mode defined for component null
2025-06-07 19:11:40,913 [WARN] ModelIntegratedComponent:63 - No mode defined for component null
2025-06-07 19:11:40,913 [WARN] ModelIntegratedComponent:63 - No mode defined for component null
2025-06-07 19:11:40,913 [WARN] ModelIntegratedComponent:63 - No mode defined for component null
2025-06-07 19:11:40,913 [WARN] ModelIntegratedComponent:63 - No mode defined for component null
2025-06-07 19:11:40,914 [WARN] ModelPack:524 - Component already loaded: STMicroelectronics:HAL Drivers:0.0.0:STMicroelectronics:Device:STMicro_Driver:XSPI:HAL::0.0.1:HAL_XSPI
2025-06-07 19:11:40,983 [INFO] ThirdPartyModel:298 - Start build external matchings
2025-06-07 19:11:41,464 [INFO] ThirdPartyModel:316 - End build external matchings
2025-06-07 19:11:41,535 [INFO] ImportTextPane:218 - (OptionalMessage_ERROR) IP (RCC) : Invalid parameter (FamilyName)
2025-06-07 19:11:41,551 [INFO] ImportTextPane:218 - (OptionalMessage_ERROR) IP (RCC) : Invalid parameter (PWRFreq_Value)
2025-06-07 19:11:41,552 [INFO] ImportTextPane:218 - (OptionalMessage_ERROR) IP (RCC) : Parameter (RTCHSEDivFreq_Value) has invalid value (4000000)
2025-06-07 19:11:41,552 [INFO] ImportTextPane:218 - (OptionalMessage_ERROR) IP (RCC) : Invalid parameter (TIMFreq_Value)
2025-06-07 19:11:41,556 [WARN] IP:2250 - AutoBaudRateEnableParam not found: check if there is a RefParameter without a condition.
2025-06-07 19:11:41,722 [INFO] UtilMem:75 - End LoadConfig() Used Memory: 455654000 Bytes (919601152)
2025-06-07 19:11:41,921 [WARN] ThirdParty:833 - waiting for thirdparty lock release [change project]
2025-06-07 19:11:41,927 [INFO] ThirdParty:835 - entering critical section [change project]
2025-06-07 19:11:41,928 [INFO] ThirdParty:1030 - CMSIS Pack Vendor :STMicroelectronics USBPD 4.1
2025-06-07 19:11:41,928 [INFO] ThirdParty:1030 - CMSIS Pack Vendor :STMicroelectronics X-CUBE-AZRTOS-H7 3.3.0
2025-06-07 19:11:41,928 [INFO] ThirdParty:1030 - CMSIS Pack Vendor :STMicroelectronics X-CUBE-NFC9 1.0.0
2025-06-07 19:11:41,928 [INFO] ThirdParty:1030 - CMSIS Pack Vendor :STMicroelectronics USB_HOST 2.0.0
2025-06-07 19:11:41,928 [INFO] ThirdParty:1030 - CMSIS Pack Vendor :STMicroelectronics FP-SNS-MOTENVWB1 1.4.0
2025-06-07 19:11:41,928 [INFO] ThirdParty:1030 - CMSIS Pack Vendor :STMicroelectronics X-CUBE-AZRTOS-F4 1.1.0
2025-06-07 19:11:41,928 [INFO] ThirdParty:1030 - CMSIS Pack Vendor :STMicroelectronics LIBJPEG 8.0.0
2025-06-07 19:11:41,928 [INFO] ThirdParty:1030 - CMSIS Pack Vendor :STMicroelectronics FP-ATR-ASTRA1 2.0.2
2025-06-07 19:11:41,928 [INFO] ThirdParty:1030 - CMSIS Pack Vendor :STMicroelectronics FP-ATR-ASTRA1 2.0.1
2025-06-07 19:11:41,928 [INFO] ThirdParty:1030 - CMSIS Pack Vendor :STMicroelectronics X-CUBE-BLE1 7.1.0
2025-06-07 19:11:41,928 [INFO] ThirdParty:1030 - CMSIS Pack Vendor :Avnet-IotConnect X-CUBE-IoTC-DA16k-PMOD 1.0.0
2025-06-07 19:11:41,928 [INFO] ThirdParty:1030 - CMSIS Pack Vendor :STMicroelectronics X-CUBE-SMBUS 2.1.0
2025-06-07 19:11:41,928 [INFO] ThirdParty:1030 - CMSIS Pack Vendor :STMicroelectronics X-CUBE-WB05N 1.1.0
2025-06-07 19:11:41,928 [INFO] ThirdParty:1030 - CMSIS Pack Vendor :STMicroelectronics USB_DEVICE 3.0.0
2025-06-07 19:11:41,928 [INFO] ThirdParty:1030 - CMSIS Pack Vendor :STMicroelectronics X-CUBE-ISPU 2.1.0
2025-06-07 19:11:41,928 [INFO] ThirdParty:1030 - CMSIS Pack Vendor :STMicroelectronics X-CUBE-AZRTOS-WB 2.0.0
2025-06-07 19:11:41,928 [INFO] ThirdParty:1030 - CMSIS Pack Vendor :STMicroelectronics X-CUBE-ST60 1.0.0
2025-06-07 19:11:41,928 [INFO] ThirdParty:1030 - CMSIS Pack Vendor :STMicroelectronics X-CUBE-GNSS1 7.0.1
2025-06-07 19:11:41,928 [INFO] ThirdParty:1030 - CMSIS Pack Vendor :STMicroelectronics X-CUBE-AZRTOS-F7 1.1.0
2025-06-07 19:11:41,928 [INFO] ThirdParty:1030 - CMSIS Pack Vendor :STMicroelectronics X-CUBE-AZRTOS-L5 2.0.0
2025-06-07 19:11:41,928 [INFO] ThirdParty:1030 - CMSIS Pack Vendor :STMicroelectronics X-CUBE-TOUCHGFX 4.25.0
2025-06-07 19:11:41,928 [INFO] ThirdParty:1030 - CMSIS Pack Vendor :STMicroelectronics USB_DEVICE 2.0.0
2025-06-07 19:11:41,928 [INFO] ThirdParty:1030 - CMSIS Pack Vendor :STMicroelectronics X-CUBE-NFC6 3.1.0
2025-06-07 19:11:41,928 [INFO] ThirdParty:1030 - CMSIS Pack Vendor :STMicroelectronics X-CUBE-AI 10.1.0
2025-06-07 19:11:41,928 [INFO] ThirdParty:1030 - CMSIS Pack Vendor :STMicroelectronics FP-SNS-STBOX1 2.0.0
2025-06-07 19:11:41,928 [INFO] ThirdParty:1030 - CMSIS Pack Vendor :STMicroelectronics X-CUBE-MEMS1 11.2.0
2025-06-07 19:11:41,928 [INFO] ThirdParty:1030 - CMSIS Pack Vendor :STMicroelectronics FreeRTOS 0.0.1
2025-06-07 19:11:41,928 [INFO] ThirdParty:1030 - CMSIS Pack Vendor :STMicroelectronics X-CUBE-AZRTOS-G0 1.1.0
2025-06-07 19:11:41,928 [INFO] ThirdParty:1030 - CMSIS Pack Vendor :STMicroelectronics X-CUBE-SAFEA1 1.2.2
2025-06-07 19:11:41,928 [INFO] ThirdParty:1030 - CMSIS Pack Vendor :STMicroelectronics X-CUBE-NFC4 3.0.0
2025-06-07 19:11:41,928 [INFO] ThirdParty:1030 - CMSIS Pack Vendor :STMicroelectronics X-CUBE-DPower 1.2.0
2025-06-07 19:11:41,928 [INFO] ThirdParty:1030 - CMSIS Pack Vendor :STMicroelectronics X-CUBE-SUBG2 5.0.0
2025-06-07 19:11:41,928 [INFO] ThirdParty:1030 - CMSIS Pack Vendor :STMicroelectronics X-CUBE-AZRTOS-H7RS 1.1.0
2025-06-07 19:11:41,928 [INFO] ThirdParty:1030 - CMSIS Pack Vendor :STMicroelectronics STM32_WPAN 1.0.0
2025-06-07 19:11:41,928 [INFO] ThirdParty:1030 - CMSIS Pack Vendor :EmbeddedOffice I-CUBE-FS-RTOS 1.0.1
2025-06-07 19:11:41,928 [INFO] ThirdParty:1030 - CMSIS Pack Vendor :STMicroelectronics lwIP 2.0.3
2025-06-07 19:11:41,928 [INFO] ThirdParty:1030 - CMSIS Pack Vendor :STMicroelectronics FP-SNS-FLIGHT1 5.0.2
2025-06-07 19:11:41,928 [INFO] ThirdParty:1030 - CMSIS Pack Vendor :Cesanta I-CUBE-Mongoose 7.13.0
2025-06-07 19:11:41,928 [INFO] ThirdParty:1030 - CMSIS Pack Vendor :STMicroelectronics USB_HOST 1.0.0
2025-06-07 19:11:41,928 [INFO] ThirdParty:1030 - CMSIS Pack Vendor :Infineon AIROC-Wi-Fi-Bluetooth-STM32 1.7.0
2025-06-07 19:11:41,928 [INFO] ThirdParty:1030 - CMSIS Pack Vendor :STMicroelectronics X-CUBE-AZRTOS-G4 2.0.0
2025-06-07 19:11:41,928 [INFO] ThirdParty:1030 - CMSIS Pack Vendor :STMicroelectronics X-CUBE-WB05N 2.0.0
2025-06-07 19:11:41,928 [INFO] ThirdParty:1030 - CMSIS Pack Vendor :STMicroelectronics PDM2PCM 3.1.0
2025-06-07 19:11:41,928 [INFO] ThirdParty:1030 - CMSIS Pack Vendor :STMicroelectronics PDM2PCM 3.3.0
2025-06-07 19:11:41,928 [INFO] ThirdParty:1030 - CMSIS Pack Vendor :STMicroelectronics X-CUBE-DISPLAY 3.0.0
2025-06-07 19:11:41,928 [INFO] ThirdParty:1030 - CMSIS Pack Vendor :STMicroelectronics X-CUBE-NFC7 2.0.0
2025-06-07 19:11:41,928 [INFO] ThirdParty:1030 - CMSIS Pack Vendor :STMicroelectronics X-CUBE-TCPP 4.2.0
2025-06-07 19:11:41,928 [INFO] ThirdParty:1030 - CMSIS Pack Vendor :RealThread X-CUBE-RT-Thread_Nano 4.1.1
2025-06-07 19:11:41,928 [INFO] ThirdParty:1030 - CMSIS Pack Vendor :STMicroelectronics X-CUBE-BLE1 7.0.0
2025-06-07 19:11:41,928 [INFO] ThirdParty:1030 - CMSIS Pack Vendor :STMicroelectronics FP-ATR-SIGFOX1 3.2.0
2025-06-07 19:11:41,928 [INFO] ThirdParty:1030 - CMSIS Pack Vendor :STMicroelectronics X-CUBE-NFC10 1.0.0
2025-06-07 19:11:41,928 [INFO] ThirdParty:1030 - CMSIS Pack Vendor :quantropi X-CUBE-qispace-sdk-base 1.9.3
2025-06-07 19:11:41,928 [INFO] ThirdParty:1030 - CMSIS Pack Vendor :STMicroelectronics X-CUBE-BLEMGR 4.0.0
2025-06-07 19:11:41,928 [INFO] ThirdParty:1030 - CMSIS Pack Vendor :STMicroelectronics X-CUBE-EEPRMA1 5.1.0
2025-06-07 19:11:41,928 [INFO] ThirdParty:1030 - CMSIS Pack Vendor :STMicroelectronics X-CUBE-FREERTOS 1.3.1
2025-06-07 19:11:41,928 [INFO] ThirdParty:1030 - CMSIS Pack Vendor :STMicroelectronics HAL Drivers 0.0.0
2025-06-07 19:11:41,928 [INFO] ThirdParty:1030 - CMSIS Pack Vendor :STMicroelectronics MBEDTLS 2.16.2
2025-06-07 19:11:41,928 [INFO] ThirdParty:1030 - CMSIS Pack Vendor :STMicroelectronics X-CUBE-IPS 3.1.0
2025-06-07 19:11:41,928 [INFO] ThirdParty:1030 - CMSIS Pack Vendor :STMicroelectronics X-CUBE-ALS 1.0.2
2025-06-07 19:11:41,928 [INFO] ThirdParty:1030 - CMSIS Pack Vendor :emotas I-CUBE-CANOPEN 1.3.0
2025-06-07 19:11:41,928 [INFO] ThirdParty:1030 - CMSIS Pack Vendor :STMicroelectronics X-CUBE-FREERTOS 1.3.0
2025-06-07 19:11:41,928 [INFO] ThirdParty:1030 - CMSIS Pack Vendor :STMicroelectronics X-CUBE-NFC7 1.0.1
2025-06-07 19:11:41,928 [INFO] ThirdParty:1030 - CMSIS Pack Vendor :STMicroelectronics MBEDTLS 2.14.1
2025-06-07 19:11:41,928 [INFO] ThirdParty:1030 - CMSIS Pack Vendor :wolfSSL I-CUBE-wolfSSL 5.7.6
2025-06-07 19:11:41,928 [INFO] ThirdParty:1030 - CMSIS Pack Vendor :ITTIA_DB I-CUBE-ITTIADB 8.9.0
2025-06-07 19:11:41,928 [INFO] ThirdParty:1030 - CMSIS Pack Vendor :STMicroelectronics X-CUBE-TOUCHGFX 4.24.2
2025-06-07 19:11:41,928 [INFO] ThirdParty:1030 - CMSIS Pack Vendor :wolfSSL I-CUBE-wolfTPM 3.4.0
2025-06-07 19:11:41,928 [INFO] ThirdParty:1030 - CMSIS Pack Vendor :portGmbH I-Cube-SoM-uGOAL 1.1.0
2025-06-07 19:11:41,928 [INFO] ThirdParty:1030 - CMSIS Pack Vendor :STMicroelectronics X-CUBE-AI 10.0.0
2025-06-07 19:11:41,928 [INFO] ThirdParty:1030 - CMSIS Pack Vendor :STMicroelectronics X-CUBE-ST67W61 1.0.0
2025-06-07 19:11:41,928 [INFO] ThirdParty:1030 - CMSIS Pack Vendor :STMicroelectronics ThreadX 1.0.0
2025-06-07 19:11:41,928 [INFO] ThirdParty:1030 - CMSIS Pack Vendor :STMicroelectronics FP-SNS-SMARTAG2 1.2.0
2025-06-07 19:11:41,928 [INFO] ThirdParty:1030 - CMSIS Pack Vendor :STMicroelectronics FP-SNS-FLIGHT1 5.1.0
2025-06-07 19:11:41,928 [INFO] ThirdParty:1030 - CMSIS Pack Vendor :STMicroelectronics X-CUBE-MEMS1 11.1.0
2025-06-07 19:11:41,928 [INFO] ThirdParty:1030 - CMSIS Pack Vendor :STMicroelectronics X-CUBE-AZRTOS-WL 2.0.0
2025-06-07 19:11:41,929 [INFO] ThirdParty:1030 - CMSIS Pack Vendor :SEGGER I-CUBE-embOS 1.3.1
2025-06-07 19:11:41,929 [INFO] ThirdParty:1030 - CMSIS Pack Vendor :STMicroelectronics X-CUBE-ALGOBUILD 1.4.0
2025-06-07 19:11:41,929 [INFO] ThirdParty:1030 - CMSIS Pack Vendor :STMicroelectronics X-CUBE-DPower 1.3.0
2025-06-07 19:11:41,929 [INFO] ThirdParty:1030 - CMSIS Pack Vendor :STMicroelectronics FP-SNS-MOTENV1 5.0.0
2025-06-07 19:11:41,929 [INFO] ThirdParty:1030 - CMSIS Pack Vendor :STMicroelectronics USB_DEVICE 1.0.0
2025-06-07 19:11:41,929 [INFO] ThirdParty:1030 - CMSIS Pack Vendor :STMicroelectronics X-CUBE-AZRTOS-H7RS 1.0.0
2025-06-07 19:11:41,929 [INFO] ThirdParty:1030 - CMSIS Pack Vendor :wolfSSL I-CUBE-wolfMQTT 1.19.0
2025-06-07 19:11:41,929 [INFO] ThirdParty:1030 - CMSIS Pack Vendor :STMicroelectronics X-CUBE-AZRTOS-L4 2.0.0
2025-06-07 19:11:41,929 [INFO] ThirdParty:1030 - CMSIS Pack Vendor :STMicroelectronics ThreadX 0.0.2
2025-06-07 19:11:41,929 [INFO] ThirdParty:1030 - CMSIS Pack Vendor :WES I-CUBE-Cesium 1.3.0
2025-06-07 19:11:41,929 [INFO] ThirdParty:1030 - CMSIS Pack Vendor :STMicroelectronics lwIP 2.1.2
2025-06-07 19:11:41,929 [INFO] ThirdParty:1030 - CMSIS Pack Vendor :STMicroelectronics X-CUBE-SFXS2LP1 4.0.0
2025-06-07 19:11:41,929 [INFO] ThirdParty:1030 - CMSIS Pack Vendor :STMicroelectronics X-CUBE-BLE2 3.3.0
2025-06-07 19:11:41,929 [INFO] ThirdParty:1030 - CMSIS Pack Vendor :STMicroelectronics X-CUBE-TOF1 3.4.2
2025-06-07 19:11:41,929 [INFO] ThirdParty:1030 - CMSIS Pack Vendor :STMicroelectronics X-CUBE-TOF1 3.4.3
2025-06-07 19:11:41,929 [INFO] ThirdParty:1030 - CMSIS Pack Vendor :STMicroelectronics PDM2PCM 3.2.0
2025-06-07 19:11:41,929 [INFO] ThirdParty:1030 - CMSIS Pack Vendor :wolfSSL I-CUBE-wolfSSH 1.4.17
2025-06-07 19:11:41,931 [INFO] ThirdParty:841 - exiting critical section [change project]
2025-06-07 19:11:42,348 [INFO] PinOutPanel:1589 - setPackage(No Configuration,No Configuration)
2025-06-07 19:11:42,354 [INFO] PinOutPanel:1589 - setPackage(STM32L011K4Tx,LQFP32)
2025-06-07 19:11:43,045 [INFO] UtilMem:75 - Before build in PCC Used Memory: 349218832 Bytes (919601152)
2025-06-07 19:11:43,563 [INFO] UtilMem:75 - After build in PCC Used Memory: 422619152 Bytes (919601152)
2025-06-07 19:11:43,603 [INFO] IPUIPlugin:80 - create IPUIPlugin
2025-06-07 19:11:43,604 [INFO] IPUIPlugin:80 - create IPUIPlugin
2025-06-07 19:11:43,604 [INFO] IPUIPlugin:80 - create IPUIPlugin
2025-06-07 19:11:43,605 [INFO] IPUIPlugin:80 - create IPUIPlugin
2025-06-07 19:11:43,606 [INFO] IPUIPlugin:80 - create IPUIPlugin
2025-06-07 19:11:43,606 [INFO] IPUIPlugin:80 - create IPUIPlugin
2025-06-07 19:11:43,606 [INFO] IPUIPlugin:80 - create IPUIPlugin
2025-06-07 19:11:43,606 [INFO] IPUIPlugin:80 - create IPUIPlugin
2025-06-07 19:11:43,606 [INFO] IPUIPlugin:80 - create IPUIPlugin
2025-06-07 19:11:43,606 [INFO] IPUIPlugin:80 - create IPUIPlugin
2025-06-07 19:11:43,607 [INFO] IPUIPlugin:80 - create IPUIPlugin
2025-06-07 19:11:43,607 [INFO] IPUIPlugin:80 - create IPUIPlugin
2025-06-07 19:11:43,607 [INFO] IPUIPlugin:80 - create IPUIPlugin
2025-06-07 19:11:43,607 [INFO] IPUIPlugin:80 - create IPUIPlugin
2025-06-07 19:11:43,607 [INFO] IPUIPlugin:80 - create IPUIPlugin
2025-06-07 19:11:43,607 [INFO] IPUIPlugin:80 - create IPUIPlugin
2025-06-07 19:11:43,607 [INFO] IPUIPlugin:80 - create IPUIPlugin
2025-06-07 19:11:43,607 [INFO] IPUIPlugin:80 - create IPUIPlugin
2025-06-07 19:11:43,607 [INFO] IPUIPlugin:80 - create IPUIPlugin
2025-06-07 19:11:43,607 [INFO] IPUIPlugin:80 - create IPUIPlugin
2025-06-07 19:11:43,607 [INFO] IPUIPlugin:80 - create IPUIPlugin
2025-06-07 19:11:43,623 [WARN] IP:2250 - AutoBaudRateEnableParam not found: check if there is a RefParameter without a condition.
2025-06-07 19:11:43,688 [INFO] CADModel:165 - CPN selected for project levelSTM32L011K4T6
2025-06-07 19:11:43,688 [INFO] CADModel:114 - Register for checkConnection events
2025-06-07 19:11:43,741 [INFO] OpenFileManager:385 - Restore cursor
2025-06-07 19:11:43,896 [WARN] IP:2250 - AutoBaudRateEnableParam not found: check if there is a RefParameter without a condition.
2025-06-07 19:11:43,897 [WARN] IP:2250 - AutoBaudRateEnableParam not found: check if there is a RefParameter without a condition.
2025-06-07 19:12:14,663 [INFO] NvicIntPanel:101 - NVIC parent = com.st.microxplorer.plugins.ip.nvic.MultiNvicIntPanel[,0,0,450x224,layout=javax.swing.BoxLayout,alignmentX=0.0,alignmentY=0.0,border=,flags=9,maximumSize=,minimumSize=,preferredSize=]
2025-06-07 19:14:36,663 [INFO] NvicIntPanel:101 - NVIC parent = com.st.microxplorer.plugins.ip.nvic.MultiNvicIntPanel[,0,0,450x306,layout=javax.swing.BoxLayout,alignmentX=0.0,alignmentY=0.0,border=,flags=9,maximumSize=,minimumSize=,preferredSize=]
2025-06-07 19:16:42,981 [WARN] IP:2250 - AutoBaudRateEnableParam not found: check if there is a RefParameter without a condition.
