2025-06-10 03:19:29,900 [INFO] WebApp:194 - Connection lost
2025-06-10 03:19:31,421 [INFO] WebApp:191 - Connection restablished
2025-06-10 07:05:43,147 [WARN] IP:2250 - AutoBaudRateEnableParam not found: check if there is a RefParameter without a condition.
2025-06-10 07:06:44,789 [INFO] Gpio:277 - dependency for GPIO [LPUART1, RCC, SYS, USART2]
2025-06-10 07:06:58,118 [INFO] DmaTabbedPanel:205 - Cannot restore the selected Tab for DMA
2025-06-10 08:42:42,257 [INFO] WebApp:194 - Connection lost
2025-06-10 08:42:42,959 [INFO] WebApp:191 - Connection restablished
2025-06-10 09:06:52,361 [INFO] WebApp:194 - Connection lost
2025-06-10 09:06:52,516 [INFO] WebApp:191 - Connection restablished
2025-06-10 09:54:43,270 [INFO] WebApp:194 - Connection lost
2025-06-10 09:54:44,069 [INFO] WebApp:191 - Connection restablished
2025-06-10 10:02:43,442 [INFO] WebApp:194 - Connection lost
2025-06-10 10:15:43,808 [INFO] WebApp:191 - Connection restablished
2025-06-10 10:16:57,944 [INFO] WebApp:194 - Connection lost
2025-06-10 10:17:38,662 [INFO] WebApp:191 - Connection restablished
2025-06-10 10:18:03,047 [INFO] WebApp:194 - Connection lost
2025-06-10 10:19:31,421 [INFO] WebApp:191 - Connection restablished
2025-06-10 14:27:10,523 [INFO] UtilMem:75 - End SaveConfig() Used Memory: 603840032 Bytes (786432000)
2025-06-10 14:27:11,138 [INFO] BlockDiagram:2775 - set Specific Code input for plugin: NVIC
2025-06-10 14:27:11,138 [INFO] BlockDiagram:2775 - set Specific Code input for plugin: SYS
2025-06-10 14:27:11,138 [INFO] BlockDiagram:2775 - set Specific Code input for plugin: GPIO
2025-06-10 14:27:11,138 [INFO] BlockDiagram:2775 - set Specific Code input for plugin: USART
2025-06-10 14:27:11,139 [INFO] BlockDiagram:2775 - set Specific Code input for plugin: RCC
2025-06-10 14:27:11,139 [INFO] BlockDiagram:2775 - set Specific Code input for plugin: LPUART
2025-06-10 14:27:11,139 [INFO] BlockDiagram:2775 - set Specific Code input for plugin: DMA
2025-06-10 14:27:11,139 [INFO] CodeGenerator:882 - code generatio: config db path: /Applications/STM32CubeIDE.app/Contents/Eclipse/plugins/com.st.stm32cube.common.mx_6.14.1.202504091515//db/
2025-06-10 14:27:11,200 [WARN] IP:2250 - AutoBaudRateEnableParam not found: check if there is a RefParameter without a condition.
2025-06-10 14:27:11,208 [INFO] Argument:325 - Argument : hdmavalue: null
2025-06-10 14:27:11,208 [INFO] Argument:327 - 	 sub Args: 
2025-06-10 14:27:11,208 [INFO] Argument:325 - Argument : Instancevalue: DMA1_Channel2
2025-06-10 14:27:11,209 [INFO] Argument:335 - Argument : Instancevalue: DMA1_Channel2
2025-06-10 14:27:11,210 [INFO] Argument:325 - Argument : Initvalue: null
2025-06-10 14:27:11,210 [INFO] Argument:327 - 	 sub Args: 
2025-06-10 14:27:11,210 [INFO] Argument:325 - Argument : Requestvalue: DMA_REQUEST_4
2025-06-10 14:27:11,210 [INFO] Argument:335 - Argument : Requestvalue: DMA_REQUEST_4
2025-06-10 14:27:11,210 [INFO] Argument:325 - Argument : Directionvalue: DMA_MEMORY_TO_PERIPH
2025-06-10 14:27:11,210 [INFO] Argument:335 - Argument : Directionvalue: DMA_MEMORY_TO_PERIPH
2025-06-10 14:27:11,211 [INFO] Argument:325 - Argument : PeriphIncvalue: DMA_PINC_DISABLE
2025-06-10 14:27:11,211 [INFO] Argument:335 - Argument : PeriphIncvalue: DMA_PINC_DISABLE
2025-06-10 14:27:11,212 [INFO] Argument:325 - Argument : MemIncvalue: DMA_MINC_ENABLE
2025-06-10 14:27:11,212 [INFO] Argument:335 - Argument : MemIncvalue: DMA_MINC_ENABLE
2025-06-10 14:27:11,212 [INFO] Argument:325 - Argument : PeriphDataAlignmentvalue: DMA_PDATAALIGN_BYTE
2025-06-10 14:27:11,213 [INFO] Argument:335 - Argument : PeriphDataAlignmentvalue: DMA_PDATAALIGN_BYTE
2025-06-10 14:27:11,213 [INFO] Argument:325 - Argument : MemDataAlignmentvalue: DMA_MDATAALIGN_BYTE
2025-06-10 14:27:11,213 [INFO] Argument:335 - Argument : MemDataAlignmentvalue: DMA_MDATAALIGN_BYTE
2025-06-10 14:27:11,213 [INFO] Argument:325 - Argument : Modevalue: DMA_NORMAL
2025-06-10 14:27:11,213 [INFO] Argument:335 - Argument : Modevalue: DMA_NORMAL
2025-06-10 14:27:11,213 [INFO] Argument:325 - Argument : Priorityvalue: DMA_PRIORITY_LOW
2025-06-10 14:27:11,214 [INFO] Argument:335 - Argument : Priorityvalue: DMA_PRIORITY_LOW
2025-06-10 14:27:11,214 [INFO] Argument:325 - Argument : Lockvalue: null
2025-06-10 14:27:11,214 [INFO] Argument:335 - Argument : Lockvalue: null
2025-06-10 14:27:11,214 [INFO] Argument:325 - Argument : Statevalue: null
2025-06-10 14:27:11,214 [INFO] Argument:335 - Argument : Statevalue: null
2025-06-10 14:27:11,215 [INFO] Argument:325 - Argument : Parentvalue: null
2025-06-10 14:27:11,215 [INFO] Argument:335 - Argument : Parentvalue: null
2025-06-10 14:27:11,215 [INFO] Argument:325 - Argument : XferCpltCallbackvalue: null
2025-06-10 14:27:11,216 [INFO] Argument:335 - Argument : XferCpltCallbackvalue: null
2025-06-10 14:27:11,216 [INFO] Argument:325 - Argument : XferHalfCpltCallbackvalue: null
2025-06-10 14:27:11,216 [INFO] Argument:335 - Argument : XferHalfCpltCallbackvalue: null
2025-06-10 14:27:11,216 [INFO] Argument:325 - Argument : XferErrorCallbackvalue: null
2025-06-10 14:27:11,216 [INFO] Argument:335 - Argument : XferErrorCallbackvalue: null
2025-06-10 14:27:11,216 [INFO] Argument:325 - Argument : ErrorCodevalue: null
2025-06-10 14:27:11,216 [INFO] Argument:335 - Argument : ErrorCodevalue: null
2025-06-10 14:27:11,305 [INFO] CodeEngine:263 - oldGeneratedFile, /Users/himadri_joy/Desktop/master thesis/VLC Thesis /STM32/inverse_UART_test_01/MXTmpFiles/license.tmp_save
2025-06-10 14:27:11,621 [INFO] CodeEngine:287 - Generated code: /Users/himadri_joy/Desktop/master thesis/VLC Thesis /STM32/inverse_UART_test_01/MXTmpFiles/license.tmp
2025-06-10 14:27:11,757 [INFO] CodeEngine:263 - oldGeneratedFile, /Users/himadri_joy/Desktop/master thesis/VLC Thesis /STM32/inverse_UART_test_01/MXTmpFiles/gpio.tmp_save
2025-06-10 14:27:11,928 [INFO] CodeEngine:287 - Generated code: /Users/himadri_joy/Desktop/master thesis/VLC Thesis /STM32/inverse_UART_test_01/MXTmpFiles/gpio.tmp
2025-06-10 14:27:12,198 [INFO] CodeEngine:263 - oldGeneratedFile, /Users/himadri_joy/Desktop/master thesis/VLC Thesis /STM32/inverse_UART_test_01/MXTmpFiles/dma.tmp_save
2025-06-10 14:27:12,294 [INFO] CodeEngine:287 - Generated code: /Users/himadri_joy/Desktop/master thesis/VLC Thesis /STM32/inverse_UART_test_01/MXTmpFiles/dma.tmp
2025-06-10 14:27:12,296 [INFO] CodeEngine:263 - oldGeneratedFile, /Users/himadri_joy/Desktop/master thesis/VLC Thesis /STM32/inverse_UART_test_01/MXTmpFiles/dma_GV.tmp_save
2025-06-10 14:27:12,364 [INFO] CodeEngine:287 - Generated code: /Users/himadri_joy/Desktop/master thesis/VLC Thesis /STM32/inverse_UART_test_01/MXTmpFiles/dma_GV.tmp
2025-06-10 14:27:12,381 [INFO] CodeEngine:263 - oldGeneratedFile, /Users/himadri_joy/Desktop/master thesis/VLC Thesis /STM32/inverse_UART_test_01/Core/Src/stm32l0xx_it.c_save
2025-06-10 14:27:12,546 [INFO] CodeEngine:287 - Generated code: /Users/himadri_joy/Desktop/master thesis/VLC Thesis /STM32/inverse_UART_test_01/Core/Src/stm32l0xx_it.c
2025-06-10 14:27:12,549 [INFO] CodeEngine:263 - oldGeneratedFile, /Users/himadri_joy/Desktop/master thesis/VLC Thesis /STM32/inverse_UART_test_01/Core/Inc/stm32l0xx_it.h_save
2025-06-10 14:27:12,623 [INFO] CodeEngine:287 - Generated code: /Users/himadri_joy/Desktop/master thesis/VLC Thesis /STM32/inverse_UART_test_01/Core/Inc/stm32l0xx_it.h
2025-06-10 14:27:12,631 [INFO] CodeEngine:263 - oldGeneratedFile, /Users/himadri_joy/Desktop/master thesis/VLC Thesis /STM32/inverse_UART_test_01/Core/Src/stm32l0xx_hal_msp.c_save
2025-06-10 14:27:12,766 [INFO] CodeEngine:287 - Generated code: /Users/himadri_joy/Desktop/master thesis/VLC Thesis /STM32/inverse_UART_test_01/Core/Src/stm32l0xx_hal_msp.c
2025-06-10 14:27:12,769 [INFO] CodeEngine:263 - oldGeneratedFile, /Users/himadri_joy/Desktop/master thesis/VLC Thesis /STM32/inverse_UART_test_01/MXTmpFiles/system.tmp_save
2025-06-10 14:27:12,833 [INFO] CodeEngine:287 - Generated code: /Users/himadri_joy/Desktop/master thesis/VLC Thesis /STM32/inverse_UART_test_01/MXTmpFiles/system.tmp
2025-06-10 14:27:12,844 [INFO] CodeEngine:319 - oldGeneratedFile, /Users/himadri_joy/Desktop/master thesis/VLC Thesis /STM32/inverse_UART_test_01/Core/Inc/stm32l0xx_hal_conf.h_save
2025-06-10 14:27:12,922 [INFO] CodeEngine:343 - Generated code: /Users/himadri_joy/Desktop/master thesis/VLC Thesis /STM32/inverse_UART_test_01/Core/Inc/stm32l0xx_hal_conf.h
2025-06-10 14:27:12,983 [INFO] CodeEngine:263 - oldGeneratedFile, /Users/himadri_joy/Desktop/master thesis/VLC Thesis /STM32/inverse_UART_test_01/Core/Inc/main.h_save
2025-06-10 14:27:13,078 [INFO] CodeEngine:287 - Generated code: /Users/himadri_joy/Desktop/master thesis/VLC Thesis /STM32/inverse_UART_test_01/Core/Inc/main.h
2025-06-10 14:27:13,081 [INFO] CodeEngine:263 - oldGeneratedFile, /Users/himadri_joy/Desktop/master thesis/VLC Thesis /STM32/inverse_UART_test_01/Core/Src/main.c_save
2025-06-10 14:27:13,231 [INFO] CodeEngine:287 - Generated code: /Users/himadri_joy/Desktop/master thesis/VLC Thesis /STM32/inverse_UART_test_01/Core/Src/main.c
2025-06-10 14:27:13,438 [INFO] ProjectBuilder:3324 - Time for Copy HAL[1] : 72mS.
2025-06-10 14:27:13,441 [INFO] ProjectBuilder:4912 - Project Generator version: 4.6.0.1-B1
2025-06-10 14:27:13,593 [INFO] ConfigFileManager:1590 - The Die is : DIE457
2025-06-10 14:27:15,640 [INFO] ProjectBuilder:5191 - Time for Generating toolchain IDE Files: 2096mS.
2025-06-10 14:27:15,731 [INFO] ProjectBuilder:3181 - Time for Copy CMSIS : 9mS.
2025-06-10 14:27:15,750 [INFO] ProjectBuilder:3181 - Time for Copy CMSIS : 2mS.
2025-06-10 16:01:58,892 [INFO] WebApp:194 - Connection lost
2025-06-10 16:01:59,622 [INFO] WebApp:191 - Connection restablished
2025-06-10 19:16:34,728 [INFO] MainUpdater:2872 - connection check result : 10
2025-06-10 19:16:34,731 [INFO] MainUpdater:2872 - connection check result : 10
2025-06-10 19:16:35,296 [INFO] MicroXplorer:468 - Change Database Path : 
2025-06-10 19:16:35,296 [INFO] MicroXplorer:498 - Change Database Version : DB.6.0.141
2025-06-10 19:16:35,386 [ERROR] ProjectManagerView:395 - 
java.lang.NullPointerException: Cannot invoke "javax.swing.JTextField.getText()" because the return value of "java.util.List.get(int)" is null
	at com.st.microxplorer.plugins.projectmanager.gui.ProjectChoiceTab$9.caretUpdate(ProjectChoiceTab.java:2678) ~[filemanager.jar:?]
	at javax.swing.text.JTextComponent.fireCaretUpdate(JTextComponent.java:408) ~[?:?]
	at javax.swing.text.JTextComponent$MutableCaretEvent.fire(JTextComponent.java:4484) ~[?:?]
	at javax.swing.text.JTextComponent$MutableCaretEvent.stateChanged(JTextComponent.java:4506) ~[?:?]
	at javax.swing.text.DefaultCaret.fireStateChanged(DefaultCaret.java:857) ~[?:?]
	at javax.swing.text.DefaultCaret.changeCaretPosition(DefaultCaret.java:1343) ~[?:?]
	at javax.swing.text.DefaultCaret.handleSetDot(DefaultCaret.java:1242) ~[?:?]
	at javax.swing.text.DefaultCaret.setDot(DefaultCaret.java:1223) ~[?:?]
	at javax.swing.text.DefaultCaret$Handler.insertUpdate(DefaultCaret.java:1819) ~[?:?]
	at javax.swing.text.AbstractDocument.fireInsertUpdate(AbstractDocument.java:227) ~[?:?]
	at javax.swing.text.AbstractDocument.handleInsertString(AbstractDocument.java:781) ~[?:?]
	at javax.swing.text.AbstractDocument.insertString(AbstractDocument.java:740) ~[?:?]
	at javax.swing.text.PlainDocument.insertString(PlainDocument.java:131) ~[?:?]
	at javax.swing.text.AbstractDocument.replace(AbstractDocument.java:699) ~[?:?]
	at javax.swing.text.JTextComponent.setText(JTextComponent.java:1725) ~[?:?]
	at com.st.microxplorer.plugins.projectmanager.gui.ProjectChoiceTab.createHeapStackFields(ProjectChoiceTab.java:979) ~[filemanager.jar:?]
	at com.st.microxplorer.plugins.projectmanager.gui.ProjectChoiceTab.buildLinkSettingsPanel(ProjectChoiceTab.java:3766) ~[filemanager.jar:?]
	at com.st.microxplorer.plugins.projectmanager.gui.ProjectChoiceTab.defineWindowsFields(ProjectChoiceTab.java:1962) ~[filemanager.jar:?]
	at com.st.microxplorer.plugins.projectmanager.gui.ProjectChoiceTab.updateSettings(ProjectChoiceTab.java:555) ~[filemanager.jar:?]
	at com.st.microxplorer.plugins.projectmanager.gui.ProjectSettingsPanel.UpdateDialog(ProjectSettingsPanel.java:245) ~[filemanager.jar:?]
	at com.st.microxplorer.plugins.projectmanager.ProjectManagerView.propertyChange(ProjectManagerView.java:392) ~[filemanager.jar:?]
	at java.beans.PropertyChangeSupport.fire(PropertyChangeSupport.java:343) ~[?:?]
	at java.beans.PropertyChangeSupport.firePropertyChange(PropertyChangeSupport.java:335) ~[?:?]
	at java.beans.PropertyChangeSupport.firePropertyChange(PropertyChangeSupport.java:268) ~[?:?]
	at com.st.microxplorer.util.MXPropertyChangeSupport.firePropertyChange(MXPropertyChangeSupport.java:54) ~[STM32CubeMX.jar:?]
	at com.st.microxplorer.mxsystem.MxSystem.closeConfig(MxSystem.java:899) ~[STM32CubeMX.jar:?]
	at com.st.microxplorer.maingui.MainPanel.closeConfig(MainPanel.java:789) ~[STM32CubeMX.jar:?]
	at com.st.microxplorer.plugins.filemanager.engine.OpenFileManager.loadConfigurationFile(OpenFileManager.java:287) ~[filemanager.jar:?]
	at com.st.microxplorer.plugins.filemanager.engine.MainFileManager.userLoadConfig(MainFileManager.java:341) ~[filemanager.jar:?]
	at com.st.microxplorer.plugins.filemanager.engine.MainFileManager.userLoadConfig(MainFileManager.java:319) ~[filemanager.jar:?]
	at com.st.microxplorer.plugins.filemanager.FileManagerView.getSpecificTask(FileManagerView.java:246) ~[filemanager.jar:?]
	at com.st.stm32cube.common.mx.editor.CubeMxEditor.getMxTabbedPaneInstance(CubeMxEditor.java:1198) ~[com.st.stm32cube.common.mx_6.14.1.202504091515/:?]
	at com.st.stm32cube.common.mx.editor.CubeMxEditor$12$1.createSwingComponent(CubeMxEditor.java:1068) ~[com.st.stm32cube.common.mx_6.14.1.202504091515/:?]
	at com.st.stm32cube.common.mx.oss.core.awtswtbridge.EmbeddedSwingComposite.doComponentCreation(EmbeddedSwingComposite.java:492) ~[com.st.stm32cube.common.mx.oss_6.14.1.202504091515/:?]
	at com.st.stm32cube.common.mx.oss.core.awtswtbridge.EmbeddedSwingComposite$4.run(EmbeddedSwingComposite.java:291) ~[com.st.stm32cube.common.mx.oss_6.14.1.202504091515/:?]
	at com.st.stm32cube.common.mx.oss.core.awtswtbridge.AwtEnvironment$2.run(AwtEnvironment.java:166) ~[com.st.stm32cube.common.mx.oss_6.14.1.202504091515/:?]
	at java.awt.event.InvocationEvent.dispatch(InvocationEvent.java:318) ~[?:?]
	at java.awt.EventQueue.dispatchEventImpl(EventQueue.java:773) ~[?:?]
	at java.awt.EventQueue$4.run(EventQueue.java:720) ~[?:?]
	at java.awt.EventQueue$4.run(EventQueue.java:714) ~[?:?]
	at java.security.AccessController.doPrivileged(AccessController.java:400) ~[?:?]
	at java.security.ProtectionDomain$JavaSecurityAccessImpl.doIntersectionPrivilege(ProtectionDomain.java:87) ~[?:?]
	at java.awt.EventQueue.dispatchEvent(EventQueue.java:742) ~[?:?]
	at java.awt.EventDispatchThread.pumpOneEventForFilters(EventDispatchThread.java:203) ~[?:?]
	at java.awt.EventDispatchThread.pumpEventsForFilter(EventDispatchThread.java:124) ~[?:?]
	at java.awt.EventDispatchThread.pumpEventsForHierarchy(EventDispatchThread.java:113) ~[?:?]
	at java.awt.EventDispatchThread.pumpEvents(EventDispatchThread.java:109) ~[?:?]
	at java.awt.EventDispatchThread.pumpEvents(EventDispatchThread.java:101) ~[?:?]
	at java.awt.EventDispatchThread.run(EventDispatchThread.java:90) ~[?:?]
2025-06-10 19:16:35,391 [WARN] ThirdParty:871 - waiting for thirdparty lock release [close project]
2025-06-10 19:16:35,391 [INFO] ThirdParty:873 - entering critical section [close project]
2025-06-10 19:16:35,392 [INFO] ThirdParty:883 - exiting critical section [close project]
2025-06-10 19:16:35,400 [INFO] PinOutPanel:1589 - setPackage(No Configuration,No Configuration)
2025-06-10 19:16:35,421 [INFO] UtilMem:75 - Begin LoadConfig() Used Memory: 508869304 Bytes (786432000)
2025-06-10 19:16:35,423 [INFO] MicroXplorer:468 - Change Database Path : 
2025-06-10 19:16:35,423 [INFO] MicroXplorer:498 - Change Database Version : DB.6.0.141
2025-06-10 19:16:35,423 [INFO] OpenFileManager:354 - Change cursor
2025-06-10 19:16:35,541 [INFO] RulesReader:64 - Compatibility file has been processed (302 Rules)
2025-06-10 19:16:35,572 [INFO] Mcu:2011 - Initializing MCU STM32L011K(3-4)Tx STM32L011K4Tx STM32L011K4T6
2025-06-10 19:16:36,188 [INFO] Context:756 - Trying to add GPIOservice into a context  which must be forbidden
2025-06-10 19:16:36,458 [INFO] ImportTextPane:218 - (OptionalMessage_ERROR) Pin11 (VP_RIF_VS_RIF1) cannot be retrieved for this MCU
2025-06-10 19:16:36,663 [INFO] RtosManager:558 - Registered RTOS mode: class=CMSIS, group=RTOS, mode=CMSIS_V1, owner=FREERTOS
2025-06-10 19:16:36,663 [INFO] RtosManager:558 - Registered RTOS mode: class=CMSIS, group=RTOS2, mode=CMSIS_V2, owner=FREERTOS
2025-06-10 19:16:36,663 [INFO] RtosManager:558 - Registered RTOS mode: class=RTOS, group=Core, mode=CMSIS_V1, owner=FREERTOS
2025-06-10 19:16:36,664 [INFO] RtosManager:558 - Registered RTOS mode: class=RTOS, group=Core, mode=CMSIS_V2, owner=FREERTOS
2025-06-10 19:16:36,664 [WARN] ModelIntegratedComponent:184 - Missing modes for component STMicroelectronics:FreeRTOS:0.0.1:STMicroelectronics:RTOS:FreeRTOS:Core:::10.2.0:
2025-06-10 19:16:36,677 [WARN] ModelIntegratedComponent:63 - No mode defined for component null
2025-06-10 19:16:36,677 [WARN] ModelIntegratedComponent:63 - No mode defined for component null
2025-06-10 19:16:36,677 [WARN] ModelIntegratedComponent:63 - No mode defined for component null
2025-06-10 19:16:36,677 [WARN] ModelIntegratedComponent:63 - No mode defined for component null
2025-06-10 19:16:36,677 [WARN] ModelIntegratedComponent:63 - No mode defined for component null
2025-06-10 19:16:36,677 [WARN] ModelIntegratedComponent:63 - No mode defined for component null
2025-06-10 19:16:36,678 [WARN] ModelIntegratedComponent:63 - No mode defined for component null
2025-06-10 19:16:36,678 [WARN] ModelIntegratedComponent:63 - No mode defined for component null
2025-06-10 19:16:36,678 [WARN] ModelIntegratedComponent:63 - No mode defined for component null
2025-06-10 19:16:36,678 [WARN] ModelIntegratedComponent:63 - No mode defined for component null
2025-06-10 19:16:36,678 [WARN] ModelIntegratedComponent:63 - No mode defined for component null
2025-06-10 19:16:36,679 [WARN] ModelIntegratedComponent:63 - No mode defined for component null
2025-06-10 19:16:36,679 [WARN] ModelIntegratedComponent:63 - No mode defined for component null
2025-06-10 19:16:36,679 [WARN] ModelIntegratedComponent:63 - No mode defined for component null
2025-06-10 19:16:36,679 [WARN] ModelIntegratedComponent:63 - No mode defined for component null
2025-06-10 19:16:36,680 [WARN] ModelIntegratedComponent:63 - No mode defined for component null
2025-06-10 19:16:36,680 [WARN] ModelIntegratedComponent:63 - No mode defined for component null
2025-06-10 19:16:36,680 [WARN] ModelIntegratedComponent:63 - No mode defined for component null
2025-06-10 19:16:36,680 [WARN] ModelIntegratedComponent:63 - No mode defined for component null
2025-06-10 19:16:36,681 [WARN] ModelIntegratedComponent:63 - No mode defined for component null
2025-06-10 19:16:36,681 [WARN] ModelIntegratedComponent:63 - No mode defined for component null
2025-06-10 19:16:36,681 [WARN] ModelIntegratedComponent:63 - No mode defined for component null
2025-06-10 19:16:36,681 [WARN] ModelIntegratedComponent:63 - No mode defined for component null
2025-06-10 19:16:36,682 [WARN] ModelIntegratedComponent:63 - No mode defined for component null
2025-06-10 19:16:36,682 [WARN] ModelIntegratedComponent:63 - No mode defined for component null
2025-06-10 19:16:36,682 [WARN] ModelIntegratedComponent:63 - No mode defined for component null
2025-06-10 19:16:36,683 [WARN] ModelIntegratedComponent:63 - No mode defined for component null
2025-06-10 19:16:36,683 [WARN] ModelIntegratedComponent:63 - No mode defined for component null
2025-06-10 19:16:36,683 [WARN] ModelIntegratedComponent:63 - No mode defined for component null
2025-06-10 19:16:36,683 [WARN] ModelIntegratedComponent:63 - No mode defined for component null
2025-06-10 19:16:36,684 [WARN] ModelIntegratedComponent:63 - No mode defined for component null
2025-06-10 19:16:36,684 [WARN] ModelIntegratedComponent:63 - No mode defined for component null
2025-06-10 19:16:36,684 [WARN] ModelIntegratedComponent:63 - No mode defined for component null
2025-06-10 19:16:36,684 [WARN] ModelIntegratedComponent:63 - No mode defined for component null
2025-06-10 19:16:36,684 [WARN] ModelIntegratedComponent:63 - No mode defined for component null
2025-06-10 19:16:36,685 [WARN] ModelPack:524 - Component already loaded: STMicroelectronics:HAL Drivers:0.0.0:STMicroelectronics:Device:STMicro_Driver:XSPI:HAL::0.0.1:HAL_XSPI
2025-06-10 19:16:36,820 [INFO] ThirdPartyModel:298 - Start build external matchings
2025-06-10 19:16:37,253 [INFO] ThirdPartyModel:316 - End build external matchings
2025-06-10 19:16:37,289 [INFO] ImportTextPane:218 - (OptionalMessage_ERROR) IP (DMA) : Parameter (Instance) has Id (USART2_TX) currently not set
2025-06-10 19:16:37,290 [INFO] ImportTextPane:218 - (OptionalMessage_ERROR) IP (DMA) : Parameter (Request) has Id (USART2_TX) currently not set
2025-06-10 19:16:37,290 [INFO] ImportTextPane:218 - (OptionalMessage_ERROR) IP (DMA) : Parameter (Direction) has Id (USART2_TX) currently not set
2025-06-10 19:16:37,290 [INFO] ImportTextPane:218 - (OptionalMessage_ERROR) IP (DMA) : Parameter (PeriphInc) has Id (USART2_TX) currently not set
2025-06-10 19:16:37,290 [INFO] ImportTextPane:218 - (OptionalMessage_ERROR) IP (DMA) : Parameter (MemInc) has Id (USART2_TX) currently not set
2025-06-10 19:16:37,290 [INFO] ImportTextPane:218 - (OptionalMessage_ERROR) IP (DMA) : Parameter (PeriphDataAlignment) has Id (USART2_TX) currently not set
2025-06-10 19:16:37,291 [INFO] ImportTextPane:218 - (OptionalMessage_ERROR) IP (DMA) : Parameter (MemDataAlignment) has Id (USART2_TX) currently not set
2025-06-10 19:16:37,291 [INFO] ImportTextPane:218 - (OptionalMessage_ERROR) IP (DMA) : Parameter (Mode) has Id (USART2_TX) currently not set
2025-06-10 19:16:37,291 [INFO] ImportTextPane:218 - (OptionalMessage_ERROR) IP (DMA) : Parameter (Priority) has Id (USART2_TX) currently not set
2025-06-10 19:16:37,295 [INFO] ImportTextPane:218 - (OptionalMessage_ERROR) IP (RCC) : Invalid parameter (FamilyName)
2025-06-10 19:16:37,298 [INFO] ImportTextPane:218 - (OptionalMessage_ERROR) IP (RCC) : Invalid parameter (PWRFreq_Value)
2025-06-10 19:16:37,298 [INFO] ImportTextPane:218 - (OptionalMessage_ERROR) IP (RCC) : Parameter (RTCHSEDivFreq_Value) has invalid value (4000000)
2025-06-10 19:16:37,298 [INFO] ImportTextPane:218 - (OptionalMessage_ERROR) IP (RCC) : Invalid parameter (TIMFreq_Value)
2025-06-10 19:16:37,299 [WARN] IP:2250 - AutoBaudRateEnableParam not found: check if there is a RefParameter without a condition.
2025-06-10 19:16:37,408 [INFO] UtilMem:75 - End LoadConfig() Used Memory: 351585560 Bytes (786432000)
2025-06-10 19:16:37,424 [WARN] ThirdParty:833 - waiting for thirdparty lock release [change project]
2025-06-10 19:16:37,425 [INFO] ThirdParty:835 - entering critical section [change project]
2025-06-10 19:16:37,425 [INFO] ThirdParty:1030 - CMSIS Pack Vendor :STMicroelectronics USBPD 4.1
2025-06-10 19:16:37,425 [INFO] ThirdParty:1030 - CMSIS Pack Vendor :STMicroelectronics X-CUBE-AZRTOS-H7 3.3.0
2025-06-10 19:16:37,426 [INFO] ThirdParty:1030 - CMSIS Pack Vendor :STMicroelectronics X-CUBE-NFC9 1.0.0
2025-06-10 19:16:37,426 [INFO] ThirdParty:1030 - CMSIS Pack Vendor :STMicroelectronics USB_HOST 2.0.0
2025-06-10 19:16:37,426 [INFO] ThirdParty:1030 - CMSIS Pack Vendor :STMicroelectronics FP-SNS-MOTENVWB1 1.4.0
2025-06-10 19:16:37,426 [INFO] ThirdParty:1030 - CMSIS Pack Vendor :STMicroelectronics X-CUBE-AZRTOS-F4 1.1.0
2025-06-10 19:16:37,426 [INFO] ThirdParty:1030 - CMSIS Pack Vendor :STMicroelectronics LIBJPEG 8.0.0
2025-06-10 19:16:37,426 [INFO] ThirdParty:1030 - CMSIS Pack Vendor :STMicroelectronics FP-ATR-ASTRA1 2.0.2
2025-06-10 19:16:37,427 [INFO] ThirdParty:1030 - CMSIS Pack Vendor :STMicroelectronics FP-ATR-ASTRA1 2.0.1
2025-06-10 19:16:37,427 [INFO] ThirdParty:1030 - CMSIS Pack Vendor :STMicroelectronics X-CUBE-BLE1 7.1.0
2025-06-10 19:16:37,427 [INFO] ThirdParty:1030 - CMSIS Pack Vendor :Avnet-IotConnect X-CUBE-IoTC-DA16k-PMOD 1.0.0
2025-06-10 19:16:37,427 [INFO] ThirdParty:1030 - CMSIS Pack Vendor :STMicroelectronics X-CUBE-SMBUS 2.1.0
2025-06-10 19:16:37,427 [INFO] ThirdParty:1030 - CMSIS Pack Vendor :STMicroelectronics X-CUBE-WB05N 1.1.0
2025-06-10 19:16:37,428 [INFO] ThirdParty:1030 - CMSIS Pack Vendor :STMicroelectronics USB_DEVICE 3.0.0
2025-06-10 19:16:37,430 [INFO] ThirdParty:1030 - CMSIS Pack Vendor :STMicroelectronics X-CUBE-ISPU 2.1.0
2025-06-10 19:16:37,430 [INFO] ThirdParty:1030 - CMSIS Pack Vendor :STMicroelectronics X-CUBE-AZRTOS-WB 2.0.0
2025-06-10 19:16:37,430 [INFO] ThirdParty:1030 - CMSIS Pack Vendor :STMicroelectronics X-CUBE-ST60 1.0.0
2025-06-10 19:16:37,430 [INFO] ThirdParty:1030 - CMSIS Pack Vendor :STMicroelectronics X-CUBE-GNSS1 7.0.1
2025-06-10 19:16:37,430 [INFO] ThirdParty:1030 - CMSIS Pack Vendor :STMicroelectronics X-CUBE-AZRTOS-F7 1.1.0
2025-06-10 19:16:37,430 [INFO] ThirdParty:1030 - CMSIS Pack Vendor :STMicroelectronics X-CUBE-AZRTOS-L5 2.0.0
2025-06-10 19:16:37,430 [INFO] ThirdParty:1030 - CMSIS Pack Vendor :STMicroelectronics X-CUBE-TOUCHGFX 4.25.0
2025-06-10 19:16:37,430 [INFO] ThirdParty:1030 - CMSIS Pack Vendor :STMicroelectronics USB_DEVICE 2.0.0
2025-06-10 19:16:37,430 [INFO] ThirdParty:1030 - CMSIS Pack Vendor :STMicroelectronics X-CUBE-NFC6 3.1.0
2025-06-10 19:16:37,430 [INFO] ThirdParty:1030 - CMSIS Pack Vendor :STMicroelectronics X-CUBE-AI 10.1.0
2025-06-10 19:16:37,430 [INFO] ThirdParty:1030 - CMSIS Pack Vendor :STMicroelectronics FP-SNS-STBOX1 2.0.0
2025-06-10 19:16:37,430 [INFO] ThirdParty:1030 - CMSIS Pack Vendor :STMicroelectronics X-CUBE-MEMS1 11.2.0
2025-06-10 19:16:37,430 [INFO] ThirdParty:1030 - CMSIS Pack Vendor :STMicroelectronics FreeRTOS 0.0.1
2025-06-10 19:16:37,430 [INFO] ThirdParty:1030 - CMSIS Pack Vendor :STMicroelectronics X-CUBE-AZRTOS-G0 1.1.0
2025-06-10 19:16:37,430 [INFO] ThirdParty:1030 - CMSIS Pack Vendor :STMicroelectronics X-CUBE-SAFEA1 1.2.2
2025-06-10 19:16:37,430 [INFO] ThirdParty:1030 - CMSIS Pack Vendor :STMicroelectronics X-CUBE-NFC4 3.0.0
2025-06-10 19:16:37,430 [INFO] ThirdParty:1030 - CMSIS Pack Vendor :STMicroelectronics X-CUBE-DPower 1.2.0
2025-06-10 19:16:37,431 [INFO] ThirdParty:1030 - CMSIS Pack Vendor :STMicroelectronics X-CUBE-SUBG2 5.0.0
2025-06-10 19:16:37,431 [INFO] ThirdParty:1030 - CMSIS Pack Vendor :STMicroelectronics X-CUBE-AZRTOS-H7RS 1.1.0
2025-06-10 19:16:37,431 [INFO] ThirdParty:1030 - CMSIS Pack Vendor :STMicroelectronics STM32_WPAN 1.0.0
2025-06-10 19:16:37,432 [INFO] ThirdParty:1030 - CMSIS Pack Vendor :EmbeddedOffice I-CUBE-FS-RTOS 1.0.1
2025-06-10 19:16:37,432 [INFO] ThirdParty:1030 - CMSIS Pack Vendor :STMicroelectronics lwIP 2.0.3
2025-06-10 19:16:37,432 [INFO] ThirdParty:1030 - CMSIS Pack Vendor :STMicroelectronics FP-SNS-FLIGHT1 5.0.2
2025-06-10 19:16:37,433 [INFO] ThirdParty:1030 - CMSIS Pack Vendor :Cesanta I-CUBE-Mongoose 7.13.0
2025-06-10 19:16:37,434 [INFO] ThirdParty:1030 - CMSIS Pack Vendor :STMicroelectronics USB_HOST 1.0.0
2025-06-10 19:16:37,434 [INFO] ThirdParty:1030 - CMSIS Pack Vendor :Infineon AIROC-Wi-Fi-Bluetooth-STM32 1.7.0
2025-06-10 19:16:37,440 [INFO] ThirdParty:1030 - CMSIS Pack Vendor :STMicroelectronics X-CUBE-AZRTOS-G4 2.0.0
2025-06-10 19:16:37,443 [INFO] ThirdParty:1030 - CMSIS Pack Vendor :STMicroelectronics X-CUBE-WB05N 2.0.0
2025-06-10 19:16:37,444 [INFO] ThirdParty:1030 - CMSIS Pack Vendor :STMicroelectronics PDM2PCM 3.1.0
2025-06-10 19:16:37,445 [INFO] ThirdParty:1030 - CMSIS Pack Vendor :STMicroelectronics PDM2PCM 3.3.0
2025-06-10 19:16:37,445 [INFO] ThirdParty:1030 - CMSIS Pack Vendor :STMicroelectronics X-CUBE-DISPLAY 3.0.0
2025-06-10 19:16:37,445 [INFO] ThirdParty:1030 - CMSIS Pack Vendor :STMicroelectronics X-CUBE-NFC7 2.0.0
2025-06-10 19:16:37,445 [INFO] ThirdParty:1030 - CMSIS Pack Vendor :STMicroelectronics X-CUBE-TCPP 4.2.0
2025-06-10 19:16:37,445 [INFO] ThirdParty:1030 - CMSIS Pack Vendor :RealThread X-CUBE-RT-Thread_Nano 4.1.1
2025-06-10 19:16:37,445 [INFO] ThirdParty:1030 - CMSIS Pack Vendor :STMicroelectronics X-CUBE-BLE1 7.0.0
2025-06-10 19:16:37,445 [INFO] ThirdParty:1030 - CMSIS Pack Vendor :STMicroelectronics FP-ATR-SIGFOX1 3.2.0
2025-06-10 19:16:37,445 [INFO] ThirdParty:1030 - CMSIS Pack Vendor :STMicroelectronics X-CUBE-NFC10 1.0.0
2025-06-10 19:16:37,445 [INFO] ThirdParty:1030 - CMSIS Pack Vendor :quantropi X-CUBE-qispace-sdk-base 1.9.3
2025-06-10 19:16:37,445 [INFO] ThirdParty:1030 - CMSIS Pack Vendor :STMicroelectronics X-CUBE-BLEMGR 4.0.0
2025-06-10 19:16:37,445 [INFO] ThirdParty:1030 - CMSIS Pack Vendor :STMicroelectronics X-CUBE-EEPRMA1 5.1.0
2025-06-10 19:16:37,445 [INFO] ThirdParty:1030 - CMSIS Pack Vendor :STMicroelectronics X-CUBE-FREERTOS 1.3.1
2025-06-10 19:16:37,445 [INFO] ThirdParty:1030 - CMSIS Pack Vendor :STMicroelectronics HAL Drivers 0.0.0
2025-06-10 19:16:37,445 [INFO] ThirdParty:1030 - CMSIS Pack Vendor :STMicroelectronics MBEDTLS 2.16.2
2025-06-10 19:16:37,445 [INFO] ThirdParty:1030 - CMSIS Pack Vendor :STMicroelectronics X-CUBE-IPS 3.1.0
2025-06-10 19:16:37,445 [INFO] ThirdParty:1030 - CMSIS Pack Vendor :STMicroelectronics X-CUBE-ALS 1.0.2
2025-06-10 19:16:37,445 [INFO] ThirdParty:1030 - CMSIS Pack Vendor :emotas I-CUBE-CANOPEN 1.3.0
2025-06-10 19:16:37,446 [INFO] ThirdParty:1030 - CMSIS Pack Vendor :STMicroelectronics X-CUBE-FREERTOS 1.3.0
2025-06-10 19:16:37,450 [INFO] ThirdParty:1030 - CMSIS Pack Vendor :STMicroelectronics X-CUBE-NFC7 1.0.1
2025-06-10 19:16:37,452 [INFO] ThirdParty:1030 - CMSIS Pack Vendor :STMicroelectronics MBEDTLS 2.14.1
2025-06-10 19:16:37,452 [INFO] ThirdParty:1030 - CMSIS Pack Vendor :wolfSSL I-CUBE-wolfSSL 5.7.6
2025-06-10 19:16:37,452 [INFO] ThirdParty:1030 - CMSIS Pack Vendor :ITTIA_DB I-CUBE-ITTIADB 8.9.0
2025-06-10 19:16:37,452 [INFO] ThirdParty:1030 - CMSIS Pack Vendor :STMicroelectronics X-CUBE-TOUCHGFX 4.24.2
2025-06-10 19:16:37,452 [INFO] ThirdParty:1030 - CMSIS Pack Vendor :wolfSSL I-CUBE-wolfTPM 3.4.0
2025-06-10 19:16:37,452 [INFO] ThirdParty:1030 - CMSIS Pack Vendor :portGmbH I-Cube-SoM-uGOAL 1.1.0
2025-06-10 19:16:37,452 [INFO] ThirdParty:1030 - CMSIS Pack Vendor :STMicroelectronics X-CUBE-AI 10.0.0
2025-06-10 19:16:37,452 [INFO] ThirdParty:1030 - CMSIS Pack Vendor :STMicroelectronics X-CUBE-ST67W61 1.0.0
2025-06-10 19:16:37,452 [INFO] ThirdParty:1030 - CMSIS Pack Vendor :STMicroelectronics ThreadX 1.0.0
2025-06-10 19:16:37,452 [INFO] ThirdParty:1030 - CMSIS Pack Vendor :STMicroelectronics FP-SNS-SMARTAG2 1.2.0
2025-06-10 19:16:37,452 [INFO] ThirdParty:1030 - CMSIS Pack Vendor :STMicroelectronics FP-SNS-FLIGHT1 5.1.0
2025-06-10 19:16:37,452 [INFO] ThirdParty:1030 - CMSIS Pack Vendor :STMicroelectronics X-CUBE-MEMS1 11.1.0
2025-06-10 19:16:37,452 [INFO] ThirdParty:1030 - CMSIS Pack Vendor :STMicroelectronics X-CUBE-AZRTOS-WL 2.0.0
2025-06-10 19:16:37,452 [INFO] ThirdParty:1030 - CMSIS Pack Vendor :SEGGER I-CUBE-embOS 1.3.1
2025-06-10 19:16:37,452 [INFO] ThirdParty:1030 - CMSIS Pack Vendor :STMicroelectronics X-CUBE-ALGOBUILD 1.4.0
2025-06-10 19:16:37,452 [INFO] ThirdParty:1030 - CMSIS Pack Vendor :STMicroelectronics X-CUBE-DPower 1.3.0
2025-06-10 19:16:37,452 [INFO] ThirdParty:1030 - CMSIS Pack Vendor :STMicroelectronics FP-SNS-MOTENV1 5.0.0
2025-06-10 19:16:37,452 [INFO] ThirdParty:1030 - CMSIS Pack Vendor :STMicroelectronics USB_DEVICE 1.0.0
2025-06-10 19:16:37,452 [INFO] ThirdParty:1030 - CMSIS Pack Vendor :STMicroelectronics X-CUBE-AZRTOS-H7RS 1.0.0
2025-06-10 19:16:37,452 [INFO] ThirdParty:1030 - CMSIS Pack Vendor :wolfSSL I-CUBE-wolfMQTT 1.19.0
2025-06-10 19:16:37,452 [INFO] ThirdParty:1030 - CMSIS Pack Vendor :STMicroelectronics X-CUBE-AZRTOS-L4 2.0.0
2025-06-10 19:16:37,452 [INFO] ThirdParty:1030 - CMSIS Pack Vendor :STMicroelectronics ThreadX 0.0.2
2025-06-10 19:16:37,452 [INFO] ThirdParty:1030 - CMSIS Pack Vendor :WES I-CUBE-Cesium 1.3.0
2025-06-10 19:16:37,453 [INFO] ThirdParty:1030 - CMSIS Pack Vendor :STMicroelectronics lwIP 2.1.2
2025-06-10 19:16:37,453 [INFO] ThirdParty:1030 - CMSIS Pack Vendor :STMicroelectronics X-CUBE-SFXS2LP1 4.0.0
2025-06-10 19:16:37,453 [INFO] ThirdParty:1030 - CMSIS Pack Vendor :STMicroelectronics X-CUBE-BLE2 3.3.0
2025-06-10 19:16:37,453 [INFO] ThirdParty:1030 - CMSIS Pack Vendor :STMicroelectronics X-CUBE-TOF1 3.4.2
2025-06-10 19:16:37,453 [INFO] ThirdParty:1030 - CMSIS Pack Vendor :STMicroelectronics X-CUBE-TOF1 3.4.3
2025-06-10 19:16:37,453 [INFO] ThirdParty:1030 - CMSIS Pack Vendor :STMicroelectronics PDM2PCM 3.2.0
2025-06-10 19:16:37,453 [INFO] ThirdParty:1030 - CMSIS Pack Vendor :wolfSSL I-CUBE-wolfSSH 1.4.17
2025-06-10 19:16:37,453 [INFO] ThirdParty:841 - exiting critical section [change project]
2025-06-10 19:16:37,790 [INFO] PinOutPanel:1589 - setPackage(No Configuration,No Configuration)
2025-06-10 19:16:37,792 [INFO] PinOutPanel:1589 - setPackage(STM32L011K4Tx,LQFP32)
2025-06-10 19:16:38,351 [INFO] UtilMem:75 - Before build in PCC Used Memory: 468188584 Bytes (786432000)
2025-06-10 19:16:38,795 [INFO] UtilMem:75 - After build in PCC Used Memory: 543686040 Bytes (786432000)
2025-06-10 19:16:38,814 [INFO] IPUIPlugin:80 - create IPUIPlugin
2025-06-10 19:16:38,815 [INFO] IPUIPlugin:80 - create IPUIPlugin
2025-06-10 19:16:38,815 [INFO] IPUIPlugin:80 - create IPUIPlugin
2025-06-10 19:16:38,815 [INFO] IPUIPlugin:80 - create IPUIPlugin
2025-06-10 19:16:38,815 [INFO] IPUIPlugin:80 - create IPUIPlugin
2025-06-10 19:16:38,815 [INFO] IPUIPlugin:80 - create IPUIPlugin
2025-06-10 19:16:38,815 [INFO] IPUIPlugin:80 - create IPUIPlugin
2025-06-10 19:16:38,816 [INFO] IPUIPlugin:80 - create IPUIPlugin
2025-06-10 19:16:38,817 [INFO] IPUIPlugin:80 - create IPUIPlugin
2025-06-10 19:16:38,817 [INFO] IPUIPlugin:80 - create IPUIPlugin
2025-06-10 19:16:38,817 [INFO] IPUIPlugin:80 - create IPUIPlugin
2025-06-10 19:16:38,817 [INFO] IPUIPlugin:80 - create IPUIPlugin
2025-06-10 19:16:38,817 [INFO] IPUIPlugin:80 - create IPUIPlugin
2025-06-10 19:16:38,817 [INFO] IPUIPlugin:80 - create IPUIPlugin
2025-06-10 19:16:38,817 [INFO] IPUIPlugin:80 - create IPUIPlugin
2025-06-10 19:16:38,817 [INFO] IPUIPlugin:80 - create IPUIPlugin
2025-06-10 19:16:38,817 [INFO] IPUIPlugin:80 - create IPUIPlugin
2025-06-10 19:16:38,818 [INFO] IPUIPlugin:80 - create IPUIPlugin
2025-06-10 19:16:38,818 [INFO] IPUIPlugin:80 - create IPUIPlugin
2025-06-10 19:16:38,818 [INFO] IPUIPlugin:80 - create IPUIPlugin
2025-06-10 19:16:38,818 [INFO] IPUIPlugin:80 - create IPUIPlugin
2025-06-10 19:16:38,827 [WARN] IP:2250 - AutoBaudRateEnableParam not found: check if there is a RefParameter without a condition.
2025-06-10 19:16:38,914 [INFO] CADModel:165 - CPN selected for project levelSTM32L011K4T6
2025-06-10 19:16:38,914 [INFO] CADModel:114 - Register for checkConnection events
2025-06-10 19:16:38,958 [INFO] OpenFileManager:385 - Restore cursor
2025-06-10 19:16:39,157 [WARN] IP:2250 - AutoBaudRateEnableParam not found: check if there is a RefParameter without a condition.
2025-06-10 19:16:39,158 [WARN] IP:2250 - AutoBaudRateEnableParam not found: check if there is a RefParameter without a condition.
2025-06-10 19:17:00,386 [WARN] IP:2250 - AutoBaudRateEnableParam not found: check if there is a RefParameter without a condition.
2025-06-10 19:17:18,142 [WARN] IP:2250 - AutoBaudRateEnableParam not found: check if there is a RefParameter without a condition.
2025-06-10 19:17:24,997 [INFO] NvicIntPanel:101 - NVIC parent = com.st.microxplorer.plugins.ip.nvic.MultiNvicIntPanel[,0,0,0x0,invalid,layout=javax.swing.BoxLayout,alignmentX=0.0,alignmentY=0.0,border=,flags=9,maximumSize=,minimumSize=,preferredSize=]
2025-06-10 19:17:25,052 [WARN] IP:2250 - AutoBaudRateEnableParam not found: check if there is a RefParameter without a condition.
2025-06-10 19:17:25,054 [WARN] IP:2250 - AutoBaudRateEnableParam not found: check if there is a RefParameter without a condition.
2025-06-10 19:17:53,389 [INFO] NvicIntPanel:101 - NVIC parent = com.st.microxplorer.plugins.ip.nvic.MultiNvicIntPanel[,0,0,450x302,layout=javax.swing.BoxLayout,alignmentX=0.0,alignmentY=0.0,border=,flags=9,maximumSize=,minimumSize=,preferredSize=]
2025-06-10 19:17:58,739 [INFO] UtilMem:75 - End SaveConfig() Used Memory: 410313568 Bytes (786432000)
2025-06-10 19:18:01,167 [INFO] UtilMem:75 - End SaveConfig() Used Memory: 428139360 Bytes (786432000)
2025-06-10 19:18:03,350 [INFO] UtilMem:75 - End SaveConfig() Used Memory: 469033824 Bytes (786432000)
2025-06-10 19:18:04,607 [INFO] BlockDiagram:2775 - set Specific Code input for plugin: NVIC
2025-06-10 19:18:04,614 [INFO] BlockDiagram:2775 - set Specific Code input for plugin: SYS
2025-06-10 19:18:04,616 [INFO] BlockDiagram:2775 - set Specific Code input for plugin: GPIO
2025-06-10 19:18:04,616 [INFO] BlockDiagram:2775 - set Specific Code input for plugin: USART
2025-06-10 19:18:04,616 [INFO] BlockDiagram:2775 - set Specific Code input for plugin: RCC
2025-06-10 19:18:04,616 [INFO] BlockDiagram:2775 - set Specific Code input for plugin: LPUART
2025-06-10 19:18:04,616 [INFO] BlockDiagram:2775 - set Specific Code input for plugin: DMA
2025-06-10 19:18:04,618 [INFO] CodeGenerator:882 - code generatio: config db path: /Applications/STM32CubeIDE.app/Contents/Eclipse/plugins/com.st.stm32cube.common.mx_6.14.1.202504091515//db/
2025-06-10 19:18:04,650 [WARN] IP:2250 - AutoBaudRateEnableParam not found: check if there is a RefParameter without a condition.
2025-06-10 19:18:04,651 [INFO] Argument:325 - Argument : hdmavalue: null
2025-06-10 19:18:04,651 [INFO] Argument:327 - 	 sub Args: 
2025-06-10 19:18:04,651 [INFO] Argument:325 - Argument : Instancevalue: DMA1_Channel2
2025-06-10 19:18:04,651 [INFO] Argument:335 - Argument : Instancevalue: DMA1_Channel2
2025-06-10 19:18:04,651 [INFO] Argument:325 - Argument : Initvalue: null
2025-06-10 19:18:04,651 [INFO] Argument:327 - 	 sub Args: 
2025-06-10 19:18:04,651 [INFO] Argument:325 - Argument : Requestvalue: DMA_REQUEST_4
2025-06-10 19:18:04,651 [INFO] Argument:335 - Argument : Requestvalue: DMA_REQUEST_4
2025-06-10 19:18:04,651 [INFO] Argument:325 - Argument : Directionvalue: DMA_MEMORY_TO_PERIPH
2025-06-10 19:18:04,651 [INFO] Argument:335 - Argument : Directionvalue: DMA_MEMORY_TO_PERIPH
2025-06-10 19:18:04,651 [INFO] Argument:325 - Argument : PeriphIncvalue: DMA_PINC_DISABLE
2025-06-10 19:18:04,651 [INFO] Argument:335 - Argument : PeriphIncvalue: DMA_PINC_DISABLE
2025-06-10 19:18:04,651 [INFO] Argument:325 - Argument : MemIncvalue: DMA_MINC_ENABLE
2025-06-10 19:18:04,651 [INFO] Argument:335 - Argument : MemIncvalue: DMA_MINC_ENABLE
2025-06-10 19:18:04,651 [INFO] Argument:325 - Argument : PeriphDataAlignmentvalue: DMA_PDATAALIGN_BYTE
2025-06-10 19:18:04,651 [INFO] Argument:335 - Argument : PeriphDataAlignmentvalue: DMA_PDATAALIGN_BYTE
2025-06-10 19:18:04,651 [INFO] Argument:325 - Argument : MemDataAlignmentvalue: DMA_MDATAALIGN_BYTE
2025-06-10 19:18:04,651 [INFO] Argument:335 - Argument : MemDataAlignmentvalue: DMA_MDATAALIGN_BYTE
2025-06-10 19:18:04,651 [INFO] Argument:325 - Argument : Modevalue: DMA_NORMAL
2025-06-10 19:18:04,651 [INFO] Argument:335 - Argument : Modevalue: DMA_NORMAL
2025-06-10 19:18:04,651 [INFO] Argument:325 - Argument : Priorityvalue: DMA_PRIORITY_LOW
2025-06-10 19:18:04,651 [INFO] Argument:335 - Argument : Priorityvalue: DMA_PRIORITY_LOW
2025-06-10 19:18:04,651 [INFO] Argument:325 - Argument : Lockvalue: null
2025-06-10 19:18:04,652 [INFO] Argument:335 - Argument : Lockvalue: null
2025-06-10 19:18:04,652 [INFO] Argument:325 - Argument : Statevalue: null
2025-06-10 19:18:04,652 [INFO] Argument:335 - Argument : Statevalue: null
2025-06-10 19:18:04,652 [INFO] Argument:325 - Argument : Parentvalue: null
2025-06-10 19:18:04,652 [INFO] Argument:335 - Argument : Parentvalue: null
2025-06-10 19:18:04,652 [INFO] Argument:325 - Argument : XferCpltCallbackvalue: null
2025-06-10 19:18:04,652 [INFO] Argument:335 - Argument : XferCpltCallbackvalue: null
2025-06-10 19:18:04,652 [INFO] Argument:325 - Argument : XferHalfCpltCallbackvalue: null
2025-06-10 19:18:04,652 [INFO] Argument:335 - Argument : XferHalfCpltCallbackvalue: null
2025-06-10 19:18:04,652 [INFO] Argument:325 - Argument : XferErrorCallbackvalue: null
2025-06-10 19:18:04,652 [INFO] Argument:335 - Argument : XferErrorCallbackvalue: null
2025-06-10 19:18:04,652 [INFO] Argument:325 - Argument : ErrorCodevalue: null
2025-06-10 19:18:04,652 [INFO] Argument:335 - Argument : ErrorCodevalue: null
2025-06-10 19:18:04,765 [INFO] CodeEngine:263 - oldGeneratedFile, /Users/himadri_joy/Desktop/master thesis/VLC Thesis /STM32/inverse_UART_test_01/MXTmpFiles/license.tmp_save
2025-06-10 19:18:05,146 [INFO] CodeEngine:287 - Generated code: /Users/himadri_joy/Desktop/master thesis/VLC Thesis /STM32/inverse_UART_test_01/MXTmpFiles/license.tmp
2025-06-10 19:18:05,246 [INFO] CodeEngine:263 - oldGeneratedFile, /Users/himadri_joy/Desktop/master thesis/VLC Thesis /STM32/inverse_UART_test_01/MXTmpFiles/gpio.tmp_save
2025-06-10 19:18:05,449 [INFO] CodeEngine:287 - Generated code: /Users/himadri_joy/Desktop/master thesis/VLC Thesis /STM32/inverse_UART_test_01/MXTmpFiles/gpio.tmp
2025-06-10 19:18:05,612 [INFO] CodeEngine:263 - oldGeneratedFile, /Users/himadri_joy/Desktop/master thesis/VLC Thesis /STM32/inverse_UART_test_01/MXTmpFiles/dma.tmp_save
2025-06-10 19:18:05,706 [INFO] CodeEngine:287 - Generated code: /Users/himadri_joy/Desktop/master thesis/VLC Thesis /STM32/inverse_UART_test_01/MXTmpFiles/dma.tmp
2025-06-10 19:18:05,708 [INFO] CodeEngine:263 - oldGeneratedFile, /Users/himadri_joy/Desktop/master thesis/VLC Thesis /STM32/inverse_UART_test_01/MXTmpFiles/dma_GV.tmp_save
2025-06-10 19:18:05,795 [INFO] CodeEngine:287 - Generated code: /Users/himadri_joy/Desktop/master thesis/VLC Thesis /STM32/inverse_UART_test_01/MXTmpFiles/dma_GV.tmp
2025-06-10 19:18:05,810 [INFO] CodeEngine:263 - oldGeneratedFile, /Users/himadri_joy/Desktop/master thesis/VLC Thesis /STM32/inverse_UART_test_01/Core/Src/stm32l0xx_it.c_save
2025-06-10 19:18:06,034 [INFO] CodeEngine:287 - Generated code: /Users/himadri_joy/Desktop/master thesis/VLC Thesis /STM32/inverse_UART_test_01/Core/Src/stm32l0xx_it.c
2025-06-10 19:18:06,036 [INFO] CodeEngine:263 - oldGeneratedFile, /Users/himadri_joy/Desktop/master thesis/VLC Thesis /STM32/inverse_UART_test_01/Core/Inc/stm32l0xx_it.h_save
2025-06-10 19:18:06,123 [INFO] CodeEngine:287 - Generated code: /Users/himadri_joy/Desktop/master thesis/VLC Thesis /STM32/inverse_UART_test_01/Core/Inc/stm32l0xx_it.h
2025-06-10 19:18:06,130 [INFO] CodeEngine:263 - oldGeneratedFile, /Users/himadri_joy/Desktop/master thesis/VLC Thesis /STM32/inverse_UART_test_01/Core/Src/stm32l0xx_hal_msp.c_save
2025-06-10 19:18:06,396 [INFO] CodeEngine:287 - Generated code: /Users/himadri_joy/Desktop/master thesis/VLC Thesis /STM32/inverse_UART_test_01/Core/Src/stm32l0xx_hal_msp.c
2025-06-10 19:18:06,398 [INFO] CodeEngine:263 - oldGeneratedFile, /Users/himadri_joy/Desktop/master thesis/VLC Thesis /STM32/inverse_UART_test_01/MXTmpFiles/system.tmp_save
2025-06-10 19:18:06,454 [INFO] CodeEngine:287 - Generated code: /Users/himadri_joy/Desktop/master thesis/VLC Thesis /STM32/inverse_UART_test_01/MXTmpFiles/system.tmp
2025-06-10 19:18:06,460 [INFO] CodeEngine:319 - oldGeneratedFile, /Users/himadri_joy/Desktop/master thesis/VLC Thesis /STM32/inverse_UART_test_01/Core/Inc/stm32l0xx_hal_conf.h_save
2025-06-10 19:18:06,515 [INFO] CodeEngine:343 - Generated code: /Users/himadri_joy/Desktop/master thesis/VLC Thesis /STM32/inverse_UART_test_01/Core/Inc/stm32l0xx_hal_conf.h
2025-06-10 19:18:06,564 [INFO] ApiDbMcu:508 - Load IP Config File for LPUART1
2025-06-10 19:18:06,570 [INFO] ApiDbMcu:508 - Load IP Config File for USART2
2025-06-10 19:18:06,576 [INFO] ApiDbMcu:508 - Load IP Config File for RCC
2025-06-10 19:18:06,583 [INFO] CodeEngine:263 - oldGeneratedFile, /Users/himadri_joy/Desktop/master thesis/VLC Thesis /STM32/inverse_UART_test_01/Core/Inc/main.h_save
2025-06-10 19:18:06,677 [INFO] CodeEngine:287 - Generated code: /Users/himadri_joy/Desktop/master thesis/VLC Thesis /STM32/inverse_UART_test_01/Core/Inc/main.h
2025-06-10 19:18:06,679 [INFO] CodeEngine:263 - oldGeneratedFile, /Users/himadri_joy/Desktop/master thesis/VLC Thesis /STM32/inverse_UART_test_01/Core/Src/main.c_save
2025-06-10 19:18:06,842 [INFO] CodeEngine:287 - Generated code: /Users/himadri_joy/Desktop/master thesis/VLC Thesis /STM32/inverse_UART_test_01/Core/Src/main.c
2025-06-10 19:18:07,031 [INFO] ProjectBuilder:3324 - Time for Copy HAL[1] : 68mS.
2025-06-10 19:18:07,034 [INFO] ProjectBuilder:4912 - Project Generator version: 4.6.0.1-B1
2025-06-10 19:18:07,116 [INFO] ConfigFileManager:1590 - The Die is : DIE457
2025-06-10 19:18:07,121 [INFO] ApiDbMcu:508 - Load IP Config File for FATFS
2025-06-10 19:18:07,131 [INFO] ApiDbMcu:508 - Load IP Config File for FREERTOS
2025-06-10 19:18:08,662 [INFO] ProjectBuilder:5191 - Time for Generating toolchain IDE Files: 1626mS.
2025-06-10 19:18:08,663 [INFO] ProjectBuilder:3181 - Time for Copy CMSIS : 0mS.
2025-06-10 19:18:08,663 [INFO] ProjectBuilder:3181 - Time for Copy CMSIS : 0mS.
2025-06-10 19:19:57,324 [INFO] MainUpdater:2872 - connection check result : 10
2025-06-10 19:19:57,332 [INFO] MainUpdater:2872 - connection check result : 10
2025-06-10 19:19:57,751 [INFO] MicroXplorer:468 - Change Database Path : 
2025-06-10 19:19:57,752 [INFO] MicroXplorer:498 - Change Database Version : DB.6.0.141
2025-06-10 19:19:57,833 [ERROR] ProjectManagerView:395 - 
java.lang.NullPointerException: Cannot invoke "javax.swing.JTextField.getText()" because the return value of "java.util.List.get(int)" is null
	at com.st.microxplorer.plugins.projectmanager.gui.ProjectChoiceTab$9.caretUpdate(ProjectChoiceTab.java:2678) ~[filemanager.jar:?]
	at javax.swing.text.JTextComponent.fireCaretUpdate(JTextComponent.java:408) ~[?:?]
	at javax.swing.text.JTextComponent$MutableCaretEvent.fire(JTextComponent.java:4484) ~[?:?]
	at javax.swing.text.JTextComponent$MutableCaretEvent.stateChanged(JTextComponent.java:4506) ~[?:?]
	at javax.swing.text.DefaultCaret.fireStateChanged(DefaultCaret.java:857) ~[?:?]
	at javax.swing.text.DefaultCaret.changeCaretPosition(DefaultCaret.java:1343) ~[?:?]
	at javax.swing.text.DefaultCaret.handleSetDot(DefaultCaret.java:1242) ~[?:?]
	at javax.swing.text.DefaultCaret.setDot(DefaultCaret.java:1223) ~[?:?]
	at javax.swing.text.DefaultCaret$Handler.insertUpdate(DefaultCaret.java:1819) ~[?:?]
	at javax.swing.text.AbstractDocument.fireInsertUpdate(AbstractDocument.java:227) ~[?:?]
	at javax.swing.text.AbstractDocument.handleInsertString(AbstractDocument.java:781) ~[?:?]
	at javax.swing.text.AbstractDocument.insertString(AbstractDocument.java:740) ~[?:?]
	at javax.swing.text.PlainDocument.insertString(PlainDocument.java:131) ~[?:?]
	at javax.swing.text.AbstractDocument.replace(AbstractDocument.java:699) ~[?:?]
	at javax.swing.text.JTextComponent.setText(JTextComponent.java:1725) ~[?:?]
	at com.st.microxplorer.plugins.projectmanager.gui.ProjectChoiceTab.createHeapStackFields(ProjectChoiceTab.java:979) ~[filemanager.jar:?]
	at com.st.microxplorer.plugins.projectmanager.gui.ProjectChoiceTab.buildLinkSettingsPanel(ProjectChoiceTab.java:3766) ~[filemanager.jar:?]
	at com.st.microxplorer.plugins.projectmanager.gui.ProjectChoiceTab.defineWindowsFields(ProjectChoiceTab.java:1962) ~[filemanager.jar:?]
	at com.st.microxplorer.plugins.projectmanager.gui.ProjectChoiceTab.updateSettings(ProjectChoiceTab.java:555) ~[filemanager.jar:?]
	at com.st.microxplorer.plugins.projectmanager.gui.ProjectSettingsPanel.UpdateDialog(ProjectSettingsPanel.java:245) ~[filemanager.jar:?]
	at com.st.microxplorer.plugins.projectmanager.ProjectManagerView.propertyChange(ProjectManagerView.java:392) ~[filemanager.jar:?]
	at java.beans.PropertyChangeSupport.fire(PropertyChangeSupport.java:343) ~[?:?]
	at java.beans.PropertyChangeSupport.firePropertyChange(PropertyChangeSupport.java:335) ~[?:?]
	at java.beans.PropertyChangeSupport.firePropertyChange(PropertyChangeSupport.java:268) ~[?:?]
	at com.st.microxplorer.util.MXPropertyChangeSupport.firePropertyChange(MXPropertyChangeSupport.java:54) ~[STM32CubeMX.jar:?]
	at com.st.microxplorer.mxsystem.MxSystem.closeConfig(MxSystem.java:899) ~[STM32CubeMX.jar:?]
	at com.st.microxplorer.maingui.MainPanel.closeConfig(MainPanel.java:789) ~[STM32CubeMX.jar:?]
	at com.st.microxplorer.plugins.filemanager.engine.OpenFileManager.loadConfigurationFile(OpenFileManager.java:287) ~[filemanager.jar:?]
	at com.st.microxplorer.plugins.filemanager.engine.MainFileManager.userLoadConfig(MainFileManager.java:341) ~[filemanager.jar:?]
	at com.st.microxplorer.plugins.filemanager.engine.MainFileManager.userLoadConfig(MainFileManager.java:319) ~[filemanager.jar:?]
	at com.st.microxplorer.plugins.filemanager.FileManagerView.getSpecificTask(FileManagerView.java:246) ~[filemanager.jar:?]
	at com.st.stm32cube.common.mx.editor.CubeMxEditor.getMxTabbedPaneInstance(CubeMxEditor.java:1198) ~[com.st.stm32cube.common.mx_6.14.1.202504091515/:?]
	at com.st.stm32cube.common.mx.editor.CubeMxEditor$12$1.createSwingComponent(CubeMxEditor.java:1068) ~[com.st.stm32cube.common.mx_6.14.1.202504091515/:?]
	at com.st.stm32cube.common.mx.oss.core.awtswtbridge.EmbeddedSwingComposite.doComponentCreation(EmbeddedSwingComposite.java:492) ~[com.st.stm32cube.common.mx.oss_6.14.1.202504091515/:?]
	at com.st.stm32cube.common.mx.oss.core.awtswtbridge.EmbeddedSwingComposite$4.run(EmbeddedSwingComposite.java:291) ~[com.st.stm32cube.common.mx.oss_6.14.1.202504091515/:?]
	at com.st.stm32cube.common.mx.oss.core.awtswtbridge.AwtEnvironment$2.run(AwtEnvironment.java:166) ~[com.st.stm32cube.common.mx.oss_6.14.1.202504091515/:?]
	at java.awt.event.InvocationEvent.dispatch(InvocationEvent.java:318) ~[?:?]
	at java.awt.EventQueue.dispatchEventImpl(EventQueue.java:773) ~[?:?]
	at java.awt.EventQueue$4.run(EventQueue.java:720) ~[?:?]
	at java.awt.EventQueue$4.run(EventQueue.java:714) ~[?:?]
	at java.security.AccessController.doPrivileged(AccessController.java:400) ~[?:?]
	at java.security.ProtectionDomain$JavaSecurityAccessImpl.doIntersectionPrivilege(ProtectionDomain.java:87) ~[?:?]
	at java.awt.EventQueue.dispatchEvent(EventQueue.java:742) ~[?:?]
	at java.awt.EventDispatchThread.pumpOneEventForFilters(EventDispatchThread.java:203) ~[?:?]
	at java.awt.EventDispatchThread.pumpEventsForFilter(EventDispatchThread.java:124) ~[?:?]
	at java.awt.EventDispatchThread.pumpEventsForHierarchy(EventDispatchThread.java:113) ~[?:?]
	at java.awt.EventDispatchThread.pumpEvents(EventDispatchThread.java:109) ~[?:?]
	at java.awt.EventDispatchThread.pumpEvents(EventDispatchThread.java:101) ~[?:?]
	at java.awt.EventDispatchThread.run(EventDispatchThread.java:90) ~[?:?]
2025-06-10 19:19:57,840 [WARN] ThirdParty:871 - waiting for thirdparty lock release [close project]
2025-06-10 19:19:57,841 [INFO] ThirdParty:873 - entering critical section [close project]
2025-06-10 19:19:57,841 [INFO] ThirdParty:883 - exiting critical section [close project]
2025-06-10 19:19:57,844 [INFO] PinOutPanel:1589 - setPackage(No Configuration,No Configuration)
2025-06-10 19:19:57,848 [INFO] UtilMem:75 - Begin LoadConfig() Used Memory: 687059832 Bytes (786432000)
2025-06-10 19:19:57,850 [INFO] MicroXplorer:468 - Change Database Path : 
2025-06-10 19:19:57,851 [INFO] MicroXplorer:498 - Change Database Version : DB.6.0.141
2025-06-10 19:19:57,851 [INFO] OpenFileManager:354 - Change cursor
2025-06-10 19:19:57,891 [INFO] RulesReader:64 - Compatibility file has been processed (302 Rules)
2025-06-10 19:19:57,900 [INFO] Mcu:2011 - Initializing MCU STM32L011K(3-4)Tx STM32L011K4Tx STM32L011K4T6
2025-06-10 19:19:58,282 [INFO] Context:756 - Trying to add GPIOservice into a context  which must be forbidden
2025-06-10 19:19:58,487 [INFO] ImportTextPane:218 - (OptionalMessage_ERROR) Pin11 (VP_RIF_VS_RIF1) cannot be retrieved for this MCU
2025-06-10 19:19:58,579 [INFO] RtosManager:558 - Registered RTOS mode: class=CMSIS, group=RTOS, mode=CMSIS_V1, owner=FREERTOS
2025-06-10 19:19:58,579 [INFO] RtosManager:558 - Registered RTOS mode: class=CMSIS, group=RTOS2, mode=CMSIS_V2, owner=FREERTOS
2025-06-10 19:19:58,579 [INFO] RtosManager:558 - Registered RTOS mode: class=RTOS, group=Core, mode=CMSIS_V1, owner=FREERTOS
2025-06-10 19:19:58,579 [INFO] RtosManager:558 - Registered RTOS mode: class=RTOS, group=Core, mode=CMSIS_V2, owner=FREERTOS
2025-06-10 19:19:58,579 [WARN] ModelIntegratedComponent:184 - Missing modes for component STMicroelectronics:FreeRTOS:0.0.1:STMicroelectronics:RTOS:FreeRTOS:Core:::10.2.0:
2025-06-10 19:19:58,591 [WARN] ModelIntegratedComponent:63 - No mode defined for component null
2025-06-10 19:19:58,591 [WARN] ModelIntegratedComponent:63 - No mode defined for component null
2025-06-10 19:19:58,591 [WARN] ModelIntegratedComponent:63 - No mode defined for component null
2025-06-10 19:19:58,592 [WARN] ModelIntegratedComponent:63 - No mode defined for component null
2025-06-10 19:19:58,592 [WARN] ModelIntegratedComponent:63 - No mode defined for component null
2025-06-10 19:19:58,592 [WARN] ModelIntegratedComponent:63 - No mode defined for component null
2025-06-10 19:19:58,592 [WARN] ModelIntegratedComponent:63 - No mode defined for component null
2025-06-10 19:19:58,592 [WARN] ModelIntegratedComponent:63 - No mode defined for component null
2025-06-10 19:19:58,592 [WARN] ModelIntegratedComponent:63 - No mode defined for component null
2025-06-10 19:19:58,592 [WARN] ModelIntegratedComponent:63 - No mode defined for component null
2025-06-10 19:19:58,592 [WARN] ModelIntegratedComponent:63 - No mode defined for component null
2025-06-10 19:19:58,592 [WARN] ModelIntegratedComponent:63 - No mode defined for component null
2025-06-10 19:19:58,592 [WARN] ModelIntegratedComponent:63 - No mode defined for component null
2025-06-10 19:19:58,592 [WARN] ModelIntegratedComponent:63 - No mode defined for component null
2025-06-10 19:19:58,592 [WARN] ModelIntegratedComponent:63 - No mode defined for component null
2025-06-10 19:19:58,592 [WARN] ModelIntegratedComponent:63 - No mode defined for component null
2025-06-10 19:19:58,592 [WARN] ModelIntegratedComponent:63 - No mode defined for component null
2025-06-10 19:19:58,592 [WARN] ModelIntegratedComponent:63 - No mode defined for component null
2025-06-10 19:19:58,592 [WARN] ModelIntegratedComponent:63 - No mode defined for component null
2025-06-10 19:19:58,592 [WARN] ModelIntegratedComponent:63 - No mode defined for component null
2025-06-10 19:19:58,592 [WARN] ModelIntegratedComponent:63 - No mode defined for component null
2025-06-10 19:19:58,592 [WARN] ModelIntegratedComponent:63 - No mode defined for component null
2025-06-10 19:19:58,592 [WARN] ModelIntegratedComponent:63 - No mode defined for component null
2025-06-10 19:19:58,592 [WARN] ModelIntegratedComponent:63 - No mode defined for component null
2025-06-10 19:19:58,592 [WARN] ModelIntegratedComponent:63 - No mode defined for component null
2025-06-10 19:19:58,592 [WARN] ModelIntegratedComponent:63 - No mode defined for component null
2025-06-10 19:19:58,592 [WARN] ModelIntegratedComponent:63 - No mode defined for component null
2025-06-10 19:19:58,592 [WARN] ModelIntegratedComponent:63 - No mode defined for component null
2025-06-10 19:19:58,592 [WARN] ModelIntegratedComponent:63 - No mode defined for component null
2025-06-10 19:19:58,592 [WARN] ModelIntegratedComponent:63 - No mode defined for component null
2025-06-10 19:19:58,592 [WARN] ModelIntegratedComponent:63 - No mode defined for component null
2025-06-10 19:19:58,592 [WARN] ModelIntegratedComponent:63 - No mode defined for component null
2025-06-10 19:19:58,592 [WARN] ModelIntegratedComponent:63 - No mode defined for component null
2025-06-10 19:19:58,592 [WARN] ModelIntegratedComponent:63 - No mode defined for component null
2025-06-10 19:19:58,592 [WARN] ModelIntegratedComponent:63 - No mode defined for component null
2025-06-10 19:19:58,592 [WARN] ModelPack:524 - Component already loaded: STMicroelectronics:HAL Drivers:0.0.0:STMicroelectronics:Device:STMicro_Driver:XSPI:HAL::0.0.1:HAL_XSPI
2025-06-10 19:19:58,650 [INFO] ThirdPartyModel:298 - Start build external matchings
2025-06-10 19:19:59,030 [INFO] ThirdPartyModel:316 - End build external matchings
2025-06-10 19:19:59,047 [INFO] ImportTextPane:218 - (OptionalMessage_ERROR) IP (DMA) : Parameter (Instance) has Id (USART2_TX) currently not set
2025-06-10 19:19:59,047 [INFO] ImportTextPane:218 - (OptionalMessage_ERROR) IP (DMA) : Parameter (Request) has Id (USART2_TX) currently not set
2025-06-10 19:19:59,047 [INFO] ImportTextPane:218 - (OptionalMessage_ERROR) IP (DMA) : Parameter (Direction) has Id (USART2_TX) currently not set
2025-06-10 19:19:59,047 [INFO] ImportTextPane:218 - (OptionalMessage_ERROR) IP (DMA) : Parameter (PeriphInc) has Id (USART2_TX) currently not set
2025-06-10 19:19:59,047 [INFO] ImportTextPane:218 - (OptionalMessage_ERROR) IP (DMA) : Parameter (MemInc) has Id (USART2_TX) currently not set
2025-06-10 19:19:59,047 [INFO] ImportTextPane:218 - (OptionalMessage_ERROR) IP (DMA) : Parameter (PeriphDataAlignment) has Id (USART2_TX) currently not set
2025-06-10 19:19:59,047 [INFO] ImportTextPane:218 - (OptionalMessage_ERROR) IP (DMA) : Parameter (MemDataAlignment) has Id (USART2_TX) currently not set
2025-06-10 19:19:59,047 [INFO] ImportTextPane:218 - (OptionalMessage_ERROR) IP (DMA) : Parameter (Mode) has Id (USART2_TX) currently not set
2025-06-10 19:19:59,047 [INFO] ImportTextPane:218 - (OptionalMessage_ERROR) IP (DMA) : Parameter (Priority) has Id (USART2_TX) currently not set
2025-06-10 19:19:59,051 [INFO] ImportTextPane:218 - (OptionalMessage_ERROR) IP (RCC) : Invalid parameter (FamilyName)
2025-06-10 19:19:59,053 [INFO] ImportTextPane:218 - (OptionalMessage_ERROR) IP (RCC) : Invalid parameter (PWRFreq_Value)
2025-06-10 19:19:59,053 [INFO] ImportTextPane:218 - (OptionalMessage_ERROR) IP (RCC) : Parameter (RTCHSEDivFreq_Value) has invalid value (4000000)
2025-06-10 19:19:59,053 [INFO] ImportTextPane:218 - (OptionalMessage_ERROR) IP (RCC) : Invalid parameter (TIMFreq_Value)
2025-06-10 19:19:59,054 [WARN] IP:2250 - AutoBaudRateEnableParam not found: check if there is a RefParameter without a condition.
2025-06-10 19:19:59,158 [INFO] UtilMem:75 - End LoadConfig() Used Memory: 637541392 Bytes (786432000)
2025-06-10 19:19:59,170 [WARN] ThirdParty:833 - waiting for thirdparty lock release [change project]
2025-06-10 19:19:59,171 [INFO] ThirdParty:835 - entering critical section [change project]
2025-06-10 19:19:59,171 [INFO] ThirdParty:1030 - CMSIS Pack Vendor :STMicroelectronics USBPD 4.1
2025-06-10 19:19:59,171 [INFO] ThirdParty:1030 - CMSIS Pack Vendor :STMicroelectronics X-CUBE-AZRTOS-H7 3.3.0
2025-06-10 19:19:59,171 [INFO] ThirdParty:1030 - CMSIS Pack Vendor :STMicroelectronics X-CUBE-NFC9 1.0.0
2025-06-10 19:19:59,171 [INFO] ThirdParty:1030 - CMSIS Pack Vendor :STMicroelectronics USB_HOST 2.0.0
2025-06-10 19:19:59,171 [INFO] ThirdParty:1030 - CMSIS Pack Vendor :STMicroelectronics FP-SNS-MOTENVWB1 1.4.0
2025-06-10 19:19:59,171 [INFO] ThirdParty:1030 - CMSIS Pack Vendor :STMicroelectronics X-CUBE-AZRTOS-F4 1.1.0
2025-06-10 19:19:59,171 [INFO] ThirdParty:1030 - CMSIS Pack Vendor :STMicroelectronics LIBJPEG 8.0.0
2025-06-10 19:19:59,171 [INFO] ThirdParty:1030 - CMSIS Pack Vendor :STMicroelectronics FP-ATR-ASTRA1 2.0.2
2025-06-10 19:19:59,171 [INFO] ThirdParty:1030 - CMSIS Pack Vendor :STMicroelectronics FP-ATR-ASTRA1 2.0.1
2025-06-10 19:19:59,171 [INFO] ThirdParty:1030 - CMSIS Pack Vendor :STMicroelectronics X-CUBE-BLE1 7.1.0
2025-06-10 19:19:59,171 [INFO] ThirdParty:1030 - CMSIS Pack Vendor :Avnet-IotConnect X-CUBE-IoTC-DA16k-PMOD 1.0.0
2025-06-10 19:19:59,171 [INFO] ThirdParty:1030 - CMSIS Pack Vendor :STMicroelectronics X-CUBE-SMBUS 2.1.0
2025-06-10 19:19:59,171 [INFO] ThirdParty:1030 - CMSIS Pack Vendor :STMicroelectronics X-CUBE-WB05N 1.1.0
2025-06-10 19:19:59,171 [INFO] ThirdParty:1030 - CMSIS Pack Vendor :STMicroelectronics USB_DEVICE 3.0.0
2025-06-10 19:19:59,171 [INFO] ThirdParty:1030 - CMSIS Pack Vendor :STMicroelectronics X-CUBE-ISPU 2.1.0
2025-06-10 19:19:59,171 [INFO] ThirdParty:1030 - CMSIS Pack Vendor :STMicroelectronics X-CUBE-AZRTOS-WB 2.0.0
2025-06-10 19:19:59,171 [INFO] ThirdParty:1030 - CMSIS Pack Vendor :STMicroelectronics X-CUBE-ST60 1.0.0
2025-06-10 19:19:59,171 [INFO] ThirdParty:1030 - CMSIS Pack Vendor :STMicroelectronics X-CUBE-GNSS1 7.0.1
2025-06-10 19:19:59,171 [INFO] ThirdParty:1030 - CMSIS Pack Vendor :STMicroelectronics X-CUBE-AZRTOS-F7 1.1.0
2025-06-10 19:19:59,171 [INFO] ThirdParty:1030 - CMSIS Pack Vendor :STMicroelectronics X-CUBE-AZRTOS-L5 2.0.0
2025-06-10 19:19:59,171 [INFO] ThirdParty:1030 - CMSIS Pack Vendor :STMicroelectronics X-CUBE-TOUCHGFX 4.25.0
2025-06-10 19:19:59,171 [INFO] ThirdParty:1030 - CMSIS Pack Vendor :STMicroelectronics USB_DEVICE 2.0.0
2025-06-10 19:19:59,172 [INFO] ThirdParty:1030 - CMSIS Pack Vendor :STMicroelectronics X-CUBE-NFC6 3.1.0
2025-06-10 19:19:59,172 [INFO] ThirdParty:1030 - CMSIS Pack Vendor :STMicroelectronics X-CUBE-AI 10.1.0
2025-06-10 19:19:59,172 [INFO] ThirdParty:1030 - CMSIS Pack Vendor :STMicroelectronics FP-SNS-STBOX1 2.0.0
2025-06-10 19:19:59,172 [INFO] ThirdParty:1030 - CMSIS Pack Vendor :STMicroelectronics X-CUBE-MEMS1 11.2.0
2025-06-10 19:19:59,172 [INFO] ThirdParty:1030 - CMSIS Pack Vendor :STMicroelectronics FreeRTOS 0.0.1
2025-06-10 19:19:59,172 [INFO] ThirdParty:1030 - CMSIS Pack Vendor :STMicroelectronics X-CUBE-AZRTOS-G0 1.1.0
2025-06-10 19:19:59,172 [INFO] ThirdParty:1030 - CMSIS Pack Vendor :STMicroelectronics X-CUBE-SAFEA1 1.2.2
2025-06-10 19:19:59,172 [INFO] ThirdParty:1030 - CMSIS Pack Vendor :STMicroelectronics X-CUBE-NFC4 3.0.0
2025-06-10 19:19:59,172 [INFO] ThirdParty:1030 - CMSIS Pack Vendor :STMicroelectronics X-CUBE-DPower 1.2.0
2025-06-10 19:19:59,172 [INFO] ThirdParty:1030 - CMSIS Pack Vendor :STMicroelectronics X-CUBE-SUBG2 5.0.0
2025-06-10 19:19:59,172 [INFO] ThirdParty:1030 - CMSIS Pack Vendor :STMicroelectronics X-CUBE-AZRTOS-H7RS 1.1.0
2025-06-10 19:19:59,172 [INFO] ThirdParty:1030 - CMSIS Pack Vendor :STMicroelectronics STM32_WPAN 1.0.0
2025-06-10 19:19:59,172 [INFO] ThirdParty:1030 - CMSIS Pack Vendor :EmbeddedOffice I-CUBE-FS-RTOS 1.0.1
2025-06-10 19:19:59,172 [INFO] ThirdParty:1030 - CMSIS Pack Vendor :STMicroelectronics lwIP 2.0.3
2025-06-10 19:19:59,172 [INFO] ThirdParty:1030 - CMSIS Pack Vendor :STMicroelectronics FP-SNS-FLIGHT1 5.0.2
2025-06-10 19:19:59,172 [INFO] ThirdParty:1030 - CMSIS Pack Vendor :Cesanta I-CUBE-Mongoose 7.13.0
2025-06-10 19:19:59,172 [INFO] ThirdParty:1030 - CMSIS Pack Vendor :STMicroelectronics USB_HOST 1.0.0
2025-06-10 19:19:59,172 [INFO] ThirdParty:1030 - CMSIS Pack Vendor :Infineon AIROC-Wi-Fi-Bluetooth-STM32 1.7.0
2025-06-10 19:19:59,172 [INFO] ThirdParty:1030 - CMSIS Pack Vendor :STMicroelectronics X-CUBE-AZRTOS-G4 2.0.0
2025-06-10 19:19:59,172 [INFO] ThirdParty:1030 - CMSIS Pack Vendor :STMicroelectronics X-CUBE-WB05N 2.0.0
2025-06-10 19:19:59,172 [INFO] ThirdParty:1030 - CMSIS Pack Vendor :STMicroelectronics PDM2PCM 3.1.0
2025-06-10 19:19:59,172 [INFO] ThirdParty:1030 - CMSIS Pack Vendor :STMicroelectronics PDM2PCM 3.3.0
2025-06-10 19:19:59,172 [INFO] ThirdParty:1030 - CMSIS Pack Vendor :STMicroelectronics X-CUBE-DISPLAY 3.0.0
2025-06-10 19:19:59,172 [INFO] ThirdParty:1030 - CMSIS Pack Vendor :STMicroelectronics X-CUBE-NFC7 2.0.0
2025-06-10 19:19:59,172 [INFO] ThirdParty:1030 - CMSIS Pack Vendor :STMicroelectronics X-CUBE-TCPP 4.2.0
2025-06-10 19:19:59,172 [INFO] ThirdParty:1030 - CMSIS Pack Vendor :RealThread X-CUBE-RT-Thread_Nano 4.1.1
2025-06-10 19:19:59,172 [INFO] ThirdParty:1030 - CMSIS Pack Vendor :STMicroelectronics X-CUBE-BLE1 7.0.0
2025-06-10 19:19:59,172 [INFO] ThirdParty:1030 - CMSIS Pack Vendor :STMicroelectronics FP-ATR-SIGFOX1 3.2.0
2025-06-10 19:19:59,172 [INFO] ThirdParty:1030 - CMSIS Pack Vendor :STMicroelectronics X-CUBE-NFC10 1.0.0
2025-06-10 19:19:59,172 [INFO] ThirdParty:1030 - CMSIS Pack Vendor :quantropi X-CUBE-qispace-sdk-base 1.9.3
2025-06-10 19:19:59,172 [INFO] ThirdParty:1030 - CMSIS Pack Vendor :STMicroelectronics X-CUBE-BLEMGR 4.0.0
2025-06-10 19:19:59,172 [INFO] ThirdParty:1030 - CMSIS Pack Vendor :STMicroelectronics X-CUBE-EEPRMA1 5.1.0
2025-06-10 19:19:59,172 [INFO] ThirdParty:1030 - CMSIS Pack Vendor :STMicroelectronics X-CUBE-FREERTOS 1.3.1
2025-06-10 19:19:59,172 [INFO] ThirdParty:1030 - CMSIS Pack Vendor :STMicroelectronics HAL Drivers 0.0.0
2025-06-10 19:19:59,172 [INFO] ThirdParty:1030 - CMSIS Pack Vendor :STMicroelectronics MBEDTLS 2.16.2
2025-06-10 19:19:59,172 [INFO] ThirdParty:1030 - CMSIS Pack Vendor :STMicroelectronics X-CUBE-IPS 3.1.0
2025-06-10 19:19:59,172 [INFO] ThirdParty:1030 - CMSIS Pack Vendor :STMicroelectronics X-CUBE-ALS 1.0.2
2025-06-10 19:19:59,172 [INFO] ThirdParty:1030 - CMSIS Pack Vendor :emotas I-CUBE-CANOPEN 1.3.0
2025-06-10 19:19:59,172 [INFO] ThirdParty:1030 - CMSIS Pack Vendor :STMicroelectronics X-CUBE-FREERTOS 1.3.0
2025-06-10 19:19:59,172 [INFO] ThirdParty:1030 - CMSIS Pack Vendor :STMicroelectronics X-CUBE-NFC7 1.0.1
2025-06-10 19:19:59,172 [INFO] ThirdParty:1030 - CMSIS Pack Vendor :STMicroelectronics MBEDTLS 2.14.1
2025-06-10 19:19:59,172 [INFO] ThirdParty:1030 - CMSIS Pack Vendor :wolfSSL I-CUBE-wolfSSL 5.7.6
2025-06-10 19:19:59,172 [INFO] ThirdParty:1030 - CMSIS Pack Vendor :ITTIA_DB I-CUBE-ITTIADB 8.9.0
2025-06-10 19:19:59,172 [INFO] ThirdParty:1030 - CMSIS Pack Vendor :STMicroelectronics X-CUBE-TOUCHGFX 4.24.2
2025-06-10 19:19:59,172 [INFO] ThirdParty:1030 - CMSIS Pack Vendor :wolfSSL I-CUBE-wolfTPM 3.4.0
2025-06-10 19:19:59,172 [INFO] ThirdParty:1030 - CMSIS Pack Vendor :portGmbH I-Cube-SoM-uGOAL 1.1.0
2025-06-10 19:19:59,172 [INFO] ThirdParty:1030 - CMSIS Pack Vendor :STMicroelectronics X-CUBE-AI 10.0.0
2025-06-10 19:19:59,172 [INFO] ThirdParty:1030 - CMSIS Pack Vendor :STMicroelectronics X-CUBE-ST67W61 1.0.0
2025-06-10 19:19:59,172 [INFO] ThirdParty:1030 - CMSIS Pack Vendor :STMicroelectronics ThreadX 1.0.0
2025-06-10 19:19:59,172 [INFO] ThirdParty:1030 - CMSIS Pack Vendor :STMicroelectronics FP-SNS-SMARTAG2 1.2.0
2025-06-10 19:19:59,172 [INFO] ThirdParty:1030 - CMSIS Pack Vendor :STMicroelectronics FP-SNS-FLIGHT1 5.1.0
2025-06-10 19:19:59,172 [INFO] ThirdParty:1030 - CMSIS Pack Vendor :STMicroelectronics X-CUBE-MEMS1 11.1.0
2025-06-10 19:19:59,172 [INFO] ThirdParty:1030 - CMSIS Pack Vendor :STMicroelectronics X-CUBE-AZRTOS-WL 2.0.0
2025-06-10 19:19:59,172 [INFO] ThirdParty:1030 - CMSIS Pack Vendor :SEGGER I-CUBE-embOS 1.3.1
2025-06-10 19:19:59,172 [INFO] ThirdParty:1030 - CMSIS Pack Vendor :STMicroelectronics X-CUBE-ALGOBUILD 1.4.0
2025-06-10 19:19:59,172 [INFO] ThirdParty:1030 - CMSIS Pack Vendor :STMicroelectronics X-CUBE-DPower 1.3.0
2025-06-10 19:19:59,172 [INFO] ThirdParty:1030 - CMSIS Pack Vendor :STMicroelectronics FP-SNS-MOTENV1 5.0.0
2025-06-10 19:19:59,172 [INFO] ThirdParty:1030 - CMSIS Pack Vendor :STMicroelectronics USB_DEVICE 1.0.0
2025-06-10 19:19:59,172 [INFO] ThirdParty:1030 - CMSIS Pack Vendor :STMicroelectronics X-CUBE-AZRTOS-H7RS 1.0.0
2025-06-10 19:19:59,172 [INFO] ThirdParty:1030 - CMSIS Pack Vendor :wolfSSL I-CUBE-wolfMQTT 1.19.0
2025-06-10 19:19:59,172 [INFO] ThirdParty:1030 - CMSIS Pack Vendor :STMicroelectronics X-CUBE-AZRTOS-L4 2.0.0
2025-06-10 19:19:59,172 [INFO] ThirdParty:1030 - CMSIS Pack Vendor :STMicroelectronics ThreadX 0.0.2
2025-06-10 19:19:59,172 [INFO] ThirdParty:1030 - CMSIS Pack Vendor :WES I-CUBE-Cesium 1.3.0
2025-06-10 19:19:59,172 [INFO] ThirdParty:1030 - CMSIS Pack Vendor :STMicroelectronics lwIP 2.1.2
2025-06-10 19:19:59,172 [INFO] ThirdParty:1030 - CMSIS Pack Vendor :STMicroelectronics X-CUBE-SFXS2LP1 4.0.0
2025-06-10 19:19:59,172 [INFO] ThirdParty:1030 - CMSIS Pack Vendor :STMicroelectronics X-CUBE-BLE2 3.3.0
2025-06-10 19:19:59,172 [INFO] ThirdParty:1030 - CMSIS Pack Vendor :STMicroelectronics X-CUBE-TOF1 3.4.2
2025-06-10 19:19:59,172 [INFO] ThirdParty:1030 - CMSIS Pack Vendor :STMicroelectronics X-CUBE-TOF1 3.4.3
2025-06-10 19:19:59,172 [INFO] ThirdParty:1030 - CMSIS Pack Vendor :STMicroelectronics PDM2PCM 3.2.0
2025-06-10 19:19:59,172 [INFO] ThirdParty:1030 - CMSIS Pack Vendor :wolfSSL I-CUBE-wolfSSH 1.4.17
2025-06-10 19:19:59,172 [INFO] ThirdParty:841 - exiting critical section [change project]
2025-06-10 19:19:59,333 [INFO] PinOutPanel:1589 - setPackage(No Configuration,No Configuration)
2025-06-10 19:19:59,334 [INFO] PinOutPanel:1589 - setPackage(STM32L011K4Tx,LQFP32)
2025-06-10 19:19:59,624 [INFO] UtilMem:75 - Before build in PCC Used Memory: 353874400 Bytes (786432000)
2025-06-10 19:19:59,874 [INFO] UtilMem:75 - After build in PCC Used Memory: 426752480 Bytes (786432000)
2025-06-10 19:19:59,897 [INFO] IPUIPlugin:80 - create IPUIPlugin
2025-06-10 19:19:59,897 [INFO] IPUIPlugin:80 - create IPUIPlugin
2025-06-10 19:19:59,897 [INFO] IPUIPlugin:80 - create IPUIPlugin
2025-06-10 19:19:59,897 [INFO] IPUIPlugin:80 - create IPUIPlugin
2025-06-10 19:19:59,897 [INFO] IPUIPlugin:80 - create IPUIPlugin
2025-06-10 19:19:59,898 [INFO] IPUIPlugin:80 - create IPUIPlugin
2025-06-10 19:19:59,898 [INFO] IPUIPlugin:80 - create IPUIPlugin
2025-06-10 19:19:59,898 [INFO] IPUIPlugin:80 - create IPUIPlugin
2025-06-10 19:19:59,898 [INFO] IPUIPlugin:80 - create IPUIPlugin
2025-06-10 19:19:59,898 [INFO] IPUIPlugin:80 - create IPUIPlugin
2025-06-10 19:19:59,898 [INFO] IPUIPlugin:80 - create IPUIPlugin
2025-06-10 19:19:59,898 [INFO] IPUIPlugin:80 - create IPUIPlugin
2025-06-10 19:19:59,898 [INFO] IPUIPlugin:80 - create IPUIPlugin
2025-06-10 19:19:59,899 [INFO] IPUIPlugin:80 - create IPUIPlugin
2025-06-10 19:19:59,899 [INFO] IPUIPlugin:80 - create IPUIPlugin
2025-06-10 19:19:59,899 [INFO] IPUIPlugin:80 - create IPUIPlugin
2025-06-10 19:19:59,899 [INFO] IPUIPlugin:80 - create IPUIPlugin
2025-06-10 19:19:59,899 [INFO] IPUIPlugin:80 - create IPUIPlugin
2025-06-10 19:19:59,899 [INFO] IPUIPlugin:80 - create IPUIPlugin
2025-06-10 19:19:59,899 [INFO] IPUIPlugin:80 - create IPUIPlugin
2025-06-10 19:19:59,899 [INFO] IPUIPlugin:80 - create IPUIPlugin
2025-06-10 19:19:59,903 [WARN] IP:2250 - AutoBaudRateEnableParam not found: check if there is a RefParameter without a condition.
2025-06-10 19:19:59,952 [INFO] CADModel:165 - CPN selected for project levelSTM32L011K4T6
2025-06-10 19:19:59,952 [INFO] CADModel:114 - Register for checkConnection events
2025-06-10 19:19:59,990 [INFO] OpenFileManager:385 - Restore cursor
2025-06-10 19:20:00,116 [WARN] IP:2250 - AutoBaudRateEnableParam not found: check if there is a RefParameter without a condition.
2025-06-10 19:20:00,117 [WARN] IP:2250 - AutoBaudRateEnableParam not found: check if there is a RefParameter without a condition.
2025-06-10 19:20:34,500 [WARN] IP:2250 - AutoBaudRateEnableParam not found: check if there is a RefParameter without a condition.
2025-06-10 19:20:34,502 [WARN] IP:2250 - AutoBaudRateEnableParam not found: check if there is a RefParameter without a condition.
2025-06-10 19:20:34,599 [WARN] IP:2250 - AutoBaudRateEnableParam not found: check if there is a RefParameter without a condition.
2025-06-10 19:20:34,599 [WARN] IP:2250 - AutoBaudRateEnableParam not found: check if there is a RefParameter without a condition.
2025-06-10 19:20:44,878 [WARN] IP:2250 - AutoBaudRateEnableParam not found: check if there is a RefParameter without a condition.
2025-06-10 19:20:44,879 [WARN] IP:2250 - AutoBaudRateEnableParam not found: check if there is a RefParameter without a condition.
2025-06-10 19:20:44,950 [WARN] IP:2250 - AutoBaudRateEnableParam not found: check if there is a RefParameter without a condition.
2025-06-10 19:20:44,951 [WARN] IP:2250 - AutoBaudRateEnableParam not found: check if there is a RefParameter without a condition.
2025-06-10 19:21:32,830 [WARN] IP:2250 - AutoBaudRateEnableParam not found: check if there is a RefParameter without a condition.
2025-06-10 19:21:32,842 [WARN] IP:2250 - AutoBaudRateEnableParam not found: check if there is a RefParameter without a condition.
2025-06-10 19:21:32,980 [WARN] IP:2250 - AutoBaudRateEnableParam not found: check if there is a RefParameter without a condition.
2025-06-10 19:21:32,981 [WARN] IP:2250 - AutoBaudRateEnableParam not found: check if there is a RefParameter without a condition.
2025-06-10 19:21:43,716 [WARN] IP:2250 - AutoBaudRateEnableParam not found: check if there is a RefParameter without a condition.
2025-06-10 19:21:50,803 [WARN] IP:2250 - AutoBaudRateEnableParam not found: check if there is a RefParameter without a condition.
2025-06-10 19:21:50,805 [WARN] IP:2250 - AutoBaudRateEnableParam not found: check if there is a RefParameter without a condition.
2025-06-10 19:21:50,824 [INFO] NvicIntPanel:101 - NVIC parent = com.st.microxplorer.plugins.ip.nvic.MultiNvicIntPanel[,0,0,0x0,invalid,layout=javax.swing.BoxLayout,alignmentX=0.0,alignmentY=0.0,border=,flags=9,maximumSize=,minimumSize=,preferredSize=]
2025-06-10 19:21:50,855 [WARN] IP:2250 - AutoBaudRateEnableParam not found: check if there is a RefParameter without a condition.
2025-06-10 19:21:50,864 [WARN] IP:2250 - AutoBaudRateEnableParam not found: check if there is a RefParameter without a condition.
2025-06-10 19:21:50,870 [WARN] IP:2250 - AutoBaudRateEnableParam not found: check if there is a RefParameter without a condition.
2025-06-10 19:21:50,871 [WARN] IP:2250 - AutoBaudRateEnableParam not found: check if there is a RefParameter without a condition.
2025-06-10 19:22:31,783 [INFO] UtilMem:75 - End SaveConfig() Used Memory: 691590704 Bytes (786432000)
2025-06-10 19:22:35,164 [INFO] UtilMem:75 - End SaveConfig() Used Memory: 368718384 Bytes (786432000)
2025-06-10 19:22:37,924 [INFO] UtilMem:75 - End SaveConfig() Used Memory: 431632944 Bytes (786432000)
2025-06-10 19:22:38,059 [INFO] BlockDiagram:2775 - set Specific Code input for plugin: NVIC
2025-06-10 19:22:38,059 [INFO] BlockDiagram:2775 - set Specific Code input for plugin: SYS
2025-06-10 19:22:38,059 [INFO] BlockDiagram:2775 - set Specific Code input for plugin: GPIO
2025-06-10 19:22:38,059 [INFO] BlockDiagram:2775 - set Specific Code input for plugin: USART
2025-06-10 19:22:38,059 [INFO] BlockDiagram:2775 - set Specific Code input for plugin: RCC
2025-06-10 19:22:38,059 [INFO] BlockDiagram:2775 - set Specific Code input for plugin: LPUART
2025-06-10 19:22:38,059 [INFO] BlockDiagram:2775 - set Specific Code input for plugin: DMA
2025-06-10 19:22:38,060 [INFO] CodeGenerator:882 - code generatio: config db path: /Applications/STM32CubeIDE.app/Contents/Eclipse/plugins/com.st.stm32cube.common.mx_6.14.1.202504091515//db/
2025-06-10 19:22:38,080 [WARN] IP:2250 - AutoBaudRateEnableParam not found: check if there is a RefParameter without a condition.
2025-06-10 19:22:38,081 [INFO] Argument:325 - Argument : hdmavalue: null
2025-06-10 19:22:38,081 [INFO] Argument:327 - 	 sub Args: 
2025-06-10 19:22:38,081 [INFO] Argument:325 - Argument : Instancevalue: DMA1_Channel2
2025-06-10 19:22:38,081 [INFO] Argument:335 - Argument : Instancevalue: DMA1_Channel2
2025-06-10 19:22:38,081 [INFO] Argument:325 - Argument : Initvalue: null
2025-06-10 19:22:38,081 [INFO] Argument:327 - 	 sub Args: 
2025-06-10 19:22:38,081 [INFO] Argument:325 - Argument : Requestvalue: DMA_REQUEST_4
2025-06-10 19:22:38,081 [INFO] Argument:335 - Argument : Requestvalue: DMA_REQUEST_4
2025-06-10 19:22:38,081 [INFO] Argument:325 - Argument : Directionvalue: DMA_MEMORY_TO_PERIPH
2025-06-10 19:22:38,081 [INFO] Argument:335 - Argument : Directionvalue: DMA_MEMORY_TO_PERIPH
2025-06-10 19:22:38,081 [INFO] Argument:325 - Argument : PeriphIncvalue: DMA_PINC_DISABLE
2025-06-10 19:22:38,081 [INFO] Argument:335 - Argument : PeriphIncvalue: DMA_PINC_DISABLE
2025-06-10 19:22:38,081 [INFO] Argument:325 - Argument : MemIncvalue: DMA_MINC_ENABLE
2025-06-10 19:22:38,081 [INFO] Argument:335 - Argument : MemIncvalue: DMA_MINC_ENABLE
2025-06-10 19:22:38,081 [INFO] Argument:325 - Argument : PeriphDataAlignmentvalue: DMA_PDATAALIGN_BYTE
2025-06-10 19:22:38,081 [INFO] Argument:335 - Argument : PeriphDataAlignmentvalue: DMA_PDATAALIGN_BYTE
2025-06-10 19:22:38,081 [INFO] Argument:325 - Argument : MemDataAlignmentvalue: DMA_MDATAALIGN_BYTE
2025-06-10 19:22:38,081 [INFO] Argument:335 - Argument : MemDataAlignmentvalue: DMA_MDATAALIGN_BYTE
2025-06-10 19:22:38,081 [INFO] Argument:325 - Argument : Modevalue: DMA_NORMAL
2025-06-10 19:22:38,081 [INFO] Argument:335 - Argument : Modevalue: DMA_NORMAL
2025-06-10 19:22:38,081 [INFO] Argument:325 - Argument : Priorityvalue: DMA_PRIORITY_LOW
2025-06-10 19:22:38,081 [INFO] Argument:335 - Argument : Priorityvalue: DMA_PRIORITY_LOW
2025-06-10 19:22:38,082 [INFO] Argument:325 - Argument : Lockvalue: null
2025-06-10 19:22:38,082 [INFO] Argument:335 - Argument : Lockvalue: null
2025-06-10 19:22:38,082 [INFO] Argument:325 - Argument : Statevalue: null
2025-06-10 19:22:38,082 [INFO] Argument:335 - Argument : Statevalue: null
2025-06-10 19:22:38,082 [INFO] Argument:325 - Argument : Parentvalue: null
2025-06-10 19:22:38,082 [INFO] Argument:335 - Argument : Parentvalue: null
2025-06-10 19:22:38,082 [INFO] Argument:325 - Argument : XferCpltCallbackvalue: null
2025-06-10 19:22:38,082 [INFO] Argument:335 - Argument : XferCpltCallbackvalue: null
2025-06-10 19:22:38,082 [INFO] Argument:325 - Argument : XferHalfCpltCallbackvalue: null
2025-06-10 19:22:38,082 [INFO] Argument:335 - Argument : XferHalfCpltCallbackvalue: null
2025-06-10 19:22:38,082 [INFO] Argument:325 - Argument : XferErrorCallbackvalue: null
2025-06-10 19:22:38,082 [INFO] Argument:335 - Argument : XferErrorCallbackvalue: null
2025-06-10 19:22:38,082 [INFO] Argument:325 - Argument : ErrorCodevalue: null
2025-06-10 19:22:38,082 [INFO] Argument:335 - Argument : ErrorCodevalue: null
2025-06-10 19:22:38,162 [INFO] CodeEngine:263 - oldGeneratedFile, /Users/himadri_joy/Desktop/master thesis/VLC Thesis /STM32/inverse_UART_test_01/MXTmpFiles/license.tmp_save
2025-06-10 19:22:38,328 [INFO] CodeEngine:287 - Generated code: /Users/himadri_joy/Desktop/master thesis/VLC Thesis /STM32/inverse_UART_test_01/MXTmpFiles/license.tmp
2025-06-10 19:22:38,393 [INFO] CodeEngine:263 - oldGeneratedFile, /Users/himadri_joy/Desktop/master thesis/VLC Thesis /STM32/inverse_UART_test_01/MXTmpFiles/gpio.tmp_save
2025-06-10 19:22:38,479 [INFO] CodeEngine:287 - Generated code: /Users/himadri_joy/Desktop/master thesis/VLC Thesis /STM32/inverse_UART_test_01/MXTmpFiles/gpio.tmp
2025-06-10 19:22:38,578 [INFO] CodeEngine:263 - oldGeneratedFile, /Users/himadri_joy/Desktop/master thesis/VLC Thesis /STM32/inverse_UART_test_01/MXTmpFiles/dma.tmp_save
2025-06-10 19:22:38,628 [INFO] CodeEngine:287 - Generated code: /Users/himadri_joy/Desktop/master thesis/VLC Thesis /STM32/inverse_UART_test_01/MXTmpFiles/dma.tmp
2025-06-10 19:22:38,629 [INFO] CodeEngine:263 - oldGeneratedFile, /Users/himadri_joy/Desktop/master thesis/VLC Thesis /STM32/inverse_UART_test_01/MXTmpFiles/dma_GV.tmp_save
2025-06-10 19:22:38,680 [INFO] CodeEngine:287 - Generated code: /Users/himadri_joy/Desktop/master thesis/VLC Thesis /STM32/inverse_UART_test_01/MXTmpFiles/dma_GV.tmp
2025-06-10 19:22:38,684 [INFO] CodeEngine:263 - oldGeneratedFile, /Users/himadri_joy/Desktop/master thesis/VLC Thesis /STM32/inverse_UART_test_01/Core/Src/stm32l0xx_it.c_save
2025-06-10 19:22:38,769 [INFO] CodeEngine:287 - Generated code: /Users/himadri_joy/Desktop/master thesis/VLC Thesis /STM32/inverse_UART_test_01/Core/Src/stm32l0xx_it.c
2025-06-10 19:22:38,771 [INFO] CodeEngine:263 - oldGeneratedFile, /Users/himadri_joy/Desktop/master thesis/VLC Thesis /STM32/inverse_UART_test_01/Core/Inc/stm32l0xx_it.h_save
2025-06-10 19:22:38,822 [INFO] CodeEngine:287 - Generated code: /Users/himadri_joy/Desktop/master thesis/VLC Thesis /STM32/inverse_UART_test_01/Core/Inc/stm32l0xx_it.h
2025-06-10 19:22:38,826 [INFO] CodeEngine:263 - oldGeneratedFile, /Users/himadri_joy/Desktop/master thesis/VLC Thesis /STM32/inverse_UART_test_01/Core/Src/stm32l0xx_hal_msp.c_save
2025-06-10 19:22:38,913 [INFO] CodeEngine:287 - Generated code: /Users/himadri_joy/Desktop/master thesis/VLC Thesis /STM32/inverse_UART_test_01/Core/Src/stm32l0xx_hal_msp.c
2025-06-10 19:22:38,914 [INFO] CodeEngine:263 - oldGeneratedFile, /Users/himadri_joy/Desktop/master thesis/VLC Thesis /STM32/inverse_UART_test_01/MXTmpFiles/system.tmp_save
2025-06-10 19:22:38,963 [INFO] CodeEngine:287 - Generated code: /Users/himadri_joy/Desktop/master thesis/VLC Thesis /STM32/inverse_UART_test_01/MXTmpFiles/system.tmp
2025-06-10 19:22:38,967 [INFO] CodeEngine:319 - oldGeneratedFile, /Users/himadri_joy/Desktop/master thesis/VLC Thesis /STM32/inverse_UART_test_01/Core/Inc/stm32l0xx_hal_conf.h_save
2025-06-10 19:22:39,015 [INFO] CodeEngine:343 - Generated code: /Users/himadri_joy/Desktop/master thesis/VLC Thesis /STM32/inverse_UART_test_01/Core/Inc/stm32l0xx_hal_conf.h
2025-06-10 19:22:39,054 [INFO] ApiDbMcu:508 - Load IP Config File for LPUART1
2025-06-10 19:22:39,058 [INFO] ApiDbMcu:508 - Load IP Config File for USART2
2025-06-10 19:22:39,061 [INFO] ApiDbMcu:508 - Load IP Config File for RCC
2025-06-10 19:22:39,066 [INFO] CodeEngine:263 - oldGeneratedFile, /Users/himadri_joy/Desktop/master thesis/VLC Thesis /STM32/inverse_UART_test_01/Core/Inc/main.h_save
2025-06-10 19:22:39,124 [INFO] CodeEngine:287 - Generated code: /Users/himadri_joy/Desktop/master thesis/VLC Thesis /STM32/inverse_UART_test_01/Core/Inc/main.h
2025-06-10 19:22:39,126 [INFO] CodeEngine:263 - oldGeneratedFile, /Users/himadri_joy/Desktop/master thesis/VLC Thesis /STM32/inverse_UART_test_01/Core/Src/main.c_save
2025-06-10 19:22:39,205 [INFO] CodeEngine:287 - Generated code: /Users/himadri_joy/Desktop/master thesis/VLC Thesis /STM32/inverse_UART_test_01/Core/Src/main.c
2025-06-10 19:22:39,383 [INFO] ProjectBuilder:3324 - Time for Copy HAL[1] : 62mS.
2025-06-10 19:22:39,386 [INFO] ProjectBuilder:4912 - Project Generator version: 4.6.0.1-B1
2025-06-10 19:22:39,457 [INFO] ConfigFileManager:1590 - The Die is : DIE457
2025-06-10 19:22:39,461 [INFO] ApiDbMcu:508 - Load IP Config File for FATFS
2025-06-10 19:22:39,466 [INFO] ApiDbMcu:508 - Load IP Config File for FREERTOS
2025-06-10 19:22:41,796 [INFO] ProjectBuilder:5191 - Time for Generating toolchain IDE Files: 2404mS.
2025-06-10 19:22:41,812 [INFO] ProjectBuilder:3181 - Time for Copy CMSIS : 1mS.
2025-06-10 19:22:41,818 [INFO] ProjectBuilder:3181 - Time for Copy CMSIS : 1mS.
2025-06-10 19:32:05,923 [INFO] WebApp:194 - Connection lost
2025-06-10 19:32:11,557 [INFO] WebApp:191 - Connection restablished
2025-06-10 19:32:32,167 [INFO] WebApp:194 - Connection lost
2025-06-10 19:32:39,166 [INFO] WebApp:191 - Connection restablished
2025-06-10 19:33:07,034 [INFO] WebApp:194 - Connection lost
2025-06-10 19:34:20,419 [INFO] WebApp:191 - Connection restablished
2025-06-10 19:34:41,482 [INFO] WebApp:194 - Connection lost
2025-06-10 21:20:25,010 [INFO] WebApp:191 - Connection restablished
