2025-06-01 09:00:24,095 [INFO] Activator:176 - 


2025-06-01 09:00:24,099 [INFO] Activator:177 - !SESSION log4j initialized
2025-06-01 09:00:27,893 [INFO] LogOutputStream:77 - [STDOUT_REDIRECT] 
2025-06-01 09:00:30,546 [ERROR] LogOutputStream:75 - [STDERR_REDIRECT] 
2025-06-01 09:00:32,672 [INFO] LogOutputStream:77 - [STDOUT_REDIRECT] 
2025-06-01 09:00:33,374 [ERROR] LogOutputStream:75 - [STDERR_REDIRECT] java.net.URISyntaxException: Illegal character in path at index 38: file:/Users/himadri_joy/Desktop/master thesis/VLC Thesis /STM32/.metadata/.log4j2.xml
2025-06-01 09:00:33,376 [ERROR] LogOutputStream:75 - [STDERR_REDIRECT] 	at java.base/java.net.URI$Parser.fail(URI.java:2995)
2025-06-01 09:00:33,376 [ERROR] LogOutputStream:75 - [STDERR_REDIRECT] 	at java.base/java.net.URI$Parser.checkChars(URI.java:3166)
2025-06-01 09:00:33,376 [ERROR] LogOutputStream:75 - [STDERR_REDIRECT] 	at java.base/java.net.URI$Parser.parseHierarchical(URI.java:3248)
2025-06-01 09:00:33,377 [ERROR] LogOutputStream:75 - [STDERR_REDIRECT] 	at java.base/java.net.URI$Parser.parse(URI.java:3196)
2025-06-01 09:00:33,378 [ERROR] LogOutputStream:75 - [STDERR_REDIRECT] 	at java.base/java.net.URI.<init>(URI.java:645)
2025-06-01 09:00:33,379 [ERROR] LogOutputStream:75 - [STDERR_REDIRECT] 	at java.base/java.net.URL.toURI(URL.java:1220)
2025-06-01 09:00:33,379 [ERROR] LogOutputStream:75 - [STDERR_REDIRECT] 	at com.st.stm32cube.common.mx.core.CubeMxInstance.getInstance(CubeMxInstance.java:81)
2025-06-01 09:00:33,379 [ERROR] LogOutputStream:75 - [STDERR_REDIRECT] 	at com.st.stm32cube.common.mx.userauth.UserAuthAdapter.<init>(UserAuthAdapter.java:25)
2025-06-01 09:00:33,380 [ERROR] LogOutputStream:75 - [STDERR_REDIRECT] 	at com.st.stm32cube.common.mx.userauth.UserAuthProvider.getUserAuthAdapter(UserAuthProvider.java:16)
2025-06-01 09:00:33,380 [ERROR] LogOutputStream:75 - [STDERR_REDIRECT] 	at com.st.stm32cube.common.ecosystemintegration.ui.core.MCUEcoSystemIntegrationUiHelper.getUserAuth(MCUEcoSystemIntegrationUiHelper.java:100)
2025-06-01 09:00:33,381 [ERROR] LogOutputStream:75 - [STDERR_REDIRECT] 	at com.st.stm32cube.ide.mcu.userauth.UserAuthStartup.earlyStartup(UserAuthStartup.java:32)
2025-06-01 09:00:33,381 [ERROR] LogOutputStream:75 - [STDERR_REDIRECT] 	at org.eclipse.ui.internal.EarlyStartupRunnable.runEarlyStartup(EarlyStartupRunnable.java:79)
2025-06-01 09:00:33,381 [ERROR] LogOutputStream:75 - [STDERR_REDIRECT] 	at org.eclipse.ui.internal.EarlyStartupRunnable.run(EarlyStartupRunnable.java:55)
2025-06-01 09:00:33,381 [ERROR] LogOutputStream:75 - [STDERR_REDIRECT] 	at org.eclipse.core.runtime.SafeRunner.run(SafeRunner.java:47)
2025-06-01 09:00:33,381 [ERROR] LogOutputStream:75 - [STDERR_REDIRECT] 	at org.eclipse.ui.internal.Workbench$39.run(Workbench.java:2733)
2025-06-01 09:00:33,382 [ERROR] LogOutputStream:75 - [STDERR_REDIRECT] 	at org.eclipse.core.internal.jobs.Worker.run(Worker.java:63)
2025-06-01 09:00:33,495 [INFO] ApplicationProperties:184 - Using Application install path: /Applications/STM32CubeIDE.app/Contents/Eclipse/plugins/com.st.stm32cube.common.mx_6.14.1.202504091515
2025-06-01 09:00:33,507 [INFO] DbMcusXml:78 - Set database path to: /Applications/STM32CubeIDE.app/Contents/Eclipse/plugins/com.st.stm32cube.common.mx_6.14.1.202504091515//db//mcu/
2025-06-01 09:00:33,507 [INFO] ApiDb:274 - Set plugin database path to: /Applications/STM32CubeIDE.app/Contents/Eclipse/plugins/com.st.stm32cube.common.mx_6.14.1.202504091515//db//plugins/boardmanager/
2025-06-01 09:00:33,508 [WARN] ApiDb:259 - Overriding images path with different value:  => /Applications/STM32CubeIDE.app/Contents/Eclipse/plugins/com.st.stm32cube.common.mx_6.14.1.202504091515//db//plugins/mcufinder/images/
2025-06-01 09:00:33,516 [INFO] ApiDb:250 - Set database path to: /Users/himadri_joy/.stmcufinder/plugins/mcufinder//mcu/
2025-06-01 09:00:33,517 [INFO] DbMcusAds:125 - Set database path to: /Users/himadri_joy/.stmcufinder/plugins/mcufinder//mcu/
2025-06-01 09:00:33,518 [INFO] CrossReferenceDbSqlite:203 - Set database path to: /Users/himadri_joy/.stmcufinder/plugins/mcufinder//mcu/cs/
2025-06-01 09:00:33,636 [INFO] RulesReader:64 - Compatibility file has been processed (302 Rules)
2025-06-01 09:00:33,709 [INFO] DbMcusXml:78 - Set database path to: /Applications/STM32CubeIDE.app/Contents/Eclipse/plugins/com.st.stm32cube.common.mx_6.14.1.202504091515//db//mcu/
2025-06-01 09:00:33,709 [INFO] ApiDb:274 - Set plugin database path to: /Applications/STM32CubeIDE.app/Contents/Eclipse/plugins/com.st.stm32cube.common.mx_6.14.1.202504091515//db//plugins/boardmanager/
2025-06-01 09:00:33,709 [INFO] ApiDb:261 - Set plugin images path to: /Applications/STM32CubeIDE.app/Contents/Eclipse/plugins/com.st.stm32cube.common.mx_6.14.1.202504091515//db//plugins/mcufinder/images/
2025-06-01 09:00:33,709 [WARN] DbFile:41 - Overriding database path with different value: /Users/himadri_joy/.stmcufinder/plugins/mcufinder/ => /Users/himadri_joy/.stmcufinder/plugins/mcufinder
2025-06-01 09:00:33,709 [INFO] ApiDb:250 - Set database path to: /Users/himadri_joy/.stmcufinder/plugins/mcufinder//mcu/
2025-06-01 09:00:33,709 [WARN] DbFile:41 - Overriding database path with different value: /Users/himadri_joy/.stmcufinder/plugins/mcufinder/ => /Users/himadri_joy/.stmcufinder/plugins/mcufinder
2025-06-01 09:00:33,709 [INFO] DbMcusAds:125 - Set database path to: /Users/himadri_joy/.stmcufinder/plugins/mcufinder//mcu/
2025-06-01 09:00:33,710 [WARN] DbFile:41 - Overriding database path with different value: /Users/himadri_joy/.stmcufinder/plugins/mcufinder/ => /Users/himadri_joy/.stmcufinder/plugins/mcufinder
2025-06-01 09:00:33,710 [WARN] DbFile:41 - Overriding database path with different value: /Users/himadri_joy/.stmcufinder/plugins/mcufinder/ => /Users/himadri_joy/.stmcufinder/plugins/mcufinder
2025-06-01 09:00:33,710 [INFO] CrossReferenceDbSqlite:203 - Set database path to: /Users/himadri_joy/.stmcufinder/plugins/mcufinder//mcu/cs/
2025-06-01 09:00:33,792 [INFO] MainPanel:272 - HeapMemory: 268435456
2025-06-01 09:00:34,322 [INFO] DbMcusXml:78 - Set database path to: /Applications/STM32CubeIDE.app/Contents/Eclipse/plugins/com.st.stm32cube.common.mx_6.14.1.202504091515//db//mcu/
2025-06-01 09:00:34,322 [INFO] ApiDb:274 - Set plugin database path to: /Applications/STM32CubeIDE.app/Contents/Eclipse/plugins/com.st.stm32cube.common.mx_6.14.1.202504091515//db//plugins/boardmanager/
2025-06-01 09:00:34,322 [INFO] ApiDb:261 - Set plugin images path to: /Applications/STM32CubeIDE.app/Contents/Eclipse/plugins/com.st.stm32cube.common.mx_6.14.1.202504091515//db//plugins/mcufinder/images/
2025-06-01 09:00:34,322 [WARN] DbFile:41 - Overriding database path with different value: /Users/himadri_joy/.stmcufinder/plugins/mcufinder/ => /Users/himadri_joy/.stmcufinder/plugins/mcufinder
2025-06-01 09:00:34,322 [INFO] ApiDb:250 - Set database path to: /Users/himadri_joy/.stmcufinder/plugins/mcufinder//mcu/
2025-06-01 09:00:34,322 [WARN] DbFile:41 - Overriding database path with different value: /Users/himadri_joy/.stmcufinder/plugins/mcufinder/ => /Users/himadri_joy/.stmcufinder/plugins/mcufinder
2025-06-01 09:00:34,322 [INFO] DbMcusAds:125 - Set database path to: /Users/himadri_joy/.stmcufinder/plugins/mcufinder//mcu/
2025-06-01 09:00:34,323 [WARN] DbFile:41 - Overriding database path with different value: /Users/himadri_joy/.stmcufinder/plugins/mcufinder/ => /Users/himadri_joy/.stmcufinder/plugins/mcufinder
2025-06-01 09:00:34,323 [WARN] DbFile:41 - Overriding database path with different value: /Users/himadri_joy/.stmcufinder/plugins/mcufinder/ => /Users/himadri_joy/.stmcufinder/plugins/mcufinder
2025-06-01 09:00:34,323 [INFO] CrossReferenceDbSqlite:203 - Set database path to: /Users/himadri_joy/.stmcufinder/plugins/mcufinder//mcu/cs/
2025-06-01 09:00:34,346 [INFO] ApplicationProperties:184 - Using Application install path: /Applications/STM32CubeIDE.app/Contents/Eclipse/plugins/com.st.stm32cube.common.mx_6.14.1.202504091515
2025-06-01 09:00:34,347 [INFO] PluginManage:196 - Search for loadable plugins [exclusion list=, ]
2025-06-01 09:00:34,349 [INFO] PluginManage:310 - Check plugin analytics
2025-06-01 09:00:34,501 [INFO] AnalyticsPlugin:253 - Accepted Software Licenses: STM32CubeMX.6.14.1
2025-06-01 09:00:34,502 [INFO] AnalyticsPlugin:255 - Accepted CMSIS Pack Licenses: 
2025-06-01 09:00:34,502 [INFO] AnalyticsPlugin:257 - Accepted Firmware Licenses: 
2025-06-01 09:00:34,513 [INFO] PluginManage:359 - Loaded plugin analytics (category:tool,tabindex:-1)
2025-06-01 09:00:34,514 [INFO] PluginManage:310 - Check plugin cadmodel
2025-06-01 09:00:34,525 [INFO] CADModel:105 - Init CAD model plugin
2025-06-01 09:00:34,526 [INFO] PluginManage:359 - Loaded plugin cadmodel (category:power,tabindex:5)
2025-06-01 09:00:34,526 [INFO] PluginManage:310 - Check plugin clock
2025-06-01 09:00:34,534 [INFO] PluginManage:359 - Loaded plugin clock (category:base,tabindex:2)
2025-06-01 09:00:34,535 [INFO] PluginManage:310 - Check plugin ddr
2025-06-01 09:00:34,536 [INFO] PluginManage:359 - Loaded plugin ddr (category:tool,tabindex:6)
2025-06-01 09:00:34,536 [INFO] PluginManage:310 - Check plugin filemanager
2025-06-01 09:00:34,664 [INFO] PluginManage:359 - Loaded plugin filemanager (category:base,tabindex:10)
2025-06-01 09:00:34,665 [INFO] PluginManage:310 - Check plugin ipmanager
2025-06-01 09:00:34,672 [INFO] PluginManage:359 - Loaded plugin ipmanager (category:base,tabindex:5)
2025-06-01 09:00:34,672 [INFO] PluginManage:310 - Check plugin lpbam
2025-06-01 09:00:34,678 [INFO] PluginManage:359 - Loaded plugin lpbam (category:base,tabindex:0)
2025-06-01 09:00:34,679 [INFO] PluginManage:310 - Check plugin memorymap
2025-06-01 09:00:34,686 [INFO] PluginManage:359 - Loaded plugin memorymap (category:base,tabindex:4)
2025-06-01 09:00:34,686 [INFO] PluginManage:310 - Check plugin pinoutandconfiguration
2025-06-01 09:00:34,691 [INFO] PluginManage:359 - Loaded plugin pinoutandconfiguration (category:base,tabindex:1)
2025-06-01 09:00:34,691 [INFO] PluginManage:310 - Check plugin pinoutconfig
2025-06-01 09:00:34,757 [WARN] SupportedApi:132 - Cannot load RTOS API schema: s4s-elt-must-match.1: The content of 'definitions' must match (annotation?, (simpleType | complexType)?, (unique | key | keyref)*)). A problem was found starting at: attribute.
2025-06-01 09:00:34,876 [INFO] PluginManage:359 - Loaded plugin pinoutconfig (category:base,tabindex:0)
2025-06-01 09:00:34,876 [INFO] PluginManage:310 - Check plugin power
2025-06-01 09:00:34,885 [INFO] PluginManage:359 - Loaded plugin power (category:power,tabindex:4)
2025-06-01 09:00:34,885 [INFO] PluginManage:310 - Check plugin projectmanager
2025-06-01 09:00:34,903 [INFO] PluginManage:359 - Loaded plugin projectmanager (category:projectmanager,tabindex:4)
2025-06-01 09:00:34,903 [INFO] PluginManage:310 - Check plugin rif
2025-06-01 09:00:34,909 [INFO] PluginManage:359 - Loaded plugin rif (category:base,tabindex:3)
2025-06-01 09:00:34,910 [INFO] PluginManage:310 - Check plugin thirdparty
2025-06-01 09:00:35,061 [WARN] IntegrityCheckThread:84 - waiting for thirdparty lock release [integrity check]
2025-06-01 09:00:35,061 [INFO] PluginManage:359 - Loaded plugin thirdparty (category:base,tabindex:-1)
2025-06-01 09:00:35,062 [INFO] PluginManage:310 - Check plugin tools
2025-06-01 09:00:35,062 [INFO] IntegrityCheckThread:86 - entering critical section [integrity check]
2025-06-01 09:00:35,063 [INFO] ThirdPartyUpdaterWithRetryManager:70 - Updater plugin not ready yet. [1/15]
2025-06-01 09:00:35,064 [INFO] PluginManage:359 - Loaded plugin tools (category:base,tabindex:7)
2025-06-01 09:00:35,064 [INFO] PluginManage:310 - Check plugin tutovideos
2025-06-01 09:00:35,235 [INFO] PluginManage:359 - Loaded plugin tutovideos (category:base,tabindex:-1)
2025-06-01 09:00:35,235 [INFO] PluginManage:310 - Check plugin updater
2025-06-01 09:00:35,267 [INFO] PluginManage:359 - Loaded plugin updater (category:base,tabindex:12)
2025-06-01 09:00:35,267 [INFO] PluginManage:310 - Check plugin userauth
2025-06-01 09:00:35,272 [INFO] UserAuth:118 - Init User Auth plugin
2025-06-01 09:00:35,274 [INFO] PluginManage:359 - Loaded plugin userauth (category:base,tabindex:14)
2025-06-01 09:00:35,274 [INFO] PluginManage:283 - PluginManage : Loaded plugins [18]
2025-06-01 09:00:35,472 [INFO] PinOutPanel:1589 - setPackage(No Configuration,No Configuration)
2025-06-01 09:00:35,531 [INFO] CADModel:165 - CPN selected for project level
2025-06-01 09:00:35,531 [INFO] CADModel:114 - Register for checkConnection events
2025-06-01 09:00:35,539 [INFO] IPUIPlugin:80 - create IPUIPlugin
2025-06-01 09:00:35,539 [INFO] PluginManager:220 - loadIPPluginJar : add mdma
2025-06-01 09:00:35,544 [INFO] IPUIPlugin:80 - create IPUIPlugin
2025-06-01 09:00:35,544 [INFO] PluginManager:220 - loadIPPluginJar : add freertos
2025-06-01 09:00:35,548 [INFO] IPUIPlugin:80 - create IPUIPlugin
2025-06-01 09:00:35,548 [INFO] PluginManager:220 - loadIPPluginJar : add gic
2025-06-01 09:00:35,554 [INFO] IPUIPlugin:80 - create IPUIPlugin
2025-06-01 09:00:35,554 [INFO] PluginManager:220 - loadIPPluginJar : add adc
2025-06-01 09:00:35,555 [INFO] IPUIPlugin:80 - create IPUIPlugin
2025-06-01 09:00:35,555 [INFO] PluginManager:220 - loadIPPluginJar : add gtzc
2025-06-01 09:00:35,556 [INFO] IPUIPlugin:80 - create IPUIPlugin
2025-06-01 09:00:35,556 [INFO] PluginManager:220 - loadIPPluginJar : add quadspi
2025-06-01 09:00:35,557 [INFO] IPUIPlugin:80 - create IPUIPlugin
2025-06-01 09:00:35,557 [INFO] PluginManager:220 - loadIPPluginJar : add aes
2025-06-01 09:00:35,559 [INFO] IPUIPlugin:80 - create IPUIPlugin
2025-06-01 09:00:35,559 [INFO] PluginManager:220 - loadIPPluginJar : add pdm2pcm
2025-06-01 09:00:35,559 [INFO] IPUIPlugin:80 - create IPUIPlugin
2025-06-01 09:00:35,559 [INFO] PluginManager:220 - loadIPPluginJar : add hash
2025-06-01 09:00:35,560 [INFO] IPUIPlugin:80 - create IPUIPlugin
2025-06-01 09:00:35,560 [INFO] PluginManager:220 - loadIPPluginJar : add tim
2025-06-01 09:00:35,561 [INFO] IPUIPlugin:80 - create IPUIPlugin
2025-06-01 09:00:35,561 [INFO] PluginManager:220 - loadIPPluginJar : add tsc
2025-06-01 09:00:35,562 [INFO] IPUIPlugin:80 - create IPUIPlugin
2025-06-01 09:00:35,563 [INFO] PluginManager:220 - loadIPPluginJar : add extmemmanager
2025-06-01 09:00:35,564 [INFO] IPUIPlugin:80 - create IPUIPlugin
2025-06-01 09:00:35,564 [INFO] PluginManager:220 - loadIPPluginJar : add ts
2025-06-01 09:00:35,565 [INFO] IPUIPlugin:80 - create IPUIPlugin
2025-06-01 09:00:35,565 [INFO] PluginManager:220 - loadIPPluginJar : add radio
2025-06-01 09:00:35,568 [INFO] IPUIPlugin:80 - create IPUIPlugin
2025-06-01 09:00:35,568 [INFO] PluginManager:220 - loadIPPluginJar : add can
2025-06-01 09:00:35,571 [INFO] IPUIPlugin:80 - create IPUIPlugin
2025-06-01 09:00:35,571 [INFO] PluginManager:220 - loadIPPluginJar : add dma3
2025-06-01 09:00:35,573 [INFO] IPUIPlugin:80 - create IPUIPlugin
2025-06-01 09:00:35,573 [INFO] PluginManager:220 - loadIPPluginJar : add dfsdm
2025-06-01 09:00:35,574 [INFO] IPUIPlugin:80 - create IPUIPlugin
2025-06-01 09:00:35,574 [INFO] PluginManager:220 - loadIPPluginJar : add spi
2025-06-01 09:00:35,575 [INFO] IPUIPlugin:80 - create IPUIPlugin
2025-06-01 09:00:35,575 [INFO] PluginManager:220 - loadIPPluginJar : add gfxmmu
2025-06-01 09:00:35,576 [INFO] IPUIPlugin:80 - create IPUIPlugin
2025-06-01 09:00:35,576 [INFO] PluginManager:220 - loadIPPluginJar : add genericplugin
2025-06-01 09:00:35,577 [INFO] IPUIPlugin:80 - create IPUIPlugin
2025-06-01 09:00:35,577 [INFO] PluginManager:220 - loadIPPluginJar : add cryp
2025-06-01 09:00:35,579 [INFO] IPUIPlugin:80 - create IPUIPlugin
2025-06-01 09:00:35,579 [INFO] PluginManager:220 - loadIPPluginJar : add gpio
2025-06-01 09:00:35,581 [INFO] IPUIPlugin:80 - create IPUIPlugin
2025-06-01 09:00:35,581 [INFO] PluginManager:220 - loadIPPluginJar : add ddr_ctrl_phy
2025-06-01 09:00:35,582 [INFO] IPUIPlugin:80 - create IPUIPlugin
2025-06-01 09:00:35,582 [INFO] PluginManager:220 - loadIPPluginJar : add comp
2025-06-01 09:00:35,583 [INFO] IPUIPlugin:80 - create IPUIPlugin
2025-06-01 09:00:35,584 [INFO] PluginManager:220 - loadIPPluginJar : add tracer_emb
2025-06-01 09:00:35,585 [INFO] IPUIPlugin:80 - create IPUIPlugin
2025-06-01 09:00:35,585 [INFO] PluginManager:220 - loadIPPluginJar : add openamp
2025-06-01 09:00:35,589 [INFO] IPUIPlugin:80 - create IPUIPlugin
2025-06-01 09:00:35,589 [INFO] PluginManager:220 - loadIPPluginJar : add stm32_wpan
2025-06-01 09:00:35,595 [INFO] IPUIPlugin:80 - create IPUIPlugin
2025-06-01 09:00:35,596 [INFO] PluginManager:220 - loadIPPluginJar : add plateformsettings
2025-06-01 09:00:35,598 [INFO] IPUIPlugin:80 - create IPUIPlugin
2025-06-01 09:00:35,598 [INFO] PluginManager:220 - loadIPPluginJar : add ipddr
2025-06-01 09:00:35,600 [INFO] IPUIPlugin:80 - create IPUIPlugin
2025-06-01 09:00:35,600 [INFO] PluginManager:220 - loadIPPluginJar : add usart
2025-06-01 09:00:35,601 [INFO] IPUIPlugin:80 - create IPUIPlugin
2025-06-01 09:00:35,601 [INFO] PluginManager:220 - loadIPPluginJar : add ltdc
2025-06-01 09:00:35,604 [INFO] IPUIPlugin:80 - create IPUIPlugin
2025-06-01 09:00:35,605 [INFO] PluginManager:220 - loadIPPluginJar : add nvic
2025-06-01 09:00:35,605 [INFO] IPUIPlugin:80 - create IPUIPlugin
2025-06-01 09:00:35,605 [INFO] PluginManager:220 - loadIPPluginJar : add fatfs
2025-06-01 09:00:35,609 [INFO] IPUIPlugin:80 - create IPUIPlugin
2025-06-01 09:00:35,610 [INFO] PluginManager:220 - loadIPPluginJar : add linkedlist
2025-06-01 09:00:35,613 [INFO] IPUIPlugin:80 - create IPUIPlugin
2025-06-01 09:00:35,613 [INFO] PluginManager:220 - loadIPPluginJar : add dma
2025-06-01 09:00:35,615 [INFO] IPUIPlugin:80 - create IPUIPlugin
2025-06-01 09:00:35,615 [INFO] PluginManager:220 - loadIPPluginJar : add fmc
2025-06-01 09:00:35,617 [INFO] IPUIPlugin:80 - create IPUIPlugin
2025-06-01 09:00:35,617 [INFO] PluginManager:220 - loadIPPluginJar : add i2s
2025-06-01 09:00:35,618 [INFO] IPUIPlugin:80 - create IPUIPlugin
2025-06-01 09:00:35,618 [INFO] PluginManager:220 - loadIPPluginJar : add ucpd
2025-06-01 09:00:35,619 [INFO] IPUIPlugin:80 - create IPUIPlugin
2025-06-01 09:00:35,619 [INFO] PluginManager:220 - loadIPPluginJar : add lorawan
2025-06-01 09:00:35,620 [INFO] IPUIPlugin:80 - create IPUIPlugin
2025-06-01 09:00:35,620 [INFO] PluginManager:220 - loadIPPluginJar : add opamp
2025-06-01 09:00:35,621 [INFO] IPUIPlugin:80 - create IPUIPlugin
2025-06-01 09:00:35,621 [INFO] PluginManager:220 - loadIPPluginJar : add i3c
2025-06-01 09:00:35,623 [INFO] IPUIPlugin:80 - create IPUIPlugin
2025-06-01 09:00:35,623 [INFO] PluginManager:220 - loadIPPluginJar : add touchsensing
2025-06-01 09:00:35,624 [INFO] IPUIPlugin:80 - create IPUIPlugin
2025-06-01 09:00:35,624 [INFO] PluginManager:220 - loadIPPluginJar : add i2c
2025-06-01 09:00:35,626 [INFO] IPUIPlugin:80 - create IPUIPlugin
2025-06-01 09:00:35,626 [INFO] PluginManager:220 - loadIPPluginJar : add resmgrutility
2025-06-01 09:00:35,627 [INFO] IPUIPlugin:80 - create IPUIPlugin
2025-06-01 09:00:35,627 [INFO] PluginManager:220 - loadIPPluginJar : add sai
2025-06-01 09:00:35,629 [INFO] IPUIPlugin:80 - create IPUIPlugin
2025-06-01 09:00:35,629 [INFO] PluginManager:220 - loadIPPluginJar : add usbx
2025-06-01 09:00:35,732 [FATAL] Updater:351 - Updater called before beeing initialized
2025-06-01 09:00:35,776 [INFO] RulesReader:64 - Compatibility file has been processed (302 Rules)
2025-06-01 09:00:35,789 [INFO] RulesReader:64 - Compatibility file has been processed (302 Rules)
2025-06-01 09:00:35,801 [INFO] CADModel:165 - CPN selected for project level
2025-06-01 09:00:35,801 [INFO] CADModel:114 - Register for checkConnection events
2025-06-01 09:00:35,801 [FATAL] Updater:351 - Updater called before beeing initialized
2025-06-01 09:00:35,801 [ERROR] CADModel:125 - Updater not yet initialized, retry later 
2025-06-01 09:00:36,025 [FATAL] Updater:351 - Updater called before beeing initialized
2025-06-01 09:00:36,026 [INFO] CADModel:165 - CPN selected for project level
2025-06-01 09:00:36,026 [INFO] CADModel:114 - Register for checkConnection events
2025-06-01 09:00:36,026 [FATAL] Updater:351 - Updater called before beeing initialized
2025-06-01 09:00:36,026 [ERROR] CADModel:125 - Updater not yet initialized, retry later 
2025-06-01 09:00:36,029 [FATAL] Updater:351 - Updater called before beeing initialized
2025-06-01 09:00:36,168 [FATAL] Updater:351 - Updater called before beeing initialized
2025-06-01 09:00:36,172 [INFO] DbMcusAds:53 - JSON generation date=Wed May 07 11:07:55 CEST 2025 (1746608875484)
2025-06-01 09:00:36,172 [FATAL] Updater:351 - Updater called before beeing initialized
2025-06-01 09:00:36,226 [WARN] DetailPanel:346 - Failed to get advertising image, set to default
2025-06-01 09:00:36,410 [FATAL] Updater:351 - Updater called before beeing initialized
2025-06-01 09:00:36,413 [FATAL] Updater:351 - Updater called before beeing initialized
2025-06-01 09:00:36,413 [FATAL] Updater:351 - Updater called before beeing initialized
2025-06-01 09:00:36,414 [WARN] DetailPanel:346 - Failed to get advertising image, set to default
2025-06-01 09:00:36,419 [FATAL] Updater:351 - Updater called before beeing initialized
2025-06-01 09:00:36,467 [ERROR] Updater:1198 - MainUpdater not yet initialized. External WinMGr cannot be set.
2025-06-01 09:00:36,471 [INFO] Updater:1134 - Updater Version found : 6.14.1
2025-06-01 09:00:36,484 [INFO] ApplicationProperties:184 - Using Application install path: /Applications/STM32CubeIDE.app/Contents/Eclipse/plugins/com.st.stm32cube.common.mx_6.14.1.202504091515
2025-06-01 09:00:36,796 [INFO] MainUpdater:2872 - connection check result : 10
2025-06-01 09:00:36,797 [INFO] MainUpdater:289 - Updater Check For Update Now.
2025-06-01 09:00:36,797 [INFO] MicroXplorer:498 - Change Database Version : DB.6.0.141
2025-06-01 09:00:36,801 [INFO] McuFinderGlobals:63 - Set McuFinder mode to 2 (CubeIDE integrated)
2025-06-01 09:00:36,803 [INFO] UserAuth:484 - Internet connection configuration mode: 1
2025-06-01 09:00:36,814 [INFO] JxBrowserEngine:152 - Initiate JxBrowser Engine with user profile folder
2025-06-01 09:00:37,035 [INFO] CheckServerUpdateThread:120 - End of CheckServer Thread
2025-06-01 09:00:38,203 [WARN] PackLoader:240 - Cannot read IP mode file for STMicroelectronics.FP-SNS-MOTENVWB1.1.4.0
2025-06-01 09:00:38,219 [WARN] PackLoader:240 - Cannot read IP mode file for STMicroelectronics.FP-ATR-ASTRA1.2.0.2
2025-06-01 09:00:38,231 [WARN] PackLoader:240 - Cannot read IP mode file for STMicroelectronics.FP-ATR-ASTRA1.2.0.1
2025-06-01 09:00:38,243 [WARN] PackLoader:240 - Cannot read IP mode file for STMicroelectronics.X-CUBE-SMBUS.2.1.0
2025-06-01 09:00:38,253 [WARN] PackLoader:240 - Cannot read IP mode file for STMicroelectronics.X-CUBE-WB05N.1.1.0
2025-06-01 09:00:38,257 [WARN] PackLoader:240 - Cannot read IP mode file for STMicroelectronics.X-CUBE-ST60.1.0.0
2025-06-01 09:00:38,293 [WARN] PackLoader:240 - Cannot read IP mode file for STMicroelectronics.X-CUBE-AZRTOS-F7.1.1.0
2025-06-01 09:00:38,305 [WARN] PackLoader:240 - Cannot read IP mode file for STMicroelectronics.FP-SNS-FLIGHT1.5.0.2
2025-06-01 09:00:38,359 [WARN] PackLoader:240 - Cannot read IP mode file for Infineon.AIROC-Wi-Fi-Bluetooth-STM32.1.7.0
2025-06-01 09:00:38,400 [WARN] PackLoader:240 - Cannot read IP mode file for STMicroelectronics.X-CUBE-DISPLAY.3.0.0
2025-06-01 09:00:38,415 [WARN] PackLoader:240 - Cannot read IP mode file for STMicroelectronics.X-CUBE-BLE1.7.0.0
2025-06-01 09:00:38,425 [WARN] PackLoader:240 - Cannot read IP mode file for STMicroelectronics.X-CUBE-NFC10.1.0.0
2025-06-01 09:00:38,448 [WARN] PackLoader:240 - Cannot read IP mode file for STMicroelectronics.X-CUBE-BLEMGR.4.0.0
2025-06-01 09:00:38,466 [WARN] PackLoader:240 - Cannot read IP mode file for emotas.I-CUBE-CANOPEN.1.3.0
2025-06-01 09:00:38,474 [WARN] PackLoader:240 - Cannot read IP mode file for STMicroelectronics.X-CUBE-AI.10.0.0
2025-06-01 09:00:38,481 [WARN] PackLoader:240 - Cannot read IP mode file for STMicroelectronics.FP-SNS-SMARTAG2.1.2.0
2025-06-01 09:00:38,486 [WARN] PackLoader:240 - Cannot read IP mode file for STMicroelectronics.FP-SNS-FLIGHT1.5.1.0
2025-06-01 09:00:38,572 [WARN] PackLoader:240 - Cannot read IP mode file for STMicroelectronics.X-CUBE-MEMS1.11.1.0
2025-06-01 09:00:38,909 [INFO] LogOutputStream:77 - [STDOUT_REDIRECT] 1 : Invalid condition id : UX_CORESTACK_Condition cause : null
2025-06-01 09:00:38,921 [INFO] LogOutputStream:77 - [STDOUT_REDIRECT] 1 : Invalid condition id : UX_CORESTACK_Condition cause : null
2025-06-01 09:00:38,922 [INFO] LogOutputStream:77 - [STDOUT_REDIRECT] 1 : Invalid condition id : UX_CORESTACK_Condition cause : null
2025-06-01 09:00:38,922 [INFO] LogOutputStream:77 - [STDOUT_REDIRECT] 1 : Invalid condition id : UX_CORESTACK_Condition cause : null
2025-06-01 09:00:38,922 [INFO] LogOutputStream:77 - [STDOUT_REDIRECT] 1 : Invalid condition id : UX_CORESTACK_Condition cause : null
2025-06-01 09:00:38,929 [WARN] PackLoader:240 - Cannot read IP mode file for STMicroelectronics.X-CUBE-AZRTOS-WL.2.0.0
2025-06-01 09:00:38,970 [WARN] PackLoader:240 - Cannot read IP mode file for STMicroelectronics.FP-SNS-MOTENV1.5.0.0
2025-06-01 09:00:38,977 [WARN] PackLoader:240 - Cannot read IP mode file for wolfSSL.I-CUBE-wolfMQTT.1.19.0
2025-06-01 09:00:39,001 [WARN] PackLoader:240 - Cannot read IP mode file for WES.I-CUBE-Cesium.1.3.0
2025-06-01 09:00:39,011 [WARN] PackLoader:240 - Cannot read IP mode file for STMicroelectronics.X-CUBE-BLE2.3.3.0
2025-06-01 09:00:39,018 [WARN] PackLoader:240 - Cannot read IP mode file for STMicroelectronics.X-CUBE-NFC9.1.0.0
2025-06-01 09:00:39,026 [WARN] PackLoader:240 - Cannot read IP mode file for STMicroelectronics.X-CUBE-BLE1.7.1.0
2025-06-01 09:00:39,094 [WARN] PackLoader:240 - Cannot read IP mode file for STMicroelectronics.X-CUBE-MEMS1.11.2.0
2025-06-01 09:00:39,236 [WARN] PackLoader:240 - Cannot read IP mode file for STMicroelectronics.X-CUBE-AZRTOS-G0.1.1.0
2025-06-01 09:00:39,265 [WARN] PackLoader:240 - Cannot read IP mode file for STMicroelectronics.X-CUBE-SAFEA1.1.2.2
2025-06-01 09:00:39,272 [WARN] PackLoader:240 - Cannot read IP mode file for STMicroelectronics.X-CUBE-NFC4.3.0.0
2025-06-01 09:00:39,284 [WARN] PackLoader:240 - Cannot read IP mode file for EmbeddedOffice.I-CUBE-FS-RTOS.1.0.1
2025-06-01 09:00:39,291 [WARN] PackLoader:240 - Cannot read IP mode file for STMicroelectronics.X-CUBE-WB05N.2.0.0
2025-06-01 09:00:39,304 [WARN] PackLoader:240 - Cannot read IP mode file for STMicroelectronics.X-CUBE-TCPP.4.2.0
2025-06-01 09:00:39,309 [WARN] PackLoader:240 - Cannot read IP mode file for RealThread.X-CUBE-RT-Thread_Nano.4.1.1
2025-06-01 09:00:39,317 [WARN] PackLoader:240 - Cannot read IP mode file for STMicroelectronics.FP-ATR-SIGFOX1.3.2.0
2025-06-01 09:00:39,326 [WARN] ConditionMgr:438 - getConditionDescription Invalid condition id : Cortex-A Device cause : null
2025-06-01 09:00:39,376 [WARN] ConditionMgr:1044 - genDependencies : Invalid condition id : Cortex-A Device cause : null
2025-06-01 09:00:39,377 [WARN] ConditionMgr:1044 - genDependencies : Invalid condition id : Cortex-A Device cause : null
2025-06-01 09:00:39,377 [WARN] ConditionMgr:1044 - genDependencies : Invalid condition id : Cortex-A Device cause : null
2025-06-01 09:00:39,383 [WARN] PackLoader:240 - Cannot read IP mode file for STMicroelectronics.X-CUBE-EEPRMA1.5.1.0
2025-06-01 09:00:39,386 [WARN] PackLoader:240 - Cannot read IP mode file for wolfSSL.I-CUBE-wolfSSL.5.7.6
2025-06-01 09:00:39,413 [WARN] PackLoader:240 - Cannot read IP mode file for ITTIA_DB.I-CUBE-ITTIADB.8.9.0
2025-06-01 09:00:39,464 [WARN] PackLoader:240 - Cannot read IP mode file for SEGGER.I-CUBE-embOS.1.3.1
2025-06-01 09:00:39,512 [WARN] PackLoader:240 - Cannot read IP mode file for STMicroelectronics.X-CUBE-ALGOBUILD.1.4.0
2025-06-01 09:00:39,530 [WARN] PackLoader:240 - Cannot read IP mode file for STMicroelectronics.X-CUBE-AZRTOS-F4.1.1.0
2025-06-01 09:00:39,537 [WARN] PackLoader:240 - Cannot read IP mode file for Avnet-IotConnect.X-CUBE-IoTC-DA16k-PMOD.1.0.0
2025-06-01 09:00:39,539 [WARN] PackLoader:240 - Cannot read IP mode file for STMicroelectronics.X-CUBE-ISPU.2.1.0
2025-06-01 09:00:39,557 [WARN] PackLoader:240 - Cannot read IP mode file for STMicroelectronics.X-CUBE-AZRTOS-L5.2.0.0
2025-06-01 09:00:39,568 [WARN] PackLoader:240 - Cannot read IP mode file for STMicroelectronics.X-CUBE-NFC6.3.1.0
2025-06-01 09:00:39,576 [WARN] PackLoader:240 - Cannot read IP mode file for STMicroelectronics.X-CUBE-DPower.1.2.0
2025-06-01 09:00:39,582 [WARN] PackLoader:240 - Cannot read IP mode file for STMicroelectronics.X-CUBE-FREERTOS.1.3.1
2025-06-01 09:00:39,589 [WARN] PackLoader:240 - Cannot read IP mode file for STMicroelectronics.X-CUBE-FREERTOS.1.3.0
2025-06-01 09:00:39,592 [WARN] PackLoader:240 - Cannot read IP mode file for STMicroelectronics.X-CUBE-NFC7.1.0.1
2025-06-01 09:00:39,598 [WARN] PackLoader:240 - Cannot read IP mode file for STMicroelectronics.X-CUBE-DPower.1.3.0
2025-06-01 09:00:39,620 [WARN] ConditionMgr:438 - getConditionDescription Invalid condition id : LAN8742 Phy interface Condition cause : null
2025-06-01 09:00:39,621 [WARN] PackLoader:240 - Cannot read IP mode file for STMicroelectronics.X-CUBE-AZRTOS-L4.2.0.0
2025-06-01 09:00:39,624 [WARN] ConditionMgr:1044 - genDependencies : Invalid condition id : LAN8742 Phy interface Condition cause : null
2025-06-01 09:00:39,624 [WARN] ConditionMgr:1044 - genDependencies : Invalid condition id : LAN8742 Phy interface Condition cause : null
2025-06-01 09:00:39,625 [WARN] ConditionMgr:1044 - genDependencies : Invalid condition id : LAN8742 Phy interface Condition cause : null
2025-06-01 09:00:39,635 [WARN] PackLoader:240 - Cannot read IP mode file for STMicroelectronics.X-CUBE-SFXS2LP1.4.0.0
2025-06-01 09:00:39,659 [WARN] PackLoader:240 - Cannot read IP mode file for STMicroelectronics.X-CUBE-AZRTOS-H7.3.3.0
2025-06-01 09:00:39,696 [WARN] ConditionMgr:438 - getConditionDescription Invalid condition id : UX DEVICE CLASS RTOS Condition cause : null
2025-06-01 09:00:39,704 [WARN] ConditionMgr:438 - getConditionDescription Invalid condition id : UX DEVICE CLASS RTOS Condition cause : null
2025-06-01 09:00:39,713 [WARN] PackLoader:240 - Cannot read IP mode file for STMicroelectronics.X-CUBE-AZRTOS-WB.2.0.0
2025-06-01 09:00:39,789 [WARN] ConditionMgr:1044 - genDependencies : Invalid condition id : UX DEVICE CLASS RTOS Condition cause : null
2025-06-01 09:00:39,811 [WARN] ConditionMgr:1044 - genDependencies : Invalid condition id : UX DEVICE CLASS RTOS Condition cause : null
2025-06-01 09:00:39,815 [WARN] ConditionMgr:1044 - genDependencies : Invalid condition id : UX DEVICE CLASS RTOS Condition cause : null
2025-06-01 09:00:39,816 [WARN] ConditionMgr:1044 - genDependencies : Invalid condition id : UX DEVICE CLASS RTOS Condition cause : null
2025-06-01 09:00:39,816 [WARN] ConditionMgr:1044 - genDependencies : Invalid condition id : UX DEVICE CLASS RTOS Condition cause : null
2025-06-01 09:00:39,933 [WARN] PackLoader:240 - Cannot read IP mode file for STMicroelectronics.X-CUBE-GNSS1.7.0.1
2025-06-01 09:00:39,959 [WARN] PackLoader:240 - Cannot read IP mode file for STMicroelectronics.X-CUBE-TOUCHGFX.4.25.0
2025-06-01 09:00:39,967 [WARN] PackLoader:240 - Cannot read IP mode file for STMicroelectronics.FP-SNS-STBOX1.2.0.0
2025-06-01 09:00:39,985 [WARN] PackLoader:240 - Cannot read IP mode file for STMicroelectronics.X-CUBE-SUBG2.5.0.0
2025-06-01 09:00:40,013 [WARN] PackLoader:240 - Cannot read IP mode file for STMicroelectronics.X-CUBE-AZRTOS-H7RS.1.1.0
2025-06-01 09:00:40,020 [WARN] PackLoader:240 - Cannot read IP mode file for Cesanta.I-CUBE-Mongoose.7.13.0
2025-06-01 09:00:40,035 [WARN] PackLoader:240 - Cannot read IP mode file for STMicroelectronics.X-CUBE-AZRTOS-G4.2.0.0
2025-06-01 09:00:40,042 [WARN] PackLoader:240 - Cannot read IP mode file for STMicroelectronics.X-CUBE-NFC7.2.0.0
2025-06-01 09:00:40,054 [WARN] PackLoader:240 - Cannot read IP mode file for STMicroelectronics.X-CUBE-IPS.3.1.0
2025-06-01 09:00:40,061 [WARN] PackLoader:240 - Cannot read IP mode file for STMicroelectronics.X-CUBE-ALS.1.0.2
2025-06-01 09:00:40,064 [WARN] PackLoader:240 - Cannot read IP mode file for STMicroelectronics.X-CUBE-TOUCHGFX.4.24.2
2025-06-01 09:00:40,066 [WARN] PackLoader:240 - Cannot read IP mode file for wolfSSL.I-CUBE-wolfTPM.3.4.0
2025-06-01 09:00:40,070 [WARN] PackLoader:240 - Cannot read IP mode file for portGmbH.I-Cube-SoM-uGOAL.1.1.0
2025-06-01 09:00:40,087 [WARN] PackLoader:240 - Cannot read IP mode file for STMicroelectronics.X-CUBE-AZRTOS-H7RS.1.0.0
2025-06-01 09:00:40,101 [WARN] PackLoader:240 - Cannot read IP mode file for STMicroelectronics.X-CUBE-TOF1.3.4.2
2025-06-01 09:00:40,122 [WARN] PackLoader:240 - Cannot read IP mode file for STMicroelectronics.X-CUBE-TOF1.3.4.3
2025-06-01 09:00:40,131 [WARN] PackLoader:240 - Cannot read IP mode file for wolfSSL.I-CUBE-wolfSSH.1.4.17
2025-06-01 09:00:40,149 [INFO] ThirdParty:978 - Integrity check success = true
2025-06-01 09:00:40,149 [INFO] IntegrityCheckThread:100 - exiting critical section [integrity check]
2025-06-01 09:00:40,149 [INFO] IntegrityCheckThread:103 - End integrity checks thread
2025-06-01 09:00:41,823 [INFO] WebApp:169 - Instantiating new browser for Auth
2025-06-01 09:00:43,239 [INFO] WebApp:463 - Apply proxy settings
2025-06-01 09:00:43,252 [INFO] WebApp:508 - Chromium authenticates against Manually configured proxy
2025-06-01 09:00:43,266 [INFO] WebApp:516 - Username used for proxy authentication: 
2025-06-01 09:00:43,306 [INFO] WebApp:894 - Register for checkConnection events
2025-06-01 09:00:43,306 [INFO] WebApp:463 - Apply proxy settings
2025-06-01 09:00:43,309 [INFO] WebApp:508 - Chromium authenticates against Manually configured proxy
2025-06-01 09:00:43,310 [INFO] WebApp:516 - Username used for proxy authentication: 
2025-06-01 09:00:43,460 [INFO] WebApp:225 - Starting web application
2025-06-01 09:00:43,460 [INFO] WebApp:593 - Web application path used /Applications/STM32CubeIDE.app/Contents/Eclipse/plugins/com.st.stm32cube.common.mx_6.14.1.202504091515/db/plugins/mcufinder/reactClient1/index.html
2025-06-01 09:00:43,911 [INFO] WebApp:191 - Connection restablished
2025-06-01 09:00:44,201 [INFO] UserAuth:484 - Internet connection configuration mode: 1
