2025-06-12 09:39:46,372 [INFO] WebApp:194 - Connection lost
2025-06-12 09:39:47,249 [INFO] WebApp:191 - Connection restablished
2025-06-12 09:54:57,739 [INFO] WebApp:194 - Connection lost
2025-06-12 10:09:21,138 [INFO] WebApp:191 - Connection restablished
2025-06-12 10:09:57,963 [INFO] WebApp:194 - Connection lost
2025-06-12 10:10:02,766 [INFO] WebApp:191 - Connection restablished
2025-06-12 10:10:29,018 [INFO] WebApp:194 - Connection lost
2025-06-12 10:10:31,101 [INFO] WebApp:191 - Connection restablished
2025-06-12 16:12:13,713 [INFO] WebApp:194 - Connection lost
2025-06-12 16:12:19,965 [INFO] WebApp:191 - Connection restablished
2025-06-12 16:12:56,552 [INFO] WebApp:194 - Connection lost
2025-06-12 16:13:00,838 [INFO] WebApp:191 - Connection restablished
2025-06-12 16:13:18,756 [INFO] WebApp:194 - Connection lost
2025-06-12 16:13:23,942 [INFO] WebApp:191 - Connection restablished
2025-06-12 16:14:17,744 [INFO] WebApp:194 - Connection lost
2025-06-12 16:14:24,583 [INFO] WebApp:191 - Connection restablished
2025-06-12 16:14:56,947 [INFO] WebApp:194 - Connection lost
2025-06-12 16:29:28,766 [INFO] WebApp:191 - Connection restablished
2025-06-12 16:44:41,050 [INFO] WebApp:194 - Connection lost
2025-06-12 16:44:41,834 [INFO] WebApp:191 - Connection restablished
2025-06-12 16:59:48,435 [INFO] WebApp:194 - Connection lost
2025-06-12 16:59:49,056 [INFO] WebApp:191 - Connection restablished
2025-06-12 17:09:01,197 [INFO] WebApp:194 - Connection lost
2025-06-12 17:09:01,684 [INFO] WebApp:191 - Connection restablished
2025-06-12 17:24:09,545 [INFO] WebApp:194 - Connection lost
2025-06-12 17:24:10,295 [INFO] WebApp:191 - Connection restablished
2025-06-12 17:39:17,766 [INFO] WebApp:194 - Connection lost
2025-06-12 17:39:19,390 [INFO] WebApp:191 - Connection restablished
2025-06-12 17:54:26,086 [INFO] WebApp:194 - Connection lost
2025-06-12 17:54:26,247 [INFO] WebApp:191 - Connection restablished
2025-06-12 18:03:01,621 [INFO] WebApp:194 - Connection lost
2025-06-12 18:03:02,136 [INFO] WebApp:191 - Connection restablished
2025-06-12 18:13:30,410 [INFO] WebApp:194 - Connection lost
2025-06-12 18:13:32,588 [INFO] WebApp:191 - Connection restablished
2025-06-12 18:46:34,339 [INFO] WebApp:194 - Connection lost
2025-06-12 18:46:37,987 [INFO] WebApp:191 - Connection restablished
2025-06-12 19:58:51,671 [INFO] Activator:176 - 


2025-06-12 19:58:51,672 [INFO] Activator:177 - !SESSION log4j initialized
2025-06-12 19:58:55,299 [INFO] LogOutputStream:77 - [STDOUT_REDIRECT] 
2025-06-12 19:58:58,031 [ERROR] LogOutputStream:75 - [STDERR_REDIRECT] 
2025-06-12 19:58:59,722 [INFO] LogOutputStream:77 - [STDOUT_REDIRECT] 
2025-06-12 19:59:00,684 [ERROR] LogOutputStream:75 - [STDERR_REDIRECT] java.net.URISyntaxException: Illegal character in path at index 38: file:/Users/himadri_joy/Desktop/master thesis/VLC Thesis /STM32/.metadata/.log4j2.xml
2025-06-12 19:59:00,687 [ERROR] LogOutputStream:75 - [STDERR_REDIRECT] 	at java.base/java.net.URI$Parser.fail(URI.java:2995)
2025-06-12 19:59:00,688 [ERROR] LogOutputStream:75 - [STDERR_REDIRECT] 	at java.base/java.net.URI$Parser.checkChars(URI.java:3166)
2025-06-12 19:59:00,688 [ERROR] LogOutputStream:75 - [STDERR_REDIRECT] 	at java.base/java.net.URI$Parser.parseHierarchical(URI.java:3248)
2025-06-12 19:59:00,689 [ERROR] LogOutputStream:75 - [STDERR_REDIRECT] 	at java.base/java.net.URI$Parser.parse(URI.java:3196)
2025-06-12 19:59:00,691 [ERROR] LogOutputStream:75 - [STDERR_REDIRECT] 	at java.base/java.net.URI.<init>(URI.java:645)
2025-06-12 19:59:00,691 [ERROR] LogOutputStream:75 - [STDERR_REDIRECT] 	at java.base/java.net.URL.toURI(URL.java:1220)
2025-06-12 19:59:00,691 [ERROR] LogOutputStream:75 - [STDERR_REDIRECT] 	at com.st.stm32cube.common.mx.core.CubeMxInstance.getInstance(CubeMxInstance.java:81)
2025-06-12 19:59:00,691 [ERROR] LogOutputStream:75 - [STDERR_REDIRECT] 	at com.st.stm32cube.common.mx.userauth.UserAuthAdapter.<init>(UserAuthAdapter.java:25)
2025-06-12 19:59:00,692 [ERROR] LogOutputStream:75 - [STDERR_REDIRECT] 	at com.st.stm32cube.common.mx.userauth.UserAuthProvider.getUserAuthAdapter(UserAuthProvider.java:16)
2025-06-12 19:59:00,693 [ERROR] LogOutputStream:75 - [STDERR_REDIRECT] 	at com.st.stm32cube.common.ecosystemintegration.ui.core.MCUEcoSystemIntegrationUiHelper.getUserAuth(MCUEcoSystemIntegrationUiHelper.java:100)
2025-06-12 19:59:00,694 [ERROR] LogOutputStream:75 - [STDERR_REDIRECT] 	at com.st.stm32cube.ide.mcu.userauth.UserAuthStartup.earlyStartup(UserAuthStartup.java:32)
2025-06-12 19:59:00,694 [ERROR] LogOutputStream:75 - [STDERR_REDIRECT] 	at org.eclipse.ui.internal.EarlyStartupRunnable.runEarlyStartup(EarlyStartupRunnable.java:79)
2025-06-12 19:59:00,694 [ERROR] LogOutputStream:75 - [STDERR_REDIRECT] 	at org.eclipse.ui.internal.EarlyStartupRunnable.run(EarlyStartupRunnable.java:55)
2025-06-12 19:59:00,695 [ERROR] LogOutputStream:75 - [STDERR_REDIRECT] 	at org.eclipse.core.runtime.SafeRunner.run(SafeRunner.java:47)
2025-06-12 19:59:00,695 [ERROR] LogOutputStream:75 - [STDERR_REDIRECT] 	at org.eclipse.ui.internal.Workbench$39.run(Workbench.java:2733)
2025-06-12 19:59:00,695 [ERROR] LogOutputStream:75 - [STDERR_REDIRECT] 	at org.eclipse.core.internal.jobs.Worker.run(Worker.java:63)
2025-06-12 19:59:00,816 [INFO] ApplicationProperties:184 - Using Application install path: /Applications/STM32CubeIDE.app/Contents/Eclipse/plugins/com.st.stm32cube.common.mx_6.14.1.202504091515
2025-06-12 19:59:00,828 [INFO] DbMcusXml:78 - Set database path to: /Applications/STM32CubeIDE.app/Contents/Eclipse/plugins/com.st.stm32cube.common.mx_6.14.1.202504091515//db//mcu/
2025-06-12 19:59:00,829 [INFO] ApiDb:274 - Set plugin database path to: /Applications/STM32CubeIDE.app/Contents/Eclipse/plugins/com.st.stm32cube.common.mx_6.14.1.202504091515//db//plugins/boardmanager/
2025-06-12 19:59:00,829 [WARN] ApiDb:259 - Overriding images path with different value:  => /Applications/STM32CubeIDE.app/Contents/Eclipse/plugins/com.st.stm32cube.common.mx_6.14.1.202504091515//db//plugins/mcufinder/images/
2025-06-12 19:59:00,835 [INFO] ApiDb:250 - Set database path to: /Users/himadri_joy/.stmcufinder/plugins/mcufinder//mcu/
2025-06-12 19:59:00,835 [INFO] DbMcusAds:125 - Set database path to: /Users/himadri_joy/.stmcufinder/plugins/mcufinder//mcu/
2025-06-12 19:59:00,836 [INFO] CrossReferenceDbSqlite:203 - Set database path to: /Users/himadri_joy/.stmcufinder/plugins/mcufinder//mcu/cs/
2025-06-12 19:59:00,949 [INFO] RulesReader:64 - Compatibility file has been processed (302 Rules)
2025-06-12 19:59:01,014 [INFO] DbMcusXml:78 - Set database path to: /Applications/STM32CubeIDE.app/Contents/Eclipse/plugins/com.st.stm32cube.common.mx_6.14.1.202504091515//db//mcu/
2025-06-12 19:59:01,014 [INFO] ApiDb:274 - Set plugin database path to: /Applications/STM32CubeIDE.app/Contents/Eclipse/plugins/com.st.stm32cube.common.mx_6.14.1.202504091515//db//plugins/boardmanager/
2025-06-12 19:59:01,015 [INFO] ApiDb:261 - Set plugin images path to: /Applications/STM32CubeIDE.app/Contents/Eclipse/plugins/com.st.stm32cube.common.mx_6.14.1.202504091515//db//plugins/mcufinder/images/
2025-06-12 19:59:01,015 [WARN] DbFile:41 - Overriding database path with different value: /Users/himadri_joy/.stmcufinder/plugins/mcufinder/ => /Users/himadri_joy/.stmcufinder/plugins/mcufinder
2025-06-12 19:59:01,015 [INFO] ApiDb:250 - Set database path to: /Users/himadri_joy/.stmcufinder/plugins/mcufinder//mcu/
2025-06-12 19:59:01,015 [WARN] DbFile:41 - Overriding database path with different value: /Users/himadri_joy/.stmcufinder/plugins/mcufinder/ => /Users/himadri_joy/.stmcufinder/plugins/mcufinder
2025-06-12 19:59:01,015 [INFO] DbMcusAds:125 - Set database path to: /Users/himadri_joy/.stmcufinder/plugins/mcufinder//mcu/
2025-06-12 19:59:01,015 [WARN] DbFile:41 - Overriding database path with different value: /Users/himadri_joy/.stmcufinder/plugins/mcufinder/ => /Users/himadri_joy/.stmcufinder/plugins/mcufinder
2025-06-12 19:59:01,015 [WARN] DbFile:41 - Overriding database path with different value: /Users/himadri_joy/.stmcufinder/plugins/mcufinder/ => /Users/himadri_joy/.stmcufinder/plugins/mcufinder
2025-06-12 19:59:01,015 [INFO] CrossReferenceDbSqlite:203 - Set database path to: /Users/himadri_joy/.stmcufinder/plugins/mcufinder//mcu/cs/
2025-06-12 19:59:01,069 [INFO] MainPanel:272 - HeapMemory: 268435456
2025-06-12 19:59:01,313 [INFO] DbMcusXml:78 - Set database path to: /Applications/STM32CubeIDE.app/Contents/Eclipse/plugins/com.st.stm32cube.common.mx_6.14.1.202504091515//db//mcu/
2025-06-12 19:59:01,313 [INFO] ApiDb:274 - Set plugin database path to: /Applications/STM32CubeIDE.app/Contents/Eclipse/plugins/com.st.stm32cube.common.mx_6.14.1.202504091515//db//plugins/boardmanager/
2025-06-12 19:59:01,313 [INFO] ApiDb:261 - Set plugin images path to: /Applications/STM32CubeIDE.app/Contents/Eclipse/plugins/com.st.stm32cube.common.mx_6.14.1.202504091515//db//plugins/mcufinder/images/
2025-06-12 19:59:01,313 [WARN] DbFile:41 - Overriding database path with different value: /Users/himadri_joy/.stmcufinder/plugins/mcufinder/ => /Users/himadri_joy/.stmcufinder/plugins/mcufinder
2025-06-12 19:59:01,313 [INFO] ApiDb:250 - Set database path to: /Users/himadri_joy/.stmcufinder/plugins/mcufinder//mcu/
2025-06-12 19:59:01,313 [WARN] DbFile:41 - Overriding database path with different value: /Users/himadri_joy/.stmcufinder/plugins/mcufinder/ => /Users/himadri_joy/.stmcufinder/plugins/mcufinder
2025-06-12 19:59:01,313 [INFO] DbMcusAds:125 - Set database path to: /Users/himadri_joy/.stmcufinder/plugins/mcufinder//mcu/
2025-06-12 19:59:01,313 [WARN] DbFile:41 - Overriding database path with different value: /Users/himadri_joy/.stmcufinder/plugins/mcufinder/ => /Users/himadri_joy/.stmcufinder/plugins/mcufinder
2025-06-12 19:59:01,314 [WARN] DbFile:41 - Overriding database path with different value: /Users/himadri_joy/.stmcufinder/plugins/mcufinder/ => /Users/himadri_joy/.stmcufinder/plugins/mcufinder
2025-06-12 19:59:01,314 [INFO] CrossReferenceDbSqlite:203 - Set database path to: /Users/himadri_joy/.stmcufinder/plugins/mcufinder//mcu/cs/
2025-06-12 19:59:01,336 [INFO] ApplicationProperties:184 - Using Application install path: /Applications/STM32CubeIDE.app/Contents/Eclipse/plugins/com.st.stm32cube.common.mx_6.14.1.202504091515
2025-06-12 19:59:01,337 [INFO] PluginManage:196 - Search for loadable plugins [exclusion list=, ]
2025-06-12 19:59:01,338 [INFO] PluginManage:310 - Check plugin analytics
2025-06-12 19:59:01,498 [INFO] AnalyticsPlugin:253 - Accepted Software Licenses: STM32CubeMX.6.14.1
2025-06-12 19:59:01,498 [INFO] AnalyticsPlugin:255 - Accepted CMSIS Pack Licenses: 
2025-06-12 19:59:01,498 [INFO] AnalyticsPlugin:257 - Accepted Firmware Licenses: 
2025-06-12 19:59:01,511 [INFO] PluginManage:359 - Loaded plugin analytics (category:tool,tabindex:-1)
2025-06-12 19:59:01,513 [INFO] PluginManage:310 - Check plugin cadmodel
2025-06-12 19:59:01,524 [INFO] CADModel:105 - Init CAD model plugin
2025-06-12 19:59:01,524 [INFO] PluginManage:359 - Loaded plugin cadmodel (category:power,tabindex:5)
2025-06-12 19:59:01,526 [INFO] PluginManage:310 - Check plugin clock
2025-06-12 19:59:01,533 [INFO] PluginManage:359 - Loaded plugin clock (category:base,tabindex:2)
2025-06-12 19:59:01,533 [INFO] PluginManage:310 - Check plugin ddr
2025-06-12 19:59:01,535 [INFO] PluginManage:359 - Loaded plugin ddr (category:tool,tabindex:6)
2025-06-12 19:59:01,535 [INFO] PluginManage:310 - Check plugin filemanager
2025-06-12 19:59:01,664 [INFO] PluginManage:359 - Loaded plugin filemanager (category:base,tabindex:10)
2025-06-12 19:59:01,664 [INFO] PluginManage:310 - Check plugin ipmanager
2025-06-12 19:59:01,672 [INFO] PluginManage:359 - Loaded plugin ipmanager (category:base,tabindex:5)
2025-06-12 19:59:01,673 [INFO] PluginManage:310 - Check plugin lpbam
2025-06-12 19:59:01,680 [INFO] PluginManage:359 - Loaded plugin lpbam (category:base,tabindex:0)
2025-06-12 19:59:01,680 [INFO] PluginManage:310 - Check plugin memorymap
2025-06-12 19:59:01,687 [INFO] PluginManage:359 - Loaded plugin memorymap (category:base,tabindex:4)
2025-06-12 19:59:01,687 [INFO] PluginManage:310 - Check plugin pinoutandconfiguration
2025-06-12 19:59:01,692 [INFO] PluginManage:359 - Loaded plugin pinoutandconfiguration (category:base,tabindex:1)
2025-06-12 19:59:01,692 [INFO] PluginManage:310 - Check plugin pinoutconfig
2025-06-12 19:59:01,762 [WARN] SupportedApi:132 - Cannot load RTOS API schema: s4s-elt-must-match.1: The content of 'definitions' must match (annotation?, (simpleType | complexType)?, (unique | key | keyref)*)). A problem was found starting at: attribute.
2025-06-12 19:59:01,889 [INFO] PluginManage:359 - Loaded plugin pinoutconfig (category:base,tabindex:0)
2025-06-12 19:59:01,889 [INFO] PluginManage:310 - Check plugin power
2025-06-12 19:59:01,900 [INFO] PluginManage:359 - Loaded plugin power (category:power,tabindex:4)
2025-06-12 19:59:01,900 [INFO] PluginManage:310 - Check plugin projectmanager
2025-06-12 19:59:01,923 [INFO] PluginManage:359 - Loaded plugin projectmanager (category:projectmanager,tabindex:4)
2025-06-12 19:59:01,923 [INFO] PluginManage:310 - Check plugin rif
2025-06-12 19:59:01,928 [INFO] PluginManage:359 - Loaded plugin rif (category:base,tabindex:3)
2025-06-12 19:59:01,928 [INFO] PluginManage:310 - Check plugin thirdparty
2025-06-12 19:59:02,074 [INFO] PluginManage:359 - Loaded plugin thirdparty (category:base,tabindex:-1)
2025-06-12 19:59:02,075 [WARN] IntegrityCheckThread:84 - waiting for thirdparty lock release [integrity check]
2025-06-12 19:59:02,075 [INFO] PluginManage:310 - Check plugin tools
2025-06-12 19:59:02,076 [INFO] IntegrityCheckThread:86 - entering critical section [integrity check]
2025-06-12 19:59:02,076 [INFO] ThirdPartyUpdaterWithRetryManager:70 - Updater plugin not ready yet. [1/15]
2025-06-12 19:59:02,079 [INFO] PluginManage:359 - Loaded plugin tools (category:base,tabindex:7)
2025-06-12 19:59:02,079 [INFO] PluginManage:310 - Check plugin tutovideos
2025-06-12 19:59:02,209 [INFO] PluginManage:359 - Loaded plugin tutovideos (category:base,tabindex:-1)
2025-06-12 19:59:02,209 [INFO] PluginManage:310 - Check plugin updater
2025-06-12 19:59:02,235 [INFO] PluginManage:359 - Loaded plugin updater (category:base,tabindex:12)
2025-06-12 19:59:02,236 [INFO] PluginManage:310 - Check plugin userauth
2025-06-12 19:59:02,240 [INFO] UserAuth:118 - Init User Auth plugin
2025-06-12 19:59:02,241 [INFO] PluginManage:359 - Loaded plugin userauth (category:base,tabindex:14)
2025-06-12 19:59:02,241 [INFO] PluginManage:283 - PluginManage : Loaded plugins [18]
2025-06-12 19:59:02,452 [INFO] PinOutPanel:1589 - setPackage(No Configuration,No Configuration)
2025-06-12 19:59:02,510 [INFO] CADModel:165 - CPN selected for project level
2025-06-12 19:59:02,510 [INFO] CADModel:114 - Register for checkConnection events
2025-06-12 19:59:02,519 [INFO] IPUIPlugin:80 - create IPUIPlugin
2025-06-12 19:59:02,519 [INFO] PluginManager:220 - loadIPPluginJar : add mdma
2025-06-12 19:59:02,523 [INFO] IPUIPlugin:80 - create IPUIPlugin
2025-06-12 19:59:02,523 [INFO] PluginManager:220 - loadIPPluginJar : add freertos
2025-06-12 19:59:02,525 [INFO] IPUIPlugin:80 - create IPUIPlugin
2025-06-12 19:59:02,525 [INFO] PluginManager:220 - loadIPPluginJar : add gic
2025-06-12 19:59:02,531 [INFO] IPUIPlugin:80 - create IPUIPlugin
2025-06-12 19:59:02,531 [INFO] PluginManager:220 - loadIPPluginJar : add adc
2025-06-12 19:59:02,532 [INFO] IPUIPlugin:80 - create IPUIPlugin
2025-06-12 19:59:02,532 [INFO] PluginManager:220 - loadIPPluginJar : add gtzc
2025-06-12 19:59:02,533 [INFO] IPUIPlugin:80 - create IPUIPlugin
2025-06-12 19:59:02,533 [INFO] PluginManager:220 - loadIPPluginJar : add quadspi
2025-06-12 19:59:02,534 [INFO] IPUIPlugin:80 - create IPUIPlugin
2025-06-12 19:59:02,534 [INFO] PluginManager:220 - loadIPPluginJar : add aes
2025-06-12 19:59:02,535 [INFO] IPUIPlugin:80 - create IPUIPlugin
2025-06-12 19:59:02,535 [INFO] PluginManager:220 - loadIPPluginJar : add pdm2pcm
2025-06-12 19:59:02,536 [INFO] IPUIPlugin:80 - create IPUIPlugin
2025-06-12 19:59:02,536 [INFO] PluginManager:220 - loadIPPluginJar : add hash
2025-06-12 19:59:02,536 [INFO] IPUIPlugin:80 - create IPUIPlugin
2025-06-12 19:59:02,537 [INFO] PluginManager:220 - loadIPPluginJar : add tim
2025-06-12 19:59:02,537 [INFO] IPUIPlugin:80 - create IPUIPlugin
2025-06-12 19:59:02,537 [INFO] PluginManager:220 - loadIPPluginJar : add tsc
2025-06-12 19:59:02,539 [INFO] IPUIPlugin:80 - create IPUIPlugin
2025-06-12 19:59:02,539 [INFO] PluginManager:220 - loadIPPluginJar : add extmemmanager
2025-06-12 19:59:02,540 [INFO] IPUIPlugin:80 - create IPUIPlugin
2025-06-12 19:59:02,540 [INFO] PluginManager:220 - loadIPPluginJar : add ts
2025-06-12 19:59:02,541 [INFO] IPUIPlugin:80 - create IPUIPlugin
2025-06-12 19:59:02,541 [INFO] PluginManager:220 - loadIPPluginJar : add radio
2025-06-12 19:59:02,543 [INFO] IPUIPlugin:80 - create IPUIPlugin
2025-06-12 19:59:02,543 [INFO] PluginManager:220 - loadIPPluginJar : add can
2025-06-12 19:59:02,544 [INFO] IPUIPlugin:80 - create IPUIPlugin
2025-06-12 19:59:02,544 [INFO] PluginManager:220 - loadIPPluginJar : add dma3
2025-06-12 19:59:02,545 [INFO] IPUIPlugin:80 - create IPUIPlugin
2025-06-12 19:59:02,545 [INFO] PluginManager:220 - loadIPPluginJar : add dfsdm
2025-06-12 19:59:02,546 [INFO] IPUIPlugin:80 - create IPUIPlugin
2025-06-12 19:59:02,546 [INFO] PluginManager:220 - loadIPPluginJar : add spi
2025-06-12 19:59:02,547 [INFO] IPUIPlugin:80 - create IPUIPlugin
2025-06-12 19:59:02,547 [INFO] PluginManager:220 - loadIPPluginJar : add gfxmmu
2025-06-12 19:59:02,548 [INFO] IPUIPlugin:80 - create IPUIPlugin
2025-06-12 19:59:02,548 [INFO] PluginManager:220 - loadIPPluginJar : add genericplugin
2025-06-12 19:59:02,549 [INFO] IPUIPlugin:80 - create IPUIPlugin
2025-06-12 19:59:02,549 [INFO] PluginManager:220 - loadIPPluginJar : add cryp
2025-06-12 19:59:02,551 [INFO] IPUIPlugin:80 - create IPUIPlugin
2025-06-12 19:59:02,551 [INFO] PluginManager:220 - loadIPPluginJar : add gpio
2025-06-12 19:59:02,552 [INFO] IPUIPlugin:80 - create IPUIPlugin
2025-06-12 19:59:02,552 [INFO] PluginManager:220 - loadIPPluginJar : add ddr_ctrl_phy
2025-06-12 19:59:02,553 [INFO] IPUIPlugin:80 - create IPUIPlugin
2025-06-12 19:59:02,555 [INFO] PluginManager:220 - loadIPPluginJar : add comp
2025-06-12 19:59:02,556 [INFO] IPUIPlugin:80 - create IPUIPlugin
2025-06-12 19:59:02,556 [INFO] PluginManager:220 - loadIPPluginJar : add tracer_emb
2025-06-12 19:59:02,558 [INFO] IPUIPlugin:80 - create IPUIPlugin
2025-06-12 19:59:02,558 [INFO] PluginManager:220 - loadIPPluginJar : add openamp
2025-06-12 19:59:02,561 [INFO] IPUIPlugin:80 - create IPUIPlugin
2025-06-12 19:59:02,561 [INFO] PluginManager:220 - loadIPPluginJar : add stm32_wpan
2025-06-12 19:59:02,564 [INFO] IPUIPlugin:80 - create IPUIPlugin
2025-06-12 19:59:02,565 [INFO] PluginManager:220 - loadIPPluginJar : add plateformsettings
2025-06-12 19:59:02,567 [INFO] IPUIPlugin:80 - create IPUIPlugin
2025-06-12 19:59:02,567 [INFO] PluginManager:220 - loadIPPluginJar : add ipddr
2025-06-12 19:59:02,568 [INFO] IPUIPlugin:80 - create IPUIPlugin
2025-06-12 19:59:02,568 [INFO] PluginManager:220 - loadIPPluginJar : add usart
2025-06-12 19:59:02,569 [INFO] IPUIPlugin:80 - create IPUIPlugin
2025-06-12 19:59:02,569 [INFO] PluginManager:220 - loadIPPluginJar : add ltdc
2025-06-12 19:59:02,570 [INFO] IPUIPlugin:80 - create IPUIPlugin
2025-06-12 19:59:02,570 [INFO] PluginManager:220 - loadIPPluginJar : add nvic
2025-06-12 19:59:02,571 [INFO] IPUIPlugin:80 - create IPUIPlugin
2025-06-12 19:59:02,571 [INFO] PluginManager:220 - loadIPPluginJar : add fatfs
2025-06-12 19:59:02,576 [INFO] IPUIPlugin:80 - create IPUIPlugin
2025-06-12 19:59:02,577 [INFO] PluginManager:220 - loadIPPluginJar : add linkedlist
2025-06-12 19:59:02,581 [INFO] IPUIPlugin:80 - create IPUIPlugin
2025-06-12 19:59:02,581 [INFO] PluginManager:220 - loadIPPluginJar : add dma
2025-06-12 19:59:02,583 [INFO] IPUIPlugin:80 - create IPUIPlugin
2025-06-12 19:59:02,583 [INFO] PluginManager:220 - loadIPPluginJar : add fmc
2025-06-12 19:59:02,584 [INFO] IPUIPlugin:80 - create IPUIPlugin
2025-06-12 19:59:02,584 [INFO] PluginManager:220 - loadIPPluginJar : add i2s
2025-06-12 19:59:02,585 [INFO] IPUIPlugin:80 - create IPUIPlugin
2025-06-12 19:59:02,585 [INFO] PluginManager:220 - loadIPPluginJar : add ucpd
2025-06-12 19:59:02,586 [INFO] IPUIPlugin:80 - create IPUIPlugin
2025-06-12 19:59:02,586 [INFO] PluginManager:220 - loadIPPluginJar : add lorawan
2025-06-12 19:59:02,587 [INFO] IPUIPlugin:80 - create IPUIPlugin
2025-06-12 19:59:02,587 [INFO] PluginManager:220 - loadIPPluginJar : add opamp
2025-06-12 19:59:02,589 [INFO] IPUIPlugin:80 - create IPUIPlugin
2025-06-12 19:59:02,589 [INFO] PluginManager:220 - loadIPPluginJar : add i3c
2025-06-12 19:59:02,590 [INFO] IPUIPlugin:80 - create IPUIPlugin
2025-06-12 19:59:02,590 [INFO] PluginManager:220 - loadIPPluginJar : add touchsensing
2025-06-12 19:59:02,591 [INFO] IPUIPlugin:80 - create IPUIPlugin
2025-06-12 19:59:02,591 [INFO] PluginManager:220 - loadIPPluginJar : add i2c
2025-06-12 19:59:02,593 [INFO] IPUIPlugin:80 - create IPUIPlugin
2025-06-12 19:59:02,593 [INFO] PluginManager:220 - loadIPPluginJar : add resmgrutility
2025-06-12 19:59:02,595 [INFO] IPUIPlugin:80 - create IPUIPlugin
2025-06-12 19:59:02,595 [INFO] PluginManager:220 - loadIPPluginJar : add sai
2025-06-12 19:59:02,596 [INFO] IPUIPlugin:80 - create IPUIPlugin
2025-06-12 19:59:02,597 [INFO] PluginManager:220 - loadIPPluginJar : add usbx
2025-06-12 19:59:02,707 [FATAL] Updater:351 - Updater called before beeing initialized
2025-06-12 19:59:02,748 [INFO] RulesReader:64 - Compatibility file has been processed (302 Rules)
2025-06-12 19:59:02,764 [INFO] RulesReader:64 - Compatibility file has been processed (302 Rules)
2025-06-12 19:59:02,776 [INFO] CADModel:165 - CPN selected for project level
2025-06-12 19:59:02,776 [INFO] CADModel:114 - Register for checkConnection events
2025-06-12 19:59:02,776 [FATAL] Updater:351 - Updater called before beeing initialized
2025-06-12 19:59:02,776 [ERROR] CADModel:125 - Updater not yet initialized, retry later 
2025-06-12 19:59:02,990 [FATAL] Updater:351 - Updater called before beeing initialized
2025-06-12 19:59:02,992 [INFO] CADModel:165 - CPN selected for project level
2025-06-12 19:59:02,992 [INFO] CADModel:114 - Register for checkConnection events
2025-06-12 19:59:02,993 [FATAL] Updater:351 - Updater called before beeing initialized
2025-06-12 19:59:02,993 [ERROR] CADModel:125 - Updater not yet initialized, retry later 
2025-06-12 19:59:02,996 [FATAL] Updater:351 - Updater called before beeing initialized
2025-06-12 19:59:03,130 [FATAL] Updater:351 - Updater called before beeing initialized
2025-06-12 19:59:03,135 [INFO] DbMcusAds:53 - JSON generation date=Wed May 07 11:07:55 CEST 2025 (1746608875484)
2025-06-12 19:59:03,135 [FATAL] Updater:351 - Updater called before beeing initialized
2025-06-12 19:59:03,189 [WARN] DetailPanel:346 - Failed to get advertising image, set to default
2025-06-12 19:59:03,374 [FATAL] Updater:351 - Updater called before beeing initialized
2025-06-12 19:59:03,377 [FATAL] Updater:351 - Updater called before beeing initialized
2025-06-12 19:59:03,377 [FATAL] Updater:351 - Updater called before beeing initialized
2025-06-12 19:59:03,378 [WARN] DetailPanel:346 - Failed to get advertising image, set to default
2025-06-12 19:59:03,383 [FATAL] Updater:351 - Updater called before beeing initialized
2025-06-12 19:59:03,441 [ERROR] Updater:1198 - MainUpdater not yet initialized. External WinMGr cannot be set.
2025-06-12 19:59:03,445 [INFO] Updater:1134 - Updater Version found : 6.14.1
2025-06-12 19:59:03,458 [INFO] ApplicationProperties:184 - Using Application install path: /Applications/STM32CubeIDE.app/Contents/Eclipse/plugins/com.st.stm32cube.common.mx_6.14.1.202504091515
2025-06-12 19:59:03,832 [INFO] MainUpdater:2872 - connection check result : 10
2025-06-12 19:59:03,833 [INFO] MainUpdater:289 - Updater Check For Update Now.
2025-06-12 19:59:03,833 [INFO] MicroXplorer:498 - Change Database Version : DB.6.0.141
2025-06-12 19:59:03,837 [INFO] McuFinderGlobals:63 - Set McuFinder mode to 2 (CubeIDE integrated)
2025-06-12 19:59:03,840 [INFO] UserAuth:484 - Internet connection configuration mode: 1
2025-06-12 19:59:03,853 [INFO] JxBrowserEngine:152 - Initiate JxBrowser Engine with user profile folder
2025-06-12 19:59:04,043 [INFO] CheckServerUpdateThread:120 - End of CheckServer Thread
2025-06-12 19:59:05,257 [WARN] PackLoader:240 - Cannot read IP mode file for STMicroelectronics.FP-SNS-MOTENVWB1.1.4.0
2025-06-12 19:59:05,277 [WARN] PackLoader:240 - Cannot read IP mode file for STMicroelectronics.FP-ATR-ASTRA1.2.0.2
2025-06-12 19:59:05,286 [WARN] PackLoader:240 - Cannot read IP mode file for STMicroelectronics.FP-ATR-ASTRA1.2.0.1
2025-06-12 19:59:05,295 [WARN] PackLoader:240 - Cannot read IP mode file for STMicroelectronics.X-CUBE-SMBUS.2.1.0
2025-06-12 19:59:05,305 [WARN] PackLoader:240 - Cannot read IP mode file for STMicroelectronics.X-CUBE-WB05N.1.1.0
2025-06-12 19:59:05,313 [WARN] PackLoader:240 - Cannot read IP mode file for STMicroelectronics.X-CUBE-ST60.1.0.0
2025-06-12 19:59:05,363 [WARN] PackLoader:240 - Cannot read IP mode file for STMicroelectronics.X-CUBE-AZRTOS-F7.1.1.0
2025-06-12 19:59:05,383 [WARN] PackLoader:240 - Cannot read IP mode file for STMicroelectronics.FP-SNS-FLIGHT1.5.0.2
2025-06-12 19:59:05,439 [WARN] PackLoader:240 - Cannot read IP mode file for Infineon.AIROC-Wi-Fi-Bluetooth-STM32.1.7.0
2025-06-12 19:59:05,479 [WARN] PackLoader:240 - Cannot read IP mode file for STMicroelectronics.X-CUBE-DISPLAY.3.0.0
2025-06-12 19:59:05,504 [WARN] PackLoader:240 - Cannot read IP mode file for STMicroelectronics.X-CUBE-BLE1.7.0.0
2025-06-12 19:59:05,517 [WARN] PackLoader:240 - Cannot read IP mode file for STMicroelectronics.X-CUBE-NFC10.1.0.0
2025-06-12 19:59:05,543 [WARN] PackLoader:240 - Cannot read IP mode file for STMicroelectronics.X-CUBE-BLEMGR.4.0.0
2025-06-12 19:59:05,571 [WARN] PackLoader:240 - Cannot read IP mode file for emotas.I-CUBE-CANOPEN.1.3.0
2025-06-12 19:59:05,580 [WARN] PackLoader:240 - Cannot read IP mode file for STMicroelectronics.X-CUBE-AI.10.0.0
2025-06-12 19:59:05,589 [WARN] PackLoader:240 - Cannot read IP mode file for STMicroelectronics.FP-SNS-SMARTAG2.1.2.0
2025-06-12 19:59:05,596 [WARN] PackLoader:240 - Cannot read IP mode file for STMicroelectronics.FP-SNS-FLIGHT1.5.1.0
2025-06-12 19:59:05,708 [WARN] PackLoader:240 - Cannot read IP mode file for STMicroelectronics.X-CUBE-MEMS1.11.1.0
2025-06-12 19:59:06,287 [INFO] LogOutputStream:77 - [STDOUT_REDIRECT] 1 : Invalid condition id : UX_CORESTACK_Condition cause : null
2025-06-12 19:59:06,301 [INFO] LogOutputStream:77 - [STDOUT_REDIRECT] 1 : Invalid condition id : UX_CORESTACK_Condition cause : null
2025-06-12 19:59:06,302 [INFO] LogOutputStream:77 - [STDOUT_REDIRECT] 1 : Invalid condition id : UX_CORESTACK_Condition cause : null
2025-06-12 19:59:06,302 [INFO] LogOutputStream:77 - [STDOUT_REDIRECT] 1 : Invalid condition id : UX_CORESTACK_Condition cause : null
2025-06-12 19:59:06,302 [INFO] LogOutputStream:77 - [STDOUT_REDIRECT] 1 : Invalid condition id : UX_CORESTACK_Condition cause : null
2025-06-12 19:59:06,311 [WARN] PackLoader:240 - Cannot read IP mode file for STMicroelectronics.X-CUBE-AZRTOS-WL.2.0.0
2025-06-12 19:59:06,346 [WARN] PackLoader:240 - Cannot read IP mode file for STMicroelectronics.FP-SNS-MOTENV1.5.0.0
2025-06-12 19:59:06,352 [WARN] PackLoader:240 - Cannot read IP mode file for wolfSSL.I-CUBE-wolfMQTT.1.19.0
2025-06-12 19:59:06,369 [WARN] PackLoader:240 - Cannot read IP mode file for WES.I-CUBE-Cesium.1.3.0
2025-06-12 19:59:06,382 [WARN] PackLoader:240 - Cannot read IP mode file for STMicroelectronics.X-CUBE-BLE2.3.3.0
2025-06-12 19:59:06,391 [WARN] PackLoader:240 - Cannot read IP mode file for STMicroelectronics.X-CUBE-NFC9.1.0.0
2025-06-12 19:59:06,398 [WARN] PackLoader:240 - Cannot read IP mode file for STMicroelectronics.X-CUBE-BLE1.7.1.0
2025-06-12 19:59:06,403 [WARN] PackLoader:240 - Cannot read IP mode file for STMicroelectronics.X-CUBE-AI.10.1.0
2025-06-12 19:59:06,500 [WARN] PackLoader:240 - Cannot read IP mode file for STMicroelectronics.X-CUBE-MEMS1.11.2.0
2025-06-12 19:59:06,660 [WARN] PackLoader:240 - Cannot read IP mode file for STMicroelectronics.X-CUBE-AZRTOS-G0.1.1.0
2025-06-12 19:59:06,689 [WARN] PackLoader:240 - Cannot read IP mode file for STMicroelectronics.X-CUBE-SAFEA1.1.2.2
2025-06-12 19:59:06,699 [WARN] PackLoader:240 - Cannot read IP mode file for STMicroelectronics.X-CUBE-NFC4.3.0.0
2025-06-12 19:59:06,717 [WARN] PackLoader:240 - Cannot read IP mode file for EmbeddedOffice.I-CUBE-FS-RTOS.1.0.1
2025-06-12 19:59:06,748 [WARN] PackLoader:240 - Cannot read IP mode file for STMicroelectronics.X-CUBE-WB05N.2.0.0
2025-06-12 19:59:06,771 [WARN] PackLoader:240 - Cannot read IP mode file for STMicroelectronics.X-CUBE-TCPP.4.2.0
2025-06-12 19:59:06,787 [WARN] PackLoader:240 - Cannot read IP mode file for RealThread.X-CUBE-RT-Thread_Nano.4.1.1
2025-06-12 19:59:06,795 [WARN] PackLoader:240 - Cannot read IP mode file for STMicroelectronics.FP-ATR-SIGFOX1.3.2.0
2025-06-12 19:59:06,802 [WARN] ConditionMgr:438 - getConditionDescription Invalid condition id : Cortex-A Device cause : null
2025-06-12 19:59:06,845 [WARN] ConditionMgr:1044 - genDependencies : Invalid condition id : Cortex-A Device cause : null
2025-06-12 19:59:06,845 [WARN] ConditionMgr:1044 - genDependencies : Invalid condition id : Cortex-A Device cause : null
2025-06-12 19:59:06,845 [WARN] ConditionMgr:1044 - genDependencies : Invalid condition id : Cortex-A Device cause : null
2025-06-12 19:59:06,859 [WARN] PackLoader:240 - Cannot read IP mode file for STMicroelectronics.X-CUBE-EEPRMA1.5.1.0
2025-06-12 19:59:06,880 [WARN] PackLoader:240 - Cannot read IP mode file for wolfSSL.I-CUBE-wolfSSL.5.7.6
2025-06-12 19:59:06,893 [WARN] PackLoader:240 - Cannot read IP mode file for ITTIA_DB.I-CUBE-ITTIADB.8.9.0
2025-06-12 19:59:06,904 [WARN] PackLoader:240 - Cannot read IP mode file for STMicroelectronics.X-CUBE-ST67W61.1.0.0
2025-06-12 19:59:06,984 [WARN] PackLoader:240 - Cannot read IP mode file for SEGGER.I-CUBE-embOS.1.3.1
2025-06-12 19:59:07,033 [WARN] PackLoader:240 - Cannot read IP mode file for STMicroelectronics.X-CUBE-ALGOBUILD.1.4.0
2025-06-12 19:59:07,096 [WARN] PackLoader:240 - Cannot read IP mode file for STMicroelectronics.X-CUBE-MEMS1.11.3.0
2025-06-12 19:59:07,420 [WARN] PackLoader:240 - Cannot read IP mode file for STMicroelectronics.X-CUBE-AZRTOS-F4.1.1.0
2025-06-12 19:59:07,457 [WARN] PackLoader:240 - Cannot read IP mode file for Avnet-IotConnect.X-CUBE-IoTC-DA16k-PMOD.1.0.0
2025-06-12 19:59:07,462 [WARN] PackLoader:240 - Cannot read IP mode file for STMicroelectronics.X-CUBE-ISPU.2.1.0
2025-06-12 19:59:07,483 [WARN] PackLoader:240 - Cannot read IP mode file for STMicroelectronics.X-CUBE-AZRTOS-L5.2.0.0
2025-06-12 19:59:07,495 [WARN] PackLoader:240 - Cannot read IP mode file for STMicroelectronics.X-CUBE-NFC6.3.1.0
2025-06-12 19:59:07,503 [WARN] PackLoader:240 - Cannot read IP mode file for STMicroelectronics.X-CUBE-DPower.1.2.0
2025-06-12 19:59:07,510 [WARN] PackLoader:240 - Cannot read IP mode file for STMicroelectronics.X-CUBE-FREERTOS.1.3.1
2025-06-12 19:59:07,517 [WARN] PackLoader:240 - Cannot read IP mode file for STMicroelectronics.X-CUBE-FREERTOS.1.3.0
2025-06-12 19:59:07,524 [WARN] PackLoader:240 - Cannot read IP mode file for STMicroelectronics.X-CUBE-NFC7.1.0.1
2025-06-12 19:59:07,532 [WARN] PackLoader:240 - Cannot read IP mode file for STMicroelectronics.X-CUBE-DPower.1.3.0
2025-06-12 19:59:07,550 [WARN] ConditionMgr:438 - getConditionDescription Invalid condition id : LAN8742 Phy interface Condition cause : null
2025-06-12 19:59:07,551 [WARN] PackLoader:240 - Cannot read IP mode file for STMicroelectronics.X-CUBE-AZRTOS-L4.2.0.0
2025-06-12 19:59:07,553 [WARN] ConditionMgr:1044 - genDependencies : Invalid condition id : LAN8742 Phy interface Condition cause : null
2025-06-12 19:59:07,553 [WARN] ConditionMgr:1044 - genDependencies : Invalid condition id : LAN8742 Phy interface Condition cause : null
2025-06-12 19:59:07,554 [WARN] ConditionMgr:1044 - genDependencies : Invalid condition id : LAN8742 Phy interface Condition cause : null
2025-06-12 19:59:07,567 [WARN] PackLoader:240 - Cannot read IP mode file for STMicroelectronics.X-CUBE-SFXS2LP1.4.0.0
2025-06-12 19:59:07,592 [WARN] PackLoader:240 - Cannot read IP mode file for STMicroelectronics.X-CUBE-AZRTOS-H7.3.3.0
2025-06-12 19:59:07,606 [WARN] ConditionMgr:438 - getConditionDescription Invalid condition id : UX DEVICE CLASS RTOS Condition cause : null
2025-06-12 19:59:07,606 [WARN] ConditionMgr:438 - getConditionDescription Invalid condition id : UX DEVICE CLASS RTOS Condition cause : null
2025-06-12 19:59:07,609 [WARN] PackLoader:240 - Cannot read IP mode file for STMicroelectronics.X-CUBE-AZRTOS-WB.2.0.0
2025-06-12 19:59:07,610 [WARN] ConditionMgr:1044 - genDependencies : Invalid condition id : UX DEVICE CLASS RTOS Condition cause : null
2025-06-12 19:59:07,610 [WARN] ConditionMgr:1044 - genDependencies : Invalid condition id : UX DEVICE CLASS RTOS Condition cause : null
2025-06-12 19:59:07,611 [WARN] ConditionMgr:1044 - genDependencies : Invalid condition id : UX DEVICE CLASS RTOS Condition cause : null
2025-06-12 19:59:07,611 [WARN] ConditionMgr:1044 - genDependencies : Invalid condition id : UX DEVICE CLASS RTOS Condition cause : null
2025-06-12 19:59:07,611 [WARN] ConditionMgr:1044 - genDependencies : Invalid condition id : UX DEVICE CLASS RTOS Condition cause : null
2025-06-12 19:59:07,617 [WARN] PackLoader:240 - Cannot read IP mode file for STMicroelectronics.X-CUBE-GNSS1.7.0.1
2025-06-12 19:59:07,632 [WARN] PackLoader:240 - Cannot read IP mode file for STMicroelectronics.X-CUBE-TOUCHGFX.4.25.0
2025-06-12 19:59:07,638 [WARN] PackLoader:240 - Cannot read IP mode file for STMicroelectronics.FP-SNS-STBOX1.2.0.0
2025-06-12 19:59:07,647 [WARN] PackLoader:240 - Cannot read IP mode file for STMicroelectronics.X-CUBE-SUBG2.5.0.0
2025-06-12 19:59:07,673 [WARN] PackLoader:240 - Cannot read IP mode file for STMicroelectronics.X-CUBE-AZRTOS-H7RS.1.1.0
2025-06-12 19:59:07,680 [WARN] PackLoader:240 - Cannot read IP mode file for Cesanta.I-CUBE-Mongoose.7.13.0
2025-06-12 19:59:07,692 [WARN] PackLoader:240 - Cannot read IP mode file for STMicroelectronics.X-CUBE-AZRTOS-G4.2.0.0
2025-06-12 19:59:07,708 [WARN] PackLoader:240 - Cannot read IP mode file for STMicroelectronics.X-CUBE-NFC7.2.0.0
2025-06-12 19:59:07,735 [WARN] PackLoader:240 - Cannot read IP mode file for STMicroelectronics.X-CUBE-IPS.3.1.0
2025-06-12 19:59:07,750 [WARN] PackLoader:240 - Cannot read IP mode file for STMicroelectronics.X-CUBE-ALS.1.0.2
2025-06-12 19:59:07,754 [WARN] PackLoader:240 - Cannot read IP mode file for STMicroelectronics.X-CUBE-TOUCHGFX.4.24.2
2025-06-12 19:59:07,760 [WARN] PackLoader:240 - Cannot read IP mode file for wolfSSL.I-CUBE-wolfTPM.3.4.0
2025-06-12 19:59:07,770 [WARN] PackLoader:240 - Cannot read IP mode file for portGmbH.I-Cube-SoM-uGOAL.1.1.0
2025-06-12 19:59:07,791 [WARN] PackLoader:240 - Cannot read IP mode file for STMicroelectronics.X-CUBE-AZRTOS-H7RS.1.0.0
2025-06-12 19:59:07,831 [WARN] PackLoader:240 - Cannot read IP mode file for STMicroelectronics.X-CUBE-TOF1.3.4.2
2025-06-12 19:59:07,874 [WARN] PackLoader:240 - Cannot read IP mode file for STMicroelectronics.X-CUBE-TOF1.3.4.3
2025-06-12 19:59:07,887 [WARN] PackLoader:240 - Cannot read IP mode file for wolfSSL.I-CUBE-wolfSSH.1.4.17
2025-06-12 19:59:07,911 [INFO] ThirdParty:978 - Integrity check success = true
2025-06-12 19:59:07,911 [INFO] IntegrityCheckThread:100 - exiting critical section [integrity check]
2025-06-12 19:59:07,912 [INFO] IntegrityCheckThread:103 - End integrity checks thread
2025-06-12 19:59:08,223 [INFO] WebApp:169 - Instantiating new browser for Auth
2025-06-12 19:59:09,414 [INFO] WebApp:463 - Apply proxy settings
2025-06-12 19:59:09,429 [INFO] WebApp:508 - Chromium authenticates against Manually configured proxy
2025-06-12 19:59:09,445 [INFO] WebApp:516 - Username used for proxy authentication: 
2025-06-12 19:59:09,486 [INFO] WebApp:894 - Register for checkConnection events
2025-06-12 19:59:09,486 [INFO] WebApp:463 - Apply proxy settings
2025-06-12 19:59:09,490 [INFO] WebApp:508 - Chromium authenticates against Manually configured proxy
2025-06-12 19:59:09,490 [INFO] WebApp:516 - Username used for proxy authentication: 
2025-06-12 19:59:09,631 [INFO] WebApp:225 - Starting web application
2025-06-12 19:59:09,632 [INFO] WebApp:593 - Web application path used /Applications/STM32CubeIDE.app/Contents/Eclipse/plugins/com.st.stm32cube.common.mx_6.14.1.202504091515/db/plugins/mcufinder/reactClient1/index.html
2025-06-12 19:59:10,146 [INFO] WebApp:191 - Connection restablished
2025-06-12 19:59:10,201 [INFO] UserAuth:484 - Internet connection configuration mode: 1
2025-06-12 20:24:13,653 [INFO] WebApp:194 - Connection lost
2025-06-12 20:24:14,272 [INFO] WebApp:191 - Connection restablished
